{"C:\\Users\\RobertoCarlosZuñigaA\\Documents\\ROCCA ARCHIVOS\\Desarrollo\\PROYECTOS DESAROLLOS\\KPITAL 360\\NewKipital\\api\\src\\app.module.ts": {"path":"C:\\Users\\RobertoCarlosZuñigaA\\Documents\\ROCCA ARCHIVOS\\Desarrollo\\PROYECTOS DESAROLLOS\\KPITAL 360\\NewKipital\\api\\src\\app.module.ts","statementMap":{"0":{"start":{"line":1,"column":0},"end":{"line":1,"column":40}},"1":{"start":{"line":2,"column":0},"end":{"line":2,"column":41}},"2":{"start":{"line":3,"column":0},"end":{"line":3,"column":46}},"3":{"start":{"line":4,"column":0},"end":{"line":4,"column":48}},"4":{"start":{"line":5,"column":0},"end":{"line":5,"column":59}},"5":{"start":{"line":6,"column":0},"end":{"line":6,"column":58}},"6":{"start":{"line":7,"column":0},"end":{"line":7,"column":56}},"7":{"start":{"line":8,"column":0},"end":{"line":8,"column":71}},"8":{"start":{"line":9,"column":0},"end":{"line":9,"column":71}},"9":{"start":{"line":10,"column":0},"end":{"line":10,"column":91}},"10":{"start":{"line":11,"column":0},"end":{"line":11,"column":65}},"11":{"start":{"line":12,"column":0},"end":{"line":12,"column":85}},"12":{"start":{"line":13,"column":0},"end":{"line":13,"column":77}},"13":{"start":{"line":14,"column":0},"end":{"line":14,"column":83}},"14":{"start":{"line":15,"column":0},"end":{"line":15,"column":53}},"15":{"start":{"line":16,"column":0},"end":{"line":16,"column":62}},"16":{"start":{"line":17,"column":0},"end":{"line":17,"column":55}},"17":{"start":{"line":18,"column":0},"end":{"line":18,"column":69}},"18":{"start":{"line":41,"column":7},"end":{"line":41,"column":null}},"19":{"start":{"line":41,"column":13},"end":{"line":41,"column":22}},"20":{"start":{"line":41,"column":13},"end":{"line":41,"column":null}}},"fnMap":{},"branchMap":{},"s":{"0":0,"1":0,"2":0,"3":0,"4":0,"5":0,"6":0,"7":0,"8":0,"9":0,"10":0,"11":0,"12":0,"13":0,"14":0,"15":0,"16":0,"17":0,"18":0,"19":0,"20":0},"f":{},"b":{}}
,"C:\\Users\\RobertoCarlosZuñigaA\\Documents\\ROCCA ARCHIVOS\\Desarrollo\\PROYECTOS DESAROLLOS\\KPITAL 360\\NewKipital\\api\\src\\main.ts": {"path":"C:\\Users\\RobertoCarlosZuñigaA\\Documents\\ROCCA ARCHIVOS\\Desarrollo\\PROYECTOS DESAROLLOS\\KPITAL 360\\NewKipital\\api\\src\\main.ts","statementMap":{"0":{"start":{"line":1,"column":0},"end":{"line":1,"column":43}},"1":{"start":{"line":2,"column":0},"end":{"line":2,"column":86}},"2":{"start":{"line":3,"column":0},"end":{"line":3,"column":47}},"3":{"start":{"line":4,"column":0},"end":{"line":4,"column":41}},"4":{"start":{"line":5,"column":0},"end":{"line":5,"column":41}},"5":{"start":{"line":8,"column":27},"end":{"line":8,"column":29}},"6":{"start":{"line":10,"column":2},"end":{"line":17,"column":3}},"7":{"start":{"line":11,"column":4},"end":{"line":13,"column":5}},"8":{"start":{"line":12,"column":6},"end":{"line":12,"column":87}},"9":{"start":{"line":14,"column":4},"end":{"line":16,"column":5}},"10":{"start":{"line":15,"column":6},"end":{"line":15,"column":62}},"11":{"start":{"line":19,"column":2},"end":{"line":19,"column":16}},"12":{"start":{"line":23,"column":2},"end":{"line":33,"column":41}},"13":{"start":{"line":37,"column":14},"end":{"line":37,"column":49}},"14":{"start":{"line":39,"column":2},"end":{"line":39,"column":26}},"15":{"start":{"line":41,"column":24},"end":{"line":41,"column":46}},"16":{"start":{"line":42,"column":16},"end":{"line":42,"column":71}},"17":{"start":{"line":44,"column":25},"end":{"line":46,"column":65}},"18":{"start":{"line":48,"column":2},"end":{"line":52,"column":5}},"19":{"start":{"line":54,"column":2},"end":{"line":54,"column":29}},"20":{"start":{"line":56,"column":2},"end":{"line":68,"column":4}},"21":{"start":{"line":61,"column":55},"end":{"line":66,"column":8}},"22":{"start":{"line":70,"column":15},"end":{"line":70,"column":54}},"23":{"start":{"line":72,"column":2},"end":{"line":72,"column":25}},"24":{"start":{"line":74,"column":0},"end":{"line":74,"column":12}}},"fnMap":{"0":{"name":"flattenValidationErrors","decl":{"start":{"line":7,"column":9},"end":{"line":7,"column":32}},"loc":{"start":{"line":7,"column":58},"end":{"line":20,"column":1}}},"1":{"name":"translateValidationMessage","decl":{"start":{"line":22,"column":9},"end":{"line":22,"column":35}},"loc":{"start":{"line":22,"column":51},"end":{"line":34,"column":1}}},"2":{"name":"bootstrap","decl":{"start":{"line":36,"column":15},"end":{"line":36,"column":24}},"loc":{"start":{"line":36,"column":24},"end":{"line":73,"column":1}}},"3":{"name":"(anonymous_4)","decl":{"start":{"line":61,"column":24},"end":{"line":61,"column":25}},"loc":{"start":{"line":61,"column":55},"end":{"line":66,"column":8}}}},"branchMap":{"0":{"loc":{"start":{"line":11,"column":4},"end":{"line":13,"column":5}},"type":"if","locations":[{"start":{"line":11,"column":4},"end":{"line":13,"column":5}},{"start":{},"end":{}}]},"1":{"loc":{"start":{"line":14,"column":4},"end":{"line":16,"column":5}},"type":"if","locations":[{"start":{"line":14,"column":4},"end":{"line":16,"column":5}},{"start":{},"end":{}}]},"2":{"loc":{"start":{"line":44,"column":25},"end":{"line":46,"column":65}},"type":"cond-expr","locations":[{"start":{"line":45,"column":6},"end":{"line":45,"column":56}},{"start":{"line":46,"column":6},"end":{"line":46,"column":65}}]}},"s":{"0":0,"1":0,"2":0,"3":0,"4":0,"5":0,"6":0,"7":0,"8":0,"9":0,"10":0,"11":0,"12":0,"13":0,"14":0,"15":0,"16":0,"17":0,"18":0,"19":0,"20":0,"21":0,"22":0,"23":0,"24":0},"f":{"0":0,"1":0,"2":0,"3":0},"b":{"0":[0,0],"1":[0,0],"2":[0,0]}}
,"C:\\Users\\RobertoCarlosZuñigaA\\Documents\\ROCCA ARCHIVOS\\Desarrollo\\PROYECTOS DESAROLLOS\\KPITAL 360\\NewKipital\\api\\src\\typeorm.config.ts": {"path":"C:\\Users\\RobertoCarlosZuñigaA\\Documents\\ROCCA ARCHIVOS\\Desarrollo\\PROYECTOS DESAROLLOS\\KPITAL 360\\NewKipital\\api\\src\\typeorm.config.ts","statementMap":{"0":{"start":{"line":1,"column":0},"end":{"line":1,"column":23}},"1":{"start":{"line":2,"column":0},"end":{"line":2,"column":37}},"2":{"start":{"line":8,"column":0},"end":{"line":30,"column":3}}},"fnMap":{},"branchMap":{"0":{"loc":{"start":{"line":10,"column":8},"end":{"line":10,"column":42}},"type":"binary-expr","locations":[{"start":{"line":10,"column":8},"end":{"line":10,"column":27}},{"start":{"line":10,"column":31},"end":{"line":10,"column":42}}]},"1":{"loc":{"start":{"line":11,"column":17},"end":{"line":11,"column":46}},"type":"binary-expr","locations":[{"start":{"line":11,"column":17},"end":{"line":11,"column":36}},{"start":{"line":11,"column":40},"end":{"line":11,"column":46}}]},"2":{"loc":{"start":{"line":12,"column":12},"end":{"line":12,"column":45}},"type":"binary-expr","locations":[{"start":{"line":12,"column":12},"end":{"line":12,"column":35}},{"start":{"line":12,"column":39},"end":{"line":12,"column":45}}]},"3":{"loc":{"start":{"line":13,"column":12},"end":{"line":13,"column":41}},"type":"binary-expr","locations":[{"start":{"line":13,"column":12},"end":{"line":13,"column":35}},{"start":{"line":13,"column":39},"end":{"line":13,"column":41}}]},"4":{"loc":{"start":{"line":14,"column":12},"end":{"line":14,"column":50}},"type":"binary-expr","locations":[{"start":{"line":14,"column":12},"end":{"line":14,"column":35}},{"start":{"line":14,"column":39},"end":{"line":14,"column":50}}]},"5":{"loc":{"start":{"line":19,"column":21},"end":{"line":19,"column":53}},"type":"binary-expr","locations":[{"start":{"line":19,"column":21},"end":{"line":19,"column":45}},{"start":{"line":19,"column":49},"end":{"line":19,"column":53}}]},"6":{"loc":{"start":{"line":22,"column":30},"end":{"line":22,"column":62}},"type":"binary-expr","locations":[{"start":{"line":22,"column":30},"end":{"line":22,"column":54}},{"start":{"line":22,"column":58},"end":{"line":22,"column":62}}]},"7":{"loc":{"start":{"line":23,"column":22},"end":{"line":23,"column":58}},"type":"binary-expr","locations":[{"start":{"line":23,"column":22},"end":{"line":23,"column":50}},{"start":{"line":23,"column":54},"end":{"line":23,"column":58}}]},"8":{"loc":{"start":{"line":24,"column":26},"end":{"line":24,"column":73}},"type":"binary-expr","locations":[{"start":{"line":24,"column":26},"end":{"line":24,"column":61}},{"start":{"line":24,"column":65},"end":{"line":24,"column":73}}]},"9":{"loc":{"start":{"line":26,"column":29},"end":{"line":26,"column":73}},"type":"binary-expr","locations":[{"start":{"line":26,"column":29},"end":{"line":26,"column":62}},{"start":{"line":26,"column":66},"end":{"line":26,"column":73}}]}},"s":{"0":0,"1":0,"2":0},"f":{},"b":{"0":[0,0],"1":[0,0],"2":[0,0],"3":[0,0],"4":[0,0],"5":[0,0],"6":[0,0],"7":[0,0],"8":[0,0],"9":[0,0]}}
,"C:\\Users\\RobertoCarlosZuñigaA\\Documents\\ROCCA ARCHIVOS\\Desarrollo\\PROYECTOS DESAROLLOS\\KPITAL 360\\NewKipital\\api\\src\\common\\constants\\apps.ts": {"path":"C:\\Users\\RobertoCarlosZuñigaA\\Documents\\ROCCA ARCHIVOS\\Desarrollo\\PROYECTOS DESAROLLOS\\KPITAL 360\\NewKipital\\api\\src\\common\\constants\\apps.ts","statementMap":{"0":{"start":{"line":6,"column":0},"end":{"line":6,"column":null}},"1":{"start":{"line":7,"column":2},"end":{"line":7,"column":null}},"2":{"start":{"line":8,"column":2},"end":{"line":8,"column":null}},"3":{"start":{"line":11,"column":13},"end":{"line":11,"column":51}}},"fnMap":{"0":{"name":"(anonymous_0)","decl":{"start":{"line":6,"column":0},"end":{"line":6,"column":12}},"loc":{"start":{"line":6,"column":23},"end":{"line":9,"column":1}}}},"branchMap":{"0":{"loc":{"start":{"line":6,"column":12},"end":{"line":6,"column":null}},"type":"binary-expr","locations":[{"start":{"line":6,"column":12},"end":{"line":6,"column":23}},{"start":{"line":6,"column":23},"end":{"line":6,"column":null}}]}},"s":{"0":0,"1":0,"2":0,"3":0},"f":{"0":0},"b":{"0":[0,0]}}
,"C:\\Users\\RobertoCarlosZuñigaA\\Documents\\ROCCA ARCHIVOS\\Desarrollo\\PROYECTOS DESAROLLOS\\KPITAL 360\\NewKipital\\api\\src\\common\\decorators\\allow-without-company.decorator.ts": {"path":"C:\\Users\\RobertoCarlosZuñigaA\\Documents\\ROCCA ARCHIVOS\\Desarrollo\\PROYECTOS DESAROLLOS\\KPITAL 360\\NewKipital\\api\\src\\common\\decorators\\allow-without-company.decorator.ts","statementMap":{"0":{"start":{"line":1,"column":0},"end":{"line":1,"column":45}},"1":{"start":{"line":3,"column":13},"end":{"line":3,"column":65}},"2":{"start":{"line":5,"column":35},"end":{"line":5,"column":85}},"3":{"start":{"line":5,"column":41},"end":{"line":5,"column":85}},"4":{"start":{"line":5,"column":13},"end":{"line":5,"column":35}}},"fnMap":{"0":{"name":"(anonymous_0)","decl":{"start":{"line":5,"column":35},"end":{"line":5,"column":38}},"loc":{"start":{"line":5,"column":41},"end":{"line":5,"column":85}}}},"branchMap":{},"s":{"0":1,"1":1,"2":1,"3":0,"4":1},"f":{"0":0},"b":{}}
,"C:\\Users\\RobertoCarlosZuñigaA\\Documents\\ROCCA ARCHIVOS\\Desarrollo\\PROYECTOS DESAROLLOS\\KPITAL 360\\NewKipital\\api\\src\\common\\decorators\\current-user.decorator.ts": {"path":"C:\\Users\\RobertoCarlosZuñigaA\\Documents\\ROCCA ARCHIVOS\\Desarrollo\\PROYECTOS DESAROLLOS\\KPITAL 360\\NewKipital\\api\\src\\common\\decorators\\current-user.decorator.ts","statementMap":{"0":{"start":{"line":1,"column":0},"end":{"line":1,"column":72}},"1":{"start":{"line":8,"column":13},"end":{"line":13,"column":2}},"2":{"start":{"line":10,"column":20},"end":{"line":10,"column":51}},"3":{"start":{"line":11,"column":4},"end":{"line":11,"column":24}}},"fnMap":{"0":{"name":"(anonymous_0)","decl":{"start":{"line":9,"column":2},"end":{"line":9,"column":3}},"loc":{"start":{"line":9,"column":44},"end":{"line":12,"column":3}}}},"branchMap":{},"s":{"0":0,"1":0,"2":0,"3":0},"f":{"0":0},"b":{}}
,"C:\\Users\\RobertoCarlosZuñigaA\\Documents\\ROCCA ARCHIVOS\\Desarrollo\\PROYECTOS DESAROLLOS\\KPITAL 360\\NewKipital\\api\\src\\common\\decorators\\public.decorator.ts": {"path":"C:\\Users\\RobertoCarlosZuñigaA\\Documents\\ROCCA ARCHIVOS\\Desarrollo\\PROYECTOS DESAROLLOS\\KPITAL 360\\NewKipital\\api\\src\\common\\decorators\\public.decorator.ts","statementMap":{"0":{"start":{"line":1,"column":0},"end":{"line":1,"column":45}},"1":{"start":{"line":3,"column":13},"end":{"line":3,"column":40}},"2":{"start":{"line":8,"column":22},"end":{"line":8,"column":60}},"3":{"start":{"line":8,"column":28},"end":{"line":8,"column":60}},"4":{"start":{"line":8,"column":13},"end":{"line":8,"column":22}}},"fnMap":{"0":{"name":"(anonymous_0)","decl":{"start":{"line":8,"column":22},"end":{"line":8,"column":25}},"loc":{"start":{"line":8,"column":28},"end":{"line":8,"column":60}}}},"branchMap":{},"s":{"0":0,"1":0,"2":0,"3":0,"4":0},"f":{"0":0},"b":{}}
,"C:\\Users\\RobertoCarlosZuñigaA\\Documents\\ROCCA ARCHIVOS\\Desarrollo\\PROYECTOS DESAROLLOS\\KPITAL 360\\NewKipital\\api\\src\\common\\decorators\\require-app.decorator.ts": {"path":"C:\\Users\\RobertoCarlosZuñigaA\\Documents\\ROCCA ARCHIVOS\\Desarrollo\\PROYECTOS DESAROLLOS\\KPITAL 360\\NewKipital\\api\\src\\common\\decorators\\require-app.decorator.ts","statementMap":{"0":{"start":{"line":1,"column":0},"end":{"line":1,"column":45}},"1":{"start":{"line":4,"column":13},"end":{"line":4,"column":44}},"2":{"start":{"line":10,"column":26},"end":{"line":10,"column":81}},"3":{"start":{"line":10,"column":48},"end":{"line":10,"column":81}},"4":{"start":{"line":10,"column":13},"end":{"line":10,"column":26}}},"fnMap":{"0":{"name":"(anonymous_0)","decl":{"start":{"line":10,"column":26},"end":{"line":10,"column":27}},"loc":{"start":{"line":10,"column":48},"end":{"line":10,"column":81}}}},"branchMap":{},"s":{"0":0,"1":0,"2":0,"3":0,"4":0},"f":{"0":0},"b":{}}
,"C:\\Users\\RobertoCarlosZuñigaA\\Documents\\ROCCA ARCHIVOS\\Desarrollo\\PROYECTOS DESAROLLOS\\KPITAL 360\\NewKipital\\api\\src\\common\\decorators\\require-permissions.decorator.ts": {"path":"C:\\Users\\RobertoCarlosZuñigaA\\Documents\\ROCCA ARCHIVOS\\Desarrollo\\PROYECTOS DESAROLLOS\\KPITAL 360\\NewKipital\\api\\src\\common\\decorators\\require-permissions.decorator.ts","statementMap":{"0":{"start":{"line":1,"column":0},"end":{"line":1,"column":45}},"1":{"start":{"line":3,"column":13},"end":{"line":3,"column":60}},"2":{"start":{"line":10,"column":34},"end":{"line":11,"column":51}},"3":{"start":{"line":11,"column":2},"end":{"line":11,"column":51}},"4":{"start":{"line":10,"column":13},"end":{"line":10,"column":34}}},"fnMap":{"0":{"name":"(anonymous_0)","decl":{"start":{"line":10,"column":34},"end":{"line":10,"column":35}},"loc":{"start":{"line":11,"column":2},"end":{"line":11,"column":51}}}},"branchMap":{},"s":{"0":1,"1":1,"2":1,"3":0,"4":1},"f":{"0":0},"b":{}}
,"C:\\Users\\RobertoCarlosZuñigaA\\Documents\\ROCCA ARCHIVOS\\Desarrollo\\PROYECTOS DESAROLLOS\\KPITAL 360\\NewKipital\\api\\src\\common\\decorators\\skip-csrf.decorator.ts": {"path":"C:\\Users\\RobertoCarlosZuñigaA\\Documents\\ROCCA ARCHIVOS\\Desarrollo\\PROYECTOS DESAROLLOS\\KPITAL 360\\NewKipital\\api\\src\\common\\decorators\\skip-csrf.decorator.ts","statementMap":{"0":{"start":{"line":1,"column":0},"end":{"line":1,"column":45}},"1":{"start":{"line":3,"column":13},"end":{"line":3,"column":40}},"2":{"start":{"line":8,"column":24},"end":{"line":8,"column":62}},"3":{"start":{"line":8,"column":30},"end":{"line":8,"column":62}},"4":{"start":{"line":8,"column":13},"end":{"line":8,"column":24}}},"fnMap":{"0":{"name":"(anonymous_0)","decl":{"start":{"line":8,"column":24},"end":{"line":8,"column":27}},"loc":{"start":{"line":8,"column":30},"end":{"line":8,"column":62}}}},"branchMap":{},"s":{"0":0,"1":0,"2":0,"3":0,"4":0},"f":{"0":0},"b":{}}
,"C:\\Users\\RobertoCarlosZuñigaA\\Documents\\ROCCA ARCHIVOS\\Desarrollo\\PROYECTOS DESAROLLOS\\KPITAL 360\\NewKipital\\api\\src\\common\\events\\event-names.ts": {"path":"C:\\Users\\RobertoCarlosZuñigaA\\Documents\\ROCCA ARCHIVOS\\Desarrollo\\PROYECTOS DESAROLLOS\\KPITAL 360\\NewKipital\\api\\src\\common\\events\\event-names.ts","statementMap":{"0":{"start":{"line":6,"column":13},"end":{"line":42,"column":11}}},"fnMap":{},"branchMap":{},"s":{"0":3},"f":{},"b":{}}
,"C:\\Users\\RobertoCarlosZuñigaA\\Documents\\ROCCA ARCHIVOS\\Desarrollo\\PROYECTOS DESAROLLOS\\KPITAL 360\\NewKipital\\api\\src\\common\\guards\\app-access.guard.ts": {"path":"C:\\Users\\RobertoCarlosZuñigaA\\Documents\\ROCCA ARCHIVOS\\Desarrollo\\PROYECTOS DESAROLLOS\\KPITAL 360\\NewKipital\\api\\src\\common\\guards\\app-access.guard.ts","statementMap":{"0":{"start":{"line":1,"column":0},"end":{"line":1,"column":95}},"1":{"start":{"line":2,"column":0},"end":{"line":2,"column":41}},"2":{"start":{"line":3,"column":0},"end":{"line":3,"column":70}},"3":{"start":{"line":15,"column":7},"end":{"line":41,"column":null}},"4":{"start":{"line":16,"column":22},"end":{"line":16,"column":33}},"5":{"start":{"line":19,"column":24},"end":{"line":21,"column":null}},"6":{"start":{"line":24,"column":4},"end":{"line":24,"column":34}},"7":{"start":{"line":24,"column":22},"end":{"line":24,"column":34}},"8":{"start":{"line":26,"column":20},"end":{"line":26,"column":55}},"9":{"start":{"line":27,"column":17},"end":{"line":27,"column":29}},"10":{"start":{"line":29,"column":4},"end":{"line":31,"column":5}},"11":{"start":{"line":30,"column":6},"end":{"line":30,"column":72}},"12":{"start":{"line":33,"column":4},"end":{"line":37,"column":5}},"13":{"start":{"line":34,"column":6},"end":{"line":36,"column":8}},"14":{"start":{"line":39,"column":4},"end":{"line":39,"column":16}},"15":{"start":{"line":15,"column":13},"end":{"line":15,"column":27}},"16":{"start":{"line":15,"column":13},"end":{"line":41,"column":null}}},"fnMap":{"0":{"name":"(anonymous_2)","decl":{"start":{"line":16,"column":2},"end":{"line":16,"column":22}},"loc":{"start":{"line":16,"column":42},"end":{"line":16,"column":46}}},"1":{"name":"(anonymous_3)","decl":{"start":{"line":18,"column":2},"end":{"line":18,"column":13}},"loc":{"start":{"line":18,"column":39},"end":{"line":40,"column":3}}}},"branchMap":{"0":{"loc":{"start":{"line":24,"column":4},"end":{"line":24,"column":34}},"type":"if","locations":[{"start":{"line":24,"column":4},"end":{"line":24,"column":34}},{"start":{},"end":{}}]},"1":{"loc":{"start":{"line":29,"column":4},"end":{"line":31,"column":5}},"type":"if","locations":[{"start":{"line":29,"column":4},"end":{"line":31,"column":5}},{"start":{},"end":{}}]},"2":{"loc":{"start":{"line":29,"column":8},"end":{"line":29,"column":34}},"type":"binary-expr","locations":[{"start":{"line":29,"column":8},"end":{"line":29,"column":13}},{"start":{"line":29,"column":17},"end":{"line":29,"column":34}}]},"3":{"loc":{"start":{"line":33,"column":4},"end":{"line":37,"column":5}},"type":"if","locations":[{"start":{"line":33,"column":4},"end":{"line":37,"column":5}},{"start":{},"end":{}}]},"4":{"loc":{"start":{"line":16,"column":33},"end":{"line":16,"column":45}},"type":"cond-expr","locations":[{"start":{"line":16,"column":42},"end":{"line":16,"column":45}},{"start":{"line":16,"column":42},"end":{"line":16,"column":45}}]},"5":{"loc":{"start":{"line":16,"column":33},"end":{"line":16,"column":42}},"type":"binary-expr","locations":[{"start":{"line":16,"column":33},"end":{"line":16,"column":45}},{"start":{"line":16,"column":33},"end":{"line":16,"column":42}}]}},"s":{"0":0,"1":0,"2":0,"3":0,"4":0,"5":0,"6":0,"7":0,"8":0,"9":0,"10":0,"11":0,"12":0,"13":0,"14":0,"15":0,"16":0},"f":{"0":0,"1":0},"b":{"0":[0,0],"1":[0,0],"2":[0,0],"3":[0,0],"4":[0,0],"5":[0,0]}}
,"C:\\Users\\RobertoCarlosZuñigaA\\Documents\\ROCCA ARCHIVOS\\Desarrollo\\PROYECTOS DESAROLLOS\\KPITAL 360\\NewKipital\\api\\src\\common\\guards\\csrf.guard.ts": {"path":"C:\\Users\\RobertoCarlosZuñigaA\\Documents\\ROCCA ARCHIVOS\\Desarrollo\\PROYECTOS DESAROLLOS\\KPITAL 360\\NewKipital\\api\\src\\common\\guards\\csrf.guard.ts","statementMap":{"0":{"start":{"line":1,"column":0},"end":{"line":1,"column":95}},"1":{"start":{"line":2,"column":0},"end":{"line":2,"column":41}},"2":{"start":{"line":4,"column":0},"end":{"line":4,"column":66}},"3":{"start":{"line":5,"column":0},"end":{"line":5,"column":80}},"4":{"start":{"line":7,"column":25},"end":{"line":7,"column":68}},"5":{"start":{"line":10,"column":7},"end":{"line":36,"column":null}},"6":{"start":{"line":11,"column":31},"end":{"line":11,"column":42}},"7":{"start":{"line":14,"column":20},"end":{"line":14,"column":64}},"8":{"start":{"line":15,"column":4},"end":{"line":17,"column":5}},"9":{"start":{"line":16,"column":6},"end":{"line":16,"column":18}},"10":{"start":{"line":19,"column":21},"end":{"line":22,"column":6}},"11":{"start":{"line":23,"column":4},"end":{"line":25,"column":5}},"12":{"start":{"line":24,"column":6},"end":{"line":24,"column":18}},"13":{"start":{"line":27,"column":23},"end":{"line":27,"column":58}},"14":{"start":{"line":28,"column":23},"end":{"line":28,"column":78}},"15":{"start":{"line":30,"column":4},"end":{"line":32,"column":5}},"16":{"start":{"line":31,"column":6},"end":{"line":31,"column":68}},"17":{"start":{"line":34,"column":4},"end":{"line":34,"column":16}},"18":{"start":{"line":10,"column":13},"end":{"line":10,"column":22}},"19":{"start":{"line":10,"column":13},"end":{"line":36,"column":null}}},"fnMap":{"0":{"name":"(anonymous_2)","decl":{"start":{"line":11,"column":2},"end":{"line":11,"column":31}},"loc":{"start":{"line":11,"column":51},"end":{"line":11,"column":55}}},"1":{"name":"(anonymous_3)","decl":{"start":{"line":13,"column":2},"end":{"line":13,"column":13}},"loc":{"start":{"line":13,"column":39},"end":{"line":35,"column":3}}}},"branchMap":{"0":{"loc":{"start":{"line":15,"column":4},"end":{"line":17,"column":5}},"type":"if","locations":[{"start":{"line":15,"column":4},"end":{"line":17,"column":5}},{"start":{},"end":{}}]},"1":{"loc":{"start":{"line":23,"column":4},"end":{"line":25,"column":5}},"type":"if","locations":[{"start":{"line":23,"column":4},"end":{"line":25,"column":5}},{"start":{},"end":{}}]},"2":{"loc":{"start":{"line":30,"column":4},"end":{"line":32,"column":5}},"type":"if","locations":[{"start":{"line":30,"column":4},"end":{"line":32,"column":5}},{"start":{},"end":{}}]},"3":{"loc":{"start":{"line":30,"column":8},"end":{"line":30,"column":63}},"type":"binary-expr","locations":[{"start":{"line":30,"column":8},"end":{"line":30,"column":19}},{"start":{"line":30,"column":23},"end":{"line":30,"column":34}},{"start":{"line":30,"column":38},"end":{"line":30,"column":63}}]},"4":{"loc":{"start":{"line":11,"column":42},"end":{"line":11,"column":54}},"type":"cond-expr","locations":[{"start":{"line":11,"column":51},"end":{"line":11,"column":54}},{"start":{"line":11,"column":51},"end":{"line":11,"column":54}}]},"5":{"loc":{"start":{"line":11,"column":42},"end":{"line":11,"column":51}},"type":"binary-expr","locations":[{"start":{"line":11,"column":42},"end":{"line":11,"column":54}},{"start":{"line":11,"column":42},"end":{"line":11,"column":51}}]}},"s":{"0":0,"1":0,"2":0,"3":0,"4":0,"5":0,"6":0,"7":0,"8":0,"9":0,"10":0,"11":0,"12":0,"13":0,"14":0,"15":0,"16":0,"17":0,"18":0,"19":0},"f":{"0":0,"1":0},"b":{"0":[0,0],"1":[0,0],"2":[0,0],"3":[0,0,0],"4":[0,0],"5":[0,0]}}
,"C:\\Users\\RobertoCarlosZuñigaA\\Documents\\ROCCA ARCHIVOS\\Desarrollo\\PROYECTOS DESAROLLOS\\KPITAL 360\\NewKipital\\api\\src\\common\\guards\\jwt-auth.guard.ts": {"path":"C:\\Users\\RobertoCarlosZuñigaA\\Documents\\ROCCA ARCHIVOS\\Desarrollo\\PROYECTOS DESAROLLOS\\KPITAL 360\\NewKipital\\api\\src\\common\\guards\\jwt-auth.guard.ts","statementMap":{"0":{"start":{"line":1,"column":0},"end":{"line":1,"column":62}},"1":{"start":{"line":2,"column":0},"end":{"line":2,"column":41}},"2":{"start":{"line":3,"column":0},"end":{"line":3,"column":45}},"3":{"start":{"line":4,"column":0},"end":{"line":4,"column":63}},"4":{"start":{"line":7,"column":7},"end":{"line":24,"column":null}},"5":{"start":{"line":9,"column":4},"end":{"line":9,"column":12}},"6":{"start":{"line":8,"column":31},"end":{"line":8,"column":42}},"7":{"start":{"line":13,"column":21},"end":{"line":16,"column":6}},"8":{"start":{"line":18,"column":4},"end":{"line":20,"column":5}},"9":{"start":{"line":19,"column":6},"end":{"line":19,"column":18}},"10":{"start":{"line":22,"column":4},"end":{"line":22,"column":38}},"11":{"start":{"line":7,"column":13},"end":{"line":7,"column":25}},"12":{"start":{"line":7,"column":13},"end":{"line":24,"column":null}}},"fnMap":{"0":{"name":"(anonymous_2)","decl":{"start":{"line":8,"column":2},"end":{"line":8,"column":31}},"loc":{"start":{"line":8,"column":51},"end":{"line":10,"column":3}}},"1":{"name":"(anonymous_3)","decl":{"start":{"line":12,"column":2},"end":{"line":12,"column":13}},"loc":{"start":{"line":12,"column":39},"end":{"line":23,"column":3}}}},"branchMap":{"0":{"loc":{"start":{"line":18,"column":4},"end":{"line":20,"column":5}},"type":"if","locations":[{"start":{"line":18,"column":4},"end":{"line":20,"column":5}},{"start":{},"end":{}}]},"1":{"loc":{"start":{"line":8,"column":42},"end":{"line":8,"column":null}},"type":"cond-expr","locations":[{"start":{"line":8,"column":51},"end":{"line":8,"column":null}},{"start":{"line":8,"column":51},"end":{"line":8,"column":null}}]},"2":{"loc":{"start":{"line":8,"column":42},"end":{"line":8,"column":51}},"type":"binary-expr","locations":[{"start":{"line":8,"column":42},"end":{"line":8,"column":null}},{"start":{"line":8,"column":42},"end":{"line":8,"column":51}}]}},"s":{"0":0,"1":0,"2":0,"3":0,"4":0,"5":0,"6":0,"7":0,"8":0,"9":0,"10":0,"11":0,"12":0},"f":{"0":0,"1":0},"b":{"0":[0,0],"1":[0,0],"2":[0,0]}}
,"C:\\Users\\RobertoCarlosZuñigaA\\Documents\\ROCCA ARCHIVOS\\Desarrollo\\PROYECTOS DESAROLLOS\\KPITAL 360\\NewKipital\\api\\src\\common\\guards\\permissions.guard.ts": {"path":"C:\\Users\\RobertoCarlosZuñigaA\\Documents\\ROCCA ARCHIVOS\\Desarrollo\\PROYECTOS DESAROLLOS\\KPITAL 360\\NewKipital\\api\\src\\common\\guards\\permissions.guard.ts","statementMap":{"0":{"start":{"line":1,"column":0},"end":{"line":1,"column":null}},"1":{"start":{"line":8,"column":0},"end":{"line":8,"column":41}},"2":{"start":{"line":9,"column":0},"end":{"line":9,"column":86}},"3":{"start":{"line":10,"column":0},"end":{"line":10,"column":90}},"4":{"start":{"line":11,"column":0},"end":{"line":11,"column":62}},"5":{"start":{"line":28,"column":2},"end":{"line":28,"column":64}},"6":{"start":{"line":28,"column":52},"end":{"line":28,"column":64}},"7":{"start":{"line":31,"column":2},"end":{"line":33,"column":3}},"8":{"start":{"line":32,"column":4},"end":{"line":32,"column":16}},"9":{"start":{"line":35,"column":2},"end":{"line":35,"column":15}},"10":{"start":{"line":43,"column":7},"end":{"line":126,"column":null}},"11":{"start":{"line":45,"column":21},"end":{"line":45,"column":32}},"12":{"start":{"line":46,"column":21},"end":{"line":46,"column":34}},"13":{"start":{"line":50,"column":21},"end":{"line":52,"column":null}},"14":{"start":{"line":55,"column":4},"end":{"line":55,"column":56}},"15":{"start":{"line":55,"column":44},"end":{"line":55,"column":56}},"16":{"start":{"line":56,"column":32},"end":{"line":58,"column":null}},"17":{"start":{"line":61,"column":20},"end":{"line":61,"column":72}},"18":{"start":{"line":62,"column":19},"end":{"line":62,"column":39}},"19":{"start":{"line":63,"column":4},"end":{"line":65,"column":5}},"20":{"start":{"line":64,"column":6},"end":{"line":64,"column":58}},"21":{"start":{"line":67,"column":22},"end":{"line":67,"column":52}},"22":{"start":{"line":68,"column":4},"end":{"line":87,"column":5}},"23":{"start":{"line":69,"column":6},"end":{"line":69,"column":43}},"24":{"start":{"line":69,"column":31},"end":{"line":69,"column":43}},"25":{"start":{"line":71,"column":22},"end":{"line":71,"column":50}},"26":{"start":{"line":72,"column":23},"end":{"line":72,"column":96}},"27":{"start":{"line":73,"column":30},"end":{"line":73,"column":50}},"28":{"start":{"line":75,"column":6},"end":{"line":79,"column":8}},"29":{"start":{"line":81,"column":21},"end":{"line":81,"column":98}},"30":{"start":{"line":81,"column":43},"end":{"line":81,"column":97}},"31":{"start":{"line":82,"column":6},"end":{"line":84,"column":7}},"32":{"start":{"line":83,"column":8},"end":{"line":83,"column":97}},"33":{"start":{"line":86,"column":6},"end":{"line":86,"column":18}},"34":{"start":{"line":89,"column":20},"end":{"line":89,"column":48}},"35":{"start":{"line":90,"column":21},"end":{"line":90,"column":90}},"36":{"start":{"line":91,"column":28},"end":{"line":91,"column":48}},"37":{"start":{"line":93,"column":4},"end":{"line":97,"column":6}},"38":{"start":{"line":99,"column":19},"end":{"line":99,"column":96}},"39":{"start":{"line":99,"column":41},"end":{"line":99,"column":95}},"40":{"start":{"line":100,"column":4},"end":{"line":102,"column":5}},"41":{"start":{"line":101,"column":6},"end":{"line":101,"column":95}},"42":{"start":{"line":104,"column":4},"end":{"line":104,"column":16}},"43":{"start":{"line":108,"column":25},"end":{"line":108,"column":77}},"44":{"start":{"line":109,"column":24},"end":{"line":109,"column":74}},"45":{"start":{"line":111,"column":18},"end":{"line":111,"column":45}},"46":{"start":{"line":112,"column":4},"end":{"line":112,"column":59}},"47":{"start":{"line":112,"column":47},"end":{"line":112,"column":59}},"48":{"start":{"line":114,"column":19},"end":{"line":114,"column":32}},"49":{"start":{"line":115,"column":4},"end":{"line":115,"column":66}},"50":{"start":{"line":119,"column":21},"end":{"line":119,"column":43}},"51":{"start":{"line":120,"column":20},"end":{"line":120,"column":41}},"52":{"start":{"line":121,"column":22},"end":{"line":121,"column":53}},"53":{"start":{"line":123,"column":19},"end":{"line":123,"column":63}},"54":{"start":{"line":124,"column":4},"end":{"line":124,"column":58}},"55":{"start":{"line":43,"column":13},"end":{"line":43,"column":29}},"56":{"start":{"line":43,"column":13},"end":{"line":126,"column":null}}},"fnMap":{"0":{"name":"hasPermissionWithEnterpriseAliases","decl":{"start":{"line":24,"column":9},"end":{"line":24,"column":43}},"loc":{"start":{"line":26,"column":28},"end":{"line":36,"column":1}}},"1":{"name":"(anonymous_3)","decl":{"start":{"line":44,"column":2},"end":{"line":44,"column":null}},"loc":{"start":{"line":46,"column":45},"end":{"line":47,"column":6}}},"2":{"name":"(anonymous_4)","decl":{"start":{"line":49,"column":2},"end":{"line":49,"column":7}},"loc":{"start":{"line":49,"column":45},"end":{"line":105,"column":3}}},"3":{"name":"(anonymous_5)","decl":{"start":{"line":81,"column":36},"end":{"line":81,"column":37}},"loc":{"start":{"line":81,"column":43},"end":{"line":81,"column":97}}},"4":{"name":"(anonymous_6)","decl":{"start":{"line":99,"column":34},"end":{"line":99,"column":35}},"loc":{"start":{"line":99,"column":41},"end":{"line":99,"column":95}}},"5":{"name":"(anonymous_7)","decl":{"start":{"line":107,"column":10},"end":{"line":107,"column":26}},"loc":{"start":{"line":107,"column":51},"end":{"line":116,"column":3}}},"6":{"name":"(anonymous_8)","decl":{"start":{"line":118,"column":10},"end":{"line":118,"column":24}},"loc":{"start":{"line":118,"column":49},"end":{"line":125,"column":3}}}},"branchMap":{"0":{"loc":{"start":{"line":28,"column":2},"end":{"line":28,"column":64}},"type":"if","locations":[{"start":{"line":28,"column":2},"end":{"line":28,"column":64}},{"start":{},"end":{}}]},"1":{"loc":{"start":{"line":31,"column":2},"end":{"line":33,"column":3}},"type":"if","locations":[{"start":{"line":31,"column":2},"end":{"line":33,"column":3}},{"start":{},"end":{}}]},"2":{"loc":{"start":{"line":31,"column":6},"end":{"line":31,"column":93}},"type":"binary-expr","locations":[{"start":{"line":31,"column":6},"end":{"line":31,"column":47}},{"start":{"line":31,"column":51},"end":{"line":31,"column":93}}]},"3":{"loc":{"start":{"line":55,"column":4},"end":{"line":55,"column":56}},"type":"if","locations":[{"start":{"line":55,"column":4},"end":{"line":55,"column":56}},{"start":{},"end":{}}]},"4":{"loc":{"start":{"line":55,"column":8},"end":{"line":55,"column":42}},"type":"binary-expr","locations":[{"start":{"line":55,"column":8},"end":{"line":55,"column":17}},{"start":{"line":55,"column":21},"end":{"line":55,"column":42}}]},"5":{"loc":{"start":{"line":63,"column":4},"end":{"line":65,"column":5}},"type":"if","locations":[{"start":{"line":63,"column":4},"end":{"line":65,"column":5}},{"start":{},"end":{}}]},"6":{"loc":{"start":{"line":68,"column":4},"end":{"line":87,"column":5}},"type":"if","locations":[{"start":{"line":68,"column":4},"end":{"line":87,"column":5}},{"start":{},"end":{}}]},"7":{"loc":{"start":{"line":69,"column":6},"end":{"line":69,"column":43}},"type":"if","locations":[{"start":{"line":69,"column":6},"end":{"line":69,"column":43}},{"start":{},"end":{}}]},"8":{"loc":{"start":{"line":82,"column":6},"end":{"line":84,"column":7}},"type":"if","locations":[{"start":{"line":82,"column":6},"end":{"line":84,"column":7}},{"start":{},"end":{}}]},"9":{"loc":{"start":{"line":100,"column":4},"end":{"line":102,"column":5}},"type":"if","locations":[{"start":{"line":100,"column":4},"end":{"line":102,"column":5}},{"start":{},"end":{}}]},"10":{"loc":{"start":{"line":108,"column":25},"end":{"line":108,"column":77}},"type":"binary-expr","locations":[{"start":{"line":108,"column":25},"end":{"line":108,"column":49}},{"start":{"line":108,"column":53},"end":{"line":108,"column":77}}]},"11":{"loc":{"start":{"line":109,"column":24},"end":{"line":109,"column":74}},"type":"binary-expr","locations":[{"start":{"line":109,"column":24},"end":{"line":109,"column":47}},{"start":{"line":109,"column":51},"end":{"line":109,"column":74}}]},"12":{"loc":{"start":{"line":111,"column":18},"end":{"line":111,"column":45}},"type":"binary-expr","locations":[{"start":{"line":111,"column":18},"end":{"line":111,"column":30}},{"start":{"line":111,"column":34},"end":{"line":111,"column":45}}]},"13":{"loc":{"start":{"line":112,"column":4},"end":{"line":112,"column":59}},"type":"if","locations":[{"start":{"line":112,"column":4},"end":{"line":112,"column":59}},{"start":{},"end":{}}]},"14":{"loc":{"start":{"line":112,"column":8},"end":{"line":112,"column":45}},"type":"binary-expr","locations":[{"start":{"line":112,"column":8},"end":{"line":112,"column":27}},{"start":{"line":112,"column":31},"end":{"line":112,"column":45}}]},"15":{"loc":{"start":{"line":115,"column":11},"end":{"line":115,"column":65}},"type":"cond-expr","locations":[{"start":{"line":115,"column":52},"end":{"line":115,"column":58}},{"start":{"line":115,"column":61},"end":{"line":115,"column":65}}]},"16":{"loc":{"start":{"line":115,"column":11},"end":{"line":115,"column":49}},"type":"binary-expr","locations":[{"start":{"line":115,"column":11},"end":{"line":115,"column":35}},{"start":{"line":115,"column":39},"end":{"line":115,"column":49}}]},"17":{"loc":{"start":{"line":123,"column":19},"end":{"line":123,"column":63}},"type":"binary-expr","locations":[{"start":{"line":123,"column":19},"end":{"line":123,"column":27}},{"start":{"line":123,"column":31},"end":{"line":123,"column":38}},{"start":{"line":123,"column":42},"end":{"line":123,"column":51}},{"start":{"line":123,"column":55},"end":{"line":123,"column":63}}]},"18":{"loc":{"start":{"line":124,"column":11},"end":{"line":124,"column":57}},"type":"binary-expr","locations":[{"start":{"line":124,"column":11},"end":{"line":124,"column":45}},{"start":{"line":124,"column":49},"end":{"line":124,"column":57}}]},"19":{"loc":{"start":{"line":45,"column":32},"end":{"line":45,"column":null}},"type":"cond-expr","locations":[{"start":{"line":45,"column":41},"end":{"line":45,"column":null}},{"start":{"line":45,"column":41},"end":{"line":45,"column":null}}]},"20":{"loc":{"start":{"line":45,"column":32},"end":{"line":45,"column":41}},"type":"binary-expr","locations":[{"start":{"line":45,"column":32},"end":{"line":45,"column":null}},{"start":{"line":45,"column":32},"end":{"line":45,"column":41}}]},"21":{"loc":{"start":{"line":45,"column":41},"end":{"line":46,"column":null}},"type":"cond-expr","locations":[{"start":{"line":46,"column":45},"end":{"line":46,"column":null}},{"start":{"line":46,"column":45},"end":{"line":46,"column":null}}]},"22":{"loc":{"start":{"line":45,"column":41},"end":{"line":46,"column":45}},"type":"binary-expr","locations":[{"start":{"line":45,"column":41},"end":{"line":46,"column":null}},{"start":{"line":46,"column":34},"end":{"line":46,"column":45}}]}},"s":{"0":1,"1":1,"2":1,"3":1,"4":1,"5":13,"6":10,"7":3,"8":2,"9":1,"10":1,"11":16,"12":16,"13":18,"14":18,"15":3,"16":15,"17":15,"18":15,"19":15,"20":2,"21":13,"22":13,"23":2,"24":2,"25":0,"26":0,"27":0,"28":0,"29":0,"30":0,"31":0,"32":0,"33":0,"34":11,"35":11,"36":11,"37":11,"38":11,"39":13,"40":11,"41":1,"42":10,"43":13,"44":13,"45":13,"46":13,"47":1,"48":12,"49":12,"50":11,"51":11,"52":11,"53":11,"54":11,"55":1,"56":1},"f":{"0":13,"1":16,"2":18,"3":0,"4":13,"5":13,"6":11},"b":{"0":[10,3],"1":[2,1],"2":[3,2],"3":[3,15],"4":[18,16],"5":[2,13],"6":[2,11],"7":[2,0],"8":[0,0],"9":[1,10],"10":[13,3],"11":[13,13],"12":[13,2],"13":[1,12],"14":[13,12],"15":[11,1],"16":[12,11],"17":[11,9,8,6],"18":[11,0],"19":[1,0],"20":[1,1],"21":[1,0],"22":[1,1]}}
,"C:\\Users\\RobertoCarlosZuñigaA\\Documents\\ROCCA ARCHIVOS\\Desarrollo\\PROYECTOS DESAROLLOS\\KPITAL 360\\NewKipital\\api\\src\\common\\services\\employee-sensitive-data.service.ts": {"path":"C:\\Users\\RobertoCarlosZuñigaA\\Documents\\ROCCA ARCHIVOS\\Desarrollo\\PROYECTOS DESAROLLOS\\KPITAL 360\\NewKipital\\api\\src\\common\\services\\employee-sensitive-data.service.ts","statementMap":{"0":{"start":{"line":1,"column":0},"end":{"line":1,"column":44}},"1":{"start":{"line":2,"column":0},"end":{"line":2,"column":47}},"2":{"start":{"line":3,"column":0},"end":{"line":3,"column":95}},"3":{"start":{"line":5,"column":26},"end":{"line":5,"column":34}},"4":{"start":{"line":6,"column":20},"end":{"line":6,"column":29}},"5":{"start":{"line":7,"column":22},"end":{"line":7,"column":24}},"6":{"start":{"line":8,"column":23},"end":{"line":8,"column":25}},"7":{"start":{"line":11,"column":7},"end":{"line":117,"column":null}},"8":{"start":{"line":15,"column":31},"end":{"line":15,"column":46}},"9":{"start":{"line":16,"column":19},"end":{"line":16,"column":87}},"10":{"start":{"line":17,"column":4},"end":{"line":24,"column":5}},"11":{"start":{"line":18,"column":23},"end":{"line":20,"column":17}},"12":{"start":{"line":21,"column":6},"end":{"line":21,"column":26}},"13":{"start":{"line":23,"column":6},"end":{"line":23,"column":43}},"14":{"start":{"line":25,"column":4},"end":{"line":26,"column":103}},"15":{"start":{"line":30,"column":4},"end":{"line":30,"column":35}},"16":{"start":{"line":30,"column":23},"end":{"line":30,"column":35}},"17":{"start":{"line":31,"column":23},"end":{"line":31,"column":35}},"18":{"start":{"line":32,"column":4},"end":{"line":32,"column":33}},"19":{"start":{"line":32,"column":21},"end":{"line":32,"column":33}},"20":{"start":{"line":33,"column":4},"end":{"line":33,"column":56}},"21":{"start":{"line":33,"column":38},"end":{"line":33,"column":56}},"22":{"start":{"line":35,"column":15},"end":{"line":35,"column":41}},"23":{"start":{"line":36,"column":19},"end":{"line":36,"column":62}},"24":{"start":{"line":37,"column":22},"end":{"line":37,"column":88}},"25":{"start":{"line":38,"column":16},"end":{"line":38,"column":35}},"26":{"start":{"line":40,"column":4},"end":{"line":46,"column":16}},"27":{"start":{"line":50,"column":4},"end":{"line":50,"column":35}},"28":{"start":{"line":50,"column":23},"end":{"line":50,"column":35}},"29":{"start":{"line":51,"column":4},"end":{"line":51,"column":47}},"30":{"start":{"line":51,"column":34},"end":{"line":51,"column":47}},"31":{"start":{"line":53,"column":18},"end":{"line":53,"column":34}},"32":{"start":{"line":54,"column":4},"end":{"line":54,"column":40}},"33":{"start":{"line":54,"column":28},"end":{"line":54,"column":40}},"34":{"start":{"line":56,"column":49},"end":{"line":56,"column":54}},"35":{"start":{"line":57,"column":4},"end":{"line":71,"column":5}},"36":{"start":{"line":58,"column":23},"end":{"line":61,"column":null}},"37":{"start":{"line":63,"column":6},"end":{"line":63,"column":61}},"38":{"start":{"line":64,"column":20},"end":{"line":67,"column":8}},"39":{"start":{"line":68,"column":6},"end":{"line":68,"column":36}},"40":{"start":{"line":70,"column":6},"end":{"line":70,"column":18}},"41":{"start":{"line":75,"column":4},"end":{"line":75,"column":29}},"42":{"start":{"line":75,"column":16},"end":{"line":75,"column":29}},"43":{"start":{"line":76,"column":4},"end":{"line":76,"column":53}},"44":{"start":{"line":80,"column":4},"end":{"line":80,"column":28}},"45":{"start":{"line":80,"column":16},"end":{"line":80,"column":28}},"46":{"start":{"line":81,"column":4},"end":{"line":81,"column":49}},"47":{"start":{"line":85,"column":4},"end":{"line":85,"column":28}},"48":{"start":{"line":85,"column":16},"end":{"line":85,"column":28}},"49":{"start":{"line":86,"column":4},"end":{"line":86,"column":35}},"50":{"start":{"line":90,"column":4},"end":{"line":90,"column":72}},"51":{"start":{"line":94,"column":18},"end":{"line":94,"column":31}},"52":{"start":{"line":95,"column":18},"end":{"line":95,"column":49}},"53":{"start":{"line":96,"column":4},"end":{"line":96,"column":48}},"54":{"start":{"line":96,"column":15},"end":{"line":96,"column":48}},"55":{"start":{"line":98,"column":24},"end":{"line":98,"column":67}},"56":{"start":{"line":99,"column":4},"end":{"line":104,"column":5}},"57":{"start":{"line":100,"column":22},"end":{"line":100,"column":56}},"58":{"start":{"line":101,"column":6},"end":{"line":101,"column":48}},"59":{"start":{"line":101,"column":33},"end":{"line":101,"column":48}},"60":{"start":{"line":106,"column":19},"end":{"line":106,"column":62}},"61":{"start":{"line":107,"column":4},"end":{"line":107,"column":34}},"62":{"start":{"line":111,"column":4},"end":{"line":111,"column":16}},"63":{"start":{"line":115,"column":4},"end":{"line":115,"column":26}},"64":{"start":{"line":11,"column":13},"end":{"line":11,"column":41}},"65":{"start":{"line":11,"column":13},"end":{"line":117,"column":null}}},"fnMap":{"0":{"name":"(anonymous_2)","decl":{"start":{"line":15,"column":2},"end":{"line":15,"column":31}},"loc":{"start":{"line":15,"column":59},"end":{"line":27,"column":3}}},"1":{"name":"(anonymous_3)","decl":{"start":{"line":29,"column":2},"end":{"line":29,"column":9}},"loc":{"start":{"line":29,"column":42},"end":{"line":47,"column":3}}},"2":{"name":"(anonymous_4)","decl":{"start":{"line":49,"column":2},"end":{"line":49,"column":9}},"loc":{"start":{"line":49,"column":42},"end":{"line":72,"column":3}}},"3":{"name":"(anonymous_5)","decl":{"start":{"line":74,"column":2},"end":{"line":74,"column":13}},"loc":{"start":{"line":74,"column":46},"end":{"line":77,"column":3}}},"4":{"name":"(anonymous_6)","decl":{"start":{"line":79,"column":2},"end":{"line":79,"column":11}},"loc":{"start":{"line":79,"column":44},"end":{"line":82,"column":3}}},"5":{"name":"(anonymous_7)","decl":{"start":{"line":84,"column":2},"end":{"line":84,"column":12}},"loc":{"start":{"line":84,"column":45},"end":{"line":87,"column":3}}},"6":{"name":"(anonymous_8)","decl":{"start":{"line":89,"column":10},"end":{"line":89,"column":14}},"loc":{"start":{"line":89,"column":26},"end":{"line":91,"column":3}}},"7":{"name":"(anonymous_9)","decl":{"start":{"line":93,"column":10},"end":{"line":93,"column":22}},"loc":{"start":{"line":93,"column":37},"end":{"line":108,"column":3}}},"8":{"name":"(anonymous_10)","decl":{"start":{"line":110,"column":2},"end":{"line":110,"column":8}},"loc":{"start":{"line":110,"column":28},"end":{"line":112,"column":3}}},"9":{"name":"(anonymous_11)","decl":{"start":{"line":114,"column":2},"end":{"line":114,"column":8}},"loc":{"start":{"line":114,"column":24},"end":{"line":116,"column":3}}}},"branchMap":{"0":{"loc":{"start":{"line":17,"column":4},"end":{"line":24,"column":5}},"type":"if","locations":[{"start":{"line":17,"column":4},"end":{"line":24,"column":5}},{"start":{"line":22,"column":11},"end":{"line":24,"column":5}}]},"1":{"loc":{"start":{"line":26,"column":6},"end":{"line":26,"column":102}},"type":"binary-expr","locations":[{"start":{"line":26,"column":6},"end":{"line":26,"column":68}},{"start":{"line":26,"column":72},"end":{"line":26,"column":102}}]},"2":{"loc":{"start":{"line":30,"column":4},"end":{"line":30,"column":35}},"type":"if","locations":[{"start":{"line":30,"column":4},"end":{"line":30,"column":35}},{"start":{},"end":{}}]},"3":{"loc":{"start":{"line":32,"column":4},"end":{"line":32,"column":33}},"type":"if","locations":[{"start":{"line":32,"column":4},"end":{"line":32,"column":33}},{"start":{},"end":{}}]},"4":{"loc":{"start":{"line":33,"column":4},"end":{"line":33,"column":56}},"type":"if","locations":[{"start":{"line":33,"column":4},"end":{"line":33,"column":56}},{"start":{},"end":{}}]},"5":{"loc":{"start":{"line":50,"column":4},"end":{"line":50,"column":35}},"type":"if","locations":[{"start":{"line":50,"column":4},"end":{"line":50,"column":35}},{"start":{},"end":{}}]},"6":{"loc":{"start":{"line":51,"column":4},"end":{"line":51,"column":47}},"type":"if","locations":[{"start":{"line":51,"column":4},"end":{"line":51,"column":47}},{"start":{},"end":{}}]},"7":{"loc":{"start":{"line":54,"column":4},"end":{"line":54,"column":40}},"type":"if","locations":[{"start":{"line":54,"column":4},"end":{"line":54,"column":40}},{"start":{},"end":{}}]},"8":{"loc":{"start":{"line":75,"column":4},"end":{"line":75,"column":29}},"type":"if","locations":[{"start":{"line":75,"column":4},"end":{"line":75,"column":29}},{"start":{},"end":{}}]},"9":{"loc":{"start":{"line":80,"column":4},"end":{"line":80,"column":28}},"type":"if","locations":[{"start":{"line":80,"column":4},"end":{"line":80,"column":28}},{"start":{},"end":{}}]},"10":{"loc":{"start":{"line":85,"column":4},"end":{"line":85,"column":28}},"type":"if","locations":[{"start":{"line":85,"column":4},"end":{"line":85,"column":28}},{"start":{},"end":{}}]},"11":{"loc":{"start":{"line":96,"column":4},"end":{"line":96,"column":48}},"type":"if","locations":[{"start":{"line":96,"column":4},"end":{"line":96,"column":48}},{"start":{},"end":{}}]},"12":{"loc":{"start":{"line":101,"column":6},"end":{"line":101,"column":48}},"type":"if","locations":[{"start":{"line":101,"column":6},"end":{"line":101,"column":48}},{"start":{},"end":{}}]},"13":{"loc":{"start":{"line":15,"column":46},"end":{"line":15,"column":null}},"type":"cond-expr","locations":[{"start":{"line":15,"column":59},"end":{"line":15,"column":null}},{"start":{"line":15,"column":59},"end":{"line":15,"column":null}}]},"14":{"loc":{"start":{"line":15,"column":46},"end":{"line":15,"column":59}},"type":"binary-expr","locations":[{"start":{"line":15,"column":46},"end":{"line":15,"column":null}},{"start":{"line":15,"column":46},"end":{"line":15,"column":59}}]}},"s":{"0":2,"1":2,"2":2,"3":2,"4":2,"5":2,"6":2,"7":2,"8":0,"9":0,"10":0,"11":0,"12":0,"13":0,"14":0,"15":0,"16":0,"17":0,"18":0,"19":0,"20":0,"21":0,"22":0,"23":0,"24":0,"25":0,"26":0,"27":0,"28":0,"29":0,"30":0,"31":0,"32":0,"33":0,"34":0,"35":0,"36":0,"37":0,"38":0,"39":0,"40":0,"41":0,"42":0,"43":0,"44":0,"45":0,"46":0,"47":0,"48":0,"49":0,"50":0,"51":0,"52":0,"53":0,"54":0,"55":0,"56":0,"57":0,"58":0,"59":0,"60":0,"61":0,"62":13,"63":0,"64":2,"65":2},"f":{"0":0,"1":0,"2":0,"3":0,"4":0,"5":0,"6":0,"7":0,"8":13,"9":0},"b":{"0":[0,0],"1":[0,0],"2":[0,0],"3":[0,0],"4":[0,0],"5":[0,0],"6":[0,0],"7":[0,0],"8":[0,0],"9":[0,0],"10":[0,0],"11":[0,0],"12":[0,0],"13":[2,0],"14":[2,2]}}
,"C:\\Users\\RobertoCarlosZuñigaA\\Documents\\ROCCA ARCHIVOS\\Desarrollo\\PROYECTOS DESAROLLOS\\KPITAL 360\\NewKipital\\api\\src\\common\\strategies\\jwt.strategy.ts": {"path":"C:\\Users\\RobertoCarlosZuñigaA\\Documents\\ROCCA ARCHIVOS\\Desarrollo\\PROYECTOS DESAROLLOS\\KPITAL 360\\NewKipital\\api\\src\\common\\strategies\\jwt.strategy.ts","statementMap":{"0":{"start":{"line":1,"column":0},"end":{"line":1,"column":67}},"1":{"start":{"line":2,"column":0},"end":{"line":2,"column":47}},"2":{"start":{"line":3,"column":0},"end":{"line":3,"column":52}},"3":{"start":{"line":4,"column":0},"end":{"line":4,"column":40}},"4":{"start":{"line":6,"column":0},"end":{"line":6,"column":57}},"5":{"start":{"line":18,"column":2},"end":{"line":18,"column":45}},"6":{"start":{"line":22,"column":7},"end":{"line":37,"column":null}},"7":{"start":{"line":24,"column":4},"end":{"line":28,"column":7}},"8":{"start":{"line":32,"column":4},"end":{"line":34,"column":5}},"9":{"start":{"line":33,"column":6},"end":{"line":33,"column":56}},"10":{"start":{"line":35,"column":4},"end":{"line":35,"column":57}},"11":{"start":{"line":22,"column":13},"end":{"line":22,"column":24}},"12":{"start":{"line":22,"column":13},"end":{"line":37,"column":null}}},"fnMap":{"0":{"name":"extractFromCookie","decl":{"start":{"line":17,"column":9},"end":{"line":17,"column":26}},"loc":{"start":{"line":17,"column":39},"end":{"line":19,"column":1}}},"1":{"name":"(anonymous_3)","decl":{"start":{"line":23,"column":2},"end":{"line":23,"column":14}},"loc":{"start":{"line":23,"column":35},"end":{"line":29,"column":3}}},"2":{"name":"(anonymous_4)","decl":{"start":{"line":31,"column":2},"end":{"line":31,"column":10}},"loc":{"start":{"line":31,"column":32},"end":{"line":36,"column":3}}}},"branchMap":{"0":{"loc":{"start":{"line":18,"column":9},"end":{"line":18,"column":44}},"type":"binary-expr","locations":[{"start":{"line":18,"column":9},"end":{"line":18,"column":36}},{"start":{"line":18,"column":40},"end":{"line":18,"column":44}}]},"1":{"loc":{"start":{"line":32,"column":4},"end":{"line":34,"column":5}},"type":"if","locations":[{"start":{"line":32,"column":4},"end":{"line":34,"column":5}},{"start":{},"end":{}}]},"2":{"loc":{"start":{"line":23,"column":22},"end":{"line":23,"column":null}},"type":"cond-expr","locations":[{"start":{"line":23,"column":35},"end":{"line":23,"column":null}},{"start":{"line":23,"column":35},"end":{"line":23,"column":null}}]},"3":{"loc":{"start":{"line":23,"column":22},"end":{"line":23,"column":35}},"type":"binary-expr","locations":[{"start":{"line":23,"column":22},"end":{"line":23,"column":null}},{"start":{"line":23,"column":22},"end":{"line":23,"column":35}}]}},"s":{"0":0,"1":0,"2":0,"3":0,"4":0,"5":0,"6":0,"7":0,"8":0,"9":0,"10":0,"11":0,"12":0},"f":{"0":0,"1":0,"2":0},"b":{"0":[0,0],"1":[0,0],"2":[0,0],"3":[0,0]}}
,"C:\\Users\\RobertoCarlosZuñigaA\\Documents\\ROCCA ARCHIVOS\\Desarrollo\\PROYECTOS DESAROLLOS\\KPITAL 360\\NewKipital\\api\\src\\config\\cookie.config.ts": {"path":"C:\\Users\\RobertoCarlosZuñigaA\\Documents\\ROCCA ARCHIVOS\\Desarrollo\\PROYECTOS DESAROLLOS\\KPITAL 360\\NewKipital\\api\\src\\config\\cookie.config.ts","statementMap":{"0":{"start":{"line":14,"column":0},"end":{"line":14,"column":16}},"1":{"start":{"line":27,"column":0},"end":{"line":27,"column":16}},"2":{"start":{"line":40,"column":0},"end":{"line":40,"column":16}},"3":{"start":{"line":56,"column":0},"end":{"line":56,"column":16}},"4":{"start":{"line":68,"column":0},"end":{"line":68,"column":16}},"5":{"start":{"line":80,"column":0},"end":{"line":80,"column":16}},"6":{"start":{"line":4,"column":13},"end":{"line":4,"column":44}},"7":{"start":{"line":5,"column":13},"end":{"line":5,"column":60}},"8":{"start":{"line":6,"column":13},"end":{"line":6,"column":54}},"9":{"start":{"line":7,"column":13},"end":{"line":7,"column":47}},"10":{"start":{"line":15,"column":16},"end":{"line":15,"column":64}},"11":{"start":{"line":17,"column":2},"end":{"line":24,"column":4}},"12":{"start":{"line":28,"column":16},"end":{"line":28,"column":64}},"13":{"start":{"line":30,"column":2},"end":{"line":37,"column":4}},"14":{"start":{"line":41,"column":16},"end":{"line":41,"column":64}},"15":{"start":{"line":43,"column":2},"end":{"line":50,"column":4}},"16":{"start":{"line":57,"column":16},"end":{"line":57,"column":64}},"17":{"start":{"line":59,"column":2},"end":{"line":65,"column":4}},"18":{"start":{"line":69,"column":16},"end":{"line":69,"column":64}},"19":{"start":{"line":71,"column":2},"end":{"line":77,"column":4}},"20":{"start":{"line":81,"column":16},"end":{"line":81,"column":64}},"21":{"start":{"line":83,"column":2},"end":{"line":89,"column":4}}},"fnMap":{"0":{"name":"getCookieOptions","decl":{"start":{"line":14,"column":16},"end":{"line":14,"column":32}},"loc":{"start":{"line":14,"column":54},"end":{"line":25,"column":1}}},"1":{"name":"getRefreshCookieOptions","decl":{"start":{"line":27,"column":16},"end":{"line":27,"column":39}},"loc":{"start":{"line":27,"column":61},"end":{"line":38,"column":1}}},"2":{"name":"getCsrfCookieOptions","decl":{"start":{"line":40,"column":16},"end":{"line":40,"column":36}},"loc":{"start":{"line":40,"column":58},"end":{"line":51,"column":1}}},"3":{"name":"getClearCookieOptions","decl":{"start":{"line":56,"column":16},"end":{"line":56,"column":37}},"loc":{"start":{"line":56,"column":59},"end":{"line":66,"column":1}}},"4":{"name":"getClearRefreshCookieOptions","decl":{"start":{"line":68,"column":16},"end":{"line":68,"column":44}},"loc":{"start":{"line":68,"column":66},"end":{"line":78,"column":1}}},"5":{"name":"getClearCsrfCookieOptions","decl":{"start":{"line":80,"column":16},"end":{"line":80,"column":41}},"loc":{"start":{"line":80,"column":63},"end":{"line":90,"column":1}}}},"branchMap":{"0":{"loc":{"start":{"line":20,"column":14},"end":{"line":20,"column":36}},"type":"cond-expr","locations":[{"start":{"line":20,"column":22},"end":{"line":20,"column":27}},{"start":{"line":20,"column":30},"end":{"line":20,"column":36}}]},"1":{"loc":{"start":{"line":21,"column":12},"end":{"line":21,"column":48}},"type":"cond-expr","locations":[{"start":{"line":21,"column":20},"end":{"line":21,"column":29}},{"start":{"line":21,"column":32},"end":{"line":21,"column":48}}]},"2":{"loc":{"start":{"line":33,"column":14},"end":{"line":33,"column":36}},"type":"cond-expr","locations":[{"start":{"line":33,"column":22},"end":{"line":33,"column":27}},{"start":{"line":33,"column":30},"end":{"line":33,"column":36}}]},"3":{"loc":{"start":{"line":34,"column":12},"end":{"line":34,"column":48}},"type":"cond-expr","locations":[{"start":{"line":34,"column":20},"end":{"line":34,"column":29}},{"start":{"line":34,"column":32},"end":{"line":34,"column":48}}]},"4":{"loc":{"start":{"line":46,"column":14},"end":{"line":46,"column":36}},"type":"cond-expr","locations":[{"start":{"line":46,"column":22},"end":{"line":46,"column":27}},{"start":{"line":46,"column":30},"end":{"line":46,"column":36}}]},"5":{"loc":{"start":{"line":47,"column":12},"end":{"line":47,"column":48}},"type":"cond-expr","locations":[{"start":{"line":47,"column":20},"end":{"line":47,"column":29}},{"start":{"line":47,"column":32},"end":{"line":47,"column":48}}]},"6":{"loc":{"start":{"line":62,"column":14},"end":{"line":62,"column":36}},"type":"cond-expr","locations":[{"start":{"line":62,"column":22},"end":{"line":62,"column":27}},{"start":{"line":62,"column":30},"end":{"line":62,"column":36}}]},"7":{"loc":{"start":{"line":63,"column":12},"end":{"line":63,"column":48}},"type":"cond-expr","locations":[{"start":{"line":63,"column":20},"end":{"line":63,"column":29}},{"start":{"line":63,"column":32},"end":{"line":63,"column":48}}]},"8":{"loc":{"start":{"line":74,"column":14},"end":{"line":74,"column":36}},"type":"cond-expr","locations":[{"start":{"line":74,"column":22},"end":{"line":74,"column":27}},{"start":{"line":74,"column":30},"end":{"line":74,"column":36}}]},"9":{"loc":{"start":{"line":75,"column":12},"end":{"line":75,"column":48}},"type":"cond-expr","locations":[{"start":{"line":75,"column":20},"end":{"line":75,"column":29}},{"start":{"line":75,"column":32},"end":{"line":75,"column":48}}]},"10":{"loc":{"start":{"line":86,"column":14},"end":{"line":86,"column":36}},"type":"cond-expr","locations":[{"start":{"line":86,"column":22},"end":{"line":86,"column":27}},{"start":{"line":86,"column":30},"end":{"line":86,"column":36}}]},"11":{"loc":{"start":{"line":87,"column":12},"end":{"line":87,"column":48}},"type":"cond-expr","locations":[{"start":{"line":87,"column":20},"end":{"line":87,"column":29}},{"start":{"line":87,"column":32},"end":{"line":87,"column":48}}]}},"s":{"0":0,"1":0,"2":0,"3":0,"4":0,"5":0,"6":0,"7":0,"8":0,"9":0,"10":0,"11":0,"12":0,"13":0,"14":0,"15":0,"16":0,"17":0,"18":0,"19":0,"20":0,"21":0},"f":{"0":0,"1":0,"2":0,"3":0,"4":0,"5":0},"b":{"0":[0,0],"1":[0,0],"2":[0,0],"3":[0,0],"4":[0,0],"5":[0,0],"6":[0,0],"7":[0,0],"8":[0,0],"9":[0,0],"10":[0,0],"11":[0,0]}}
,"C:\\Users\\RobertoCarlosZuñigaA\\Documents\\ROCCA ARCHIVOS\\Desarrollo\\PROYECTOS DESAROLLOS\\KPITAL 360\\NewKipital\\api\\src\\config\\database.config.ts": {"path":"C:\\Users\\RobertoCarlosZuñigaA\\Documents\\ROCCA ARCHIVOS\\Desarrollo\\PROYECTOS DESAROLLOS\\KPITAL 360\\NewKipital\\api\\src\\config\\database.config.ts","statementMap":{"0":{"start":{"line":1,"column":0},"end":{"line":1,"column":47}},"1":{"start":{"line":4,"column":13},"end":{"line":34,"column":2}},"2":{"start":{"line":5,"column":42},"end":{"line":32,"column":4}}},"fnMap":{"0":{"name":"(anonymous_0)","decl":{"start":{"line":5,"column":14},"end":{"line":5,"column":15}},"loc":{"start":{"line":5,"column":42},"end":{"line":32,"column":4}}}},"branchMap":{},"s":{"0":0,"1":0,"2":0},"f":{"0":0},"b":{}}
,"C:\\Users\\RobertoCarlosZuñigaA\\Documents\\ROCCA ARCHIVOS\\Desarrollo\\PROYECTOS DESAROLLOS\\KPITAL 360\\NewKipital\\api\\src\\config\\jwt.config.ts": {"path":"C:\\Users\\RobertoCarlosZuñigaA\\Documents\\ROCCA ARCHIVOS\\Desarrollo\\PROYECTOS DESAROLLOS\\KPITAL 360\\NewKipital\\api\\src\\config\\jwt.config.ts","statementMap":{"0":{"start":{"line":1,"column":0},"end":{"line":1,"column":47}},"1":{"start":{"line":4,"column":13},"end":{"line":12,"column":2}},"2":{"start":{"line":5,"column":42},"end":{"line":10,"column":4}}},"fnMap":{"0":{"name":"(anonymous_0)","decl":{"start":{"line":5,"column":14},"end":{"line":5,"column":15}},"loc":{"start":{"line":5,"column":42},"end":{"line":10,"column":4}}}},"branchMap":{},"s":{"0":0,"1":0,"2":0},"f":{"0":0},"b":{}}
,"C:\\Users\\RobertoCarlosZuñigaA\\Documents\\ROCCA ARCHIVOS\\Desarrollo\\PROYECTOS DESAROLLOS\\KPITAL 360\\NewKipital\\api\\src\\database\\migrations\\1708531200000-CreateSysEmpresas.ts": {"path":"C:\\Users\\RobertoCarlosZuñigaA\\Documents\\ROCCA ARCHIVOS\\Desarrollo\\PROYECTOS DESAROLLOS\\KPITAL 360\\NewKipital\\api\\src\\database\\migrations\\1708531200000-CreateSysEmpresas.ts","statementMap":{"0":{"start":{"line":1,"column":0},"end":{"line":1,"column":77}},"1":{"start":{"line":9,"column":4},"end":{"line":44,"column":6}},"2":{"start":{"line":46,"column":4},"end":{"line":50,"column":8}},"3":{"start":{"line":52,"column":4},"end":{"line":56,"column":8}},"4":{"start":{"line":58,"column":4},"end":{"line":62,"column":8}},"5":{"start":{"line":64,"column":4},"end":{"line":67,"column":8}},"6":{"start":{"line":71,"column":4},"end":{"line":71,"column":70}},"7":{"start":{"line":72,"column":4},"end":{"line":72,"column":74}},"8":{"start":{"line":73,"column":4},"end":{"line":73,"column":71}},"9":{"start":{"line":74,"column":4},"end":{"line":74,"column":70}},"10":{"start":{"line":75,"column":4},"end":{"line":75,"column":48}},"11":{"start":{"line":7,"column":0},"end":{"line":7,"column":13}}},"fnMap":{"0":{"name":"(anonymous_0)","decl":{"start":{"line":8,"column":9},"end":{"line":8,"column":14}},"loc":{"start":{"line":8,"column":42},"end":{"line":68,"column":3}}},"1":{"name":"(anonymous_1)","decl":{"start":{"line":70,"column":9},"end":{"line":70,"column":14}},"loc":{"start":{"line":70,"column":44},"end":{"line":76,"column":3}}}},"branchMap":{},"s":{"0":0,"1":0,"2":0,"3":0,"4":0,"5":0,"6":0,"7":0,"8":0,"9":0,"10":0,"11":0},"f":{"0":0,"1":0},"b":{}}
,"C:\\Users\\RobertoCarlosZuñigaA\\Documents\\ROCCA ARCHIVOS\\Desarrollo\\PROYECTOS DESAROLLOS\\KPITAL 360\\NewKipital\\api\\src\\database\\migrations\\1708531300000-CreateIdentitySchema.ts": {"path":"C:\\Users\\RobertoCarlosZuñigaA\\Documents\\ROCCA ARCHIVOS\\Desarrollo\\PROYECTOS DESAROLLOS\\KPITAL 360\\NewKipital\\api\\src\\database\\migrations\\1708531300000-CreateIdentitySchema.ts","statementMap":{"0":{"start":{"line":1,"column":0},"end":{"line":1,"column":94}},"1":{"start":{"line":15,"column":4},"end":{"line":47,"column":6}},"2":{"start":{"line":49,"column":4},"end":{"line":53,"column":8}},"3":{"start":{"line":54,"column":4},"end":{"line":57,"column":8}},"4":{"start":{"line":60,"column":4},"end":{"line":87,"column":6}},"5":{"start":{"line":89,"column":4},"end":{"line":93,"column":8}},"6":{"start":{"line":94,"column":4},"end":{"line":97,"column":8}},"7":{"start":{"line":100,"column":4},"end":{"line":118,"column":6}},"8":{"start":{"line":120,"column":4},"end":{"line":124,"column":8}},"9":{"start":{"line":126,"column":4},"end":{"line":133,"column":8}},"10":{"start":{"line":134,"column":4},"end":{"line":141,"column":8}},"11":{"start":{"line":144,"column":4},"end":{"line":162,"column":6}},"12":{"start":{"line":164,"column":4},"end":{"line":168,"column":8}},"13":{"start":{"line":170,"column":4},"end":{"line":177,"column":8}},"14":{"start":{"line":178,"column":4},"end":{"line":185,"column":8}},"15":{"start":{"line":188,"column":4},"end":{"line":215,"column":6}},"16":{"start":{"line":217,"column":4},"end":{"line":221,"column":8}},"17":{"start":{"line":222,"column":4},"end":{"line":225,"column":8}},"18":{"start":{"line":228,"column":4},"end":{"line":248,"column":6}},"19":{"start":{"line":250,"column":4},"end":{"line":254,"column":8}},"20":{"start":{"line":255,"column":4},"end":{"line":258,"column":8}},"21":{"start":{"line":259,"column":4},"end":{"line":262,"column":8}},"22":{"start":{"line":265,"column":4},"end":{"line":282,"column":6}},"23":{"start":{"line":284,"column":4},"end":{"line":288,"column":8}},"24":{"start":{"line":290,"column":4},"end":{"line":297,"column":8}},"25":{"start":{"line":298,"column":4},"end":{"line":305,"column":8}},"26":{"start":{"line":308,"column":4},"end":{"line":336,"column":6}},"27":{"start":{"line":338,"column":4},"end":{"line":342,"column":8}},"28":{"start":{"line":343,"column":4},"end":{"line":346,"column":8}},"29":{"start":{"line":347,"column":4},"end":{"line":350,"column":8}},"30":{"start":{"line":352,"column":4},"end":{"line":359,"column":8}},"31":{"start":{"line":360,"column":4},"end":{"line":367,"column":8}},"32":{"start":{"line":368,"column":4},"end":{"line":375,"column":8}},"33":{"start":{"line":376,"column":4},"end":{"line":383,"column":8}},"34":{"start":{"line":388,"column":4},"end":{"line":388,"column":51}},"35":{"start":{"line":389,"column":4},"end":{"line":389,"column":51}},"36":{"start":{"line":390,"column":4},"end":{"line":390,"column":48}},"37":{"start":{"line":391,"column":4},"end":{"line":391,"column":45}},"38":{"start":{"line":392,"column":4},"end":{"line":392,"column":55}},"39":{"start":{"line":393,"column":4},"end":{"line":393,"column":51}},"40":{"start":{"line":394,"column":4},"end":{"line":394,"column":44}},"41":{"start":{"line":395,"column":4},"end":{"line":395,"column":48}},"42":{"start":{"line":12,"column":0},"end":{"line":12,"column":13}}},"fnMap":{"0":{"name":"(anonymous_0)","decl":{"start":{"line":13,"column":9},"end":{"line":13,"column":14}},"loc":{"start":{"line":13,"column":42},"end":{"line":384,"column":3}}},"1":{"name":"(anonymous_1)","decl":{"start":{"line":386,"column":9},"end":{"line":386,"column":14}},"loc":{"start":{"line":386,"column":44},"end":{"line":396,"column":3}}}},"branchMap":{},"s":{"0":0,"1":0,"2":0,"3":0,"4":0,"5":0,"6":0,"7":0,"8":0,"9":0,"10":0,"11":0,"12":0,"13":0,"14":0,"15":0,"16":0,"17":0,"18":0,"19":0,"20":0,"21":0,"22":0,"23":0,"24":0,"25":0,"26":0,"27":0,"28":0,"29":0,"30":0,"31":0,"32":0,"33":0,"34":0,"35":0,"36":0,"37":0,"38":0,"39":0,"40":0,"41":0,"42":0},"f":{"0":0,"1":0},"b":{}}
,"C:\\Users\\RobertoCarlosZuñigaA\\Documents\\ROCCA ARCHIVOS\\Desarrollo\\PROYECTOS DESAROLLOS\\KPITAL 360\\NewKipital\\api\\src\\database\\migrations\\1708531400000-EnhanceSysUsuarios.ts": {"path":"C:\\Users\\RobertoCarlosZuñigaA\\Documents\\ROCCA ARCHIVOS\\Desarrollo\\PROYECTOS DESAROLLOS\\KPITAL 360\\NewKipital\\api\\src\\database\\migrations\\1708531400000-EnhanceSysUsuarios.ts","statementMap":{"0":{"start":{"line":1,"column":0},"end":{"line":1,"column":83}},"1":{"start":{"line":23,"column":4},"end":{"line":29,"column":8}},"2":{"start":{"line":31,"column":4},"end":{"line":35,"column":8}},"3":{"start":{"line":37,"column":4},"end":{"line":43,"column":8}},"4":{"start":{"line":45,"column":4},"end":{"line":50,"column":8}},"5":{"start":{"line":52,"column":4},"end":{"line":57,"column":8}},"6":{"start":{"line":59,"column":4},"end":{"line":63,"column":8}},"7":{"start":{"line":65,"column":4},"end":{"line":70,"column":8}},"8":{"start":{"line":74,"column":4},"end":{"line":79,"column":8}},"9":{"start":{"line":81,"column":4},"end":{"line":85,"column":8}},"10":{"start":{"line":87,"column":4},"end":{"line":91,"column":8}},"11":{"start":{"line":95,"column":4},"end":{"line":99,"column":8}},"12":{"start":{"line":101,"column":4},"end":{"line":104,"column":8}},"13":{"start":{"line":108,"column":4},"end":{"line":108,"column":76}},"14":{"start":{"line":109,"column":4},"end":{"line":109,"column":72}},"15":{"start":{"line":112,"column":4},"end":{"line":116,"column":8}},"16":{"start":{"line":118,"column":4},"end":{"line":122,"column":8}},"17":{"start":{"line":124,"column":4},"end":{"line":129,"column":8}},"18":{"start":{"line":132,"column":4},"end":{"line":132,"column":74}},"19":{"start":{"line":133,"column":4},"end":{"line":133,"column":73}},"20":{"start":{"line":134,"column":4},"end":{"line":134,"column":76}},"21":{"start":{"line":135,"column":4},"end":{"line":135,"column":80}},"22":{"start":{"line":136,"column":4},"end":{"line":136,"column":84}},"23":{"start":{"line":137,"column":4},"end":{"line":137,"column":80}},"24":{"start":{"line":138,"column":4},"end":{"line":138,"column":69}},"25":{"start":{"line":19,"column":0},"end":{"line":19,"column":13}}},"fnMap":{"0":{"name":"(anonymous_0)","decl":{"start":{"line":20,"column":9},"end":{"line":20,"column":14}},"loc":{"start":{"line":20,"column":42},"end":{"line":105,"column":3}}},"1":{"name":"(anonymous_1)","decl":{"start":{"line":107,"column":9},"end":{"line":107,"column":14}},"loc":{"start":{"line":107,"column":44},"end":{"line":139,"column":3}}}},"branchMap":{},"s":{"0":0,"1":0,"2":0,"3":0,"4":0,"5":0,"6":0,"7":0,"8":0,"9":0,"10":0,"11":0,"12":0,"13":0,"14":0,"15":0,"16":0,"17":0,"18":0,"19":0,"20":0,"21":0,"22":0,"23":0,"24":0,"25":0},"f":{"0":0,"1":0},"b":{}}
,"C:\\Users\\RobertoCarlosZuñigaA\\Documents\\ROCCA ARCHIVOS\\Desarrollo\\PROYECTOS DESAROLLOS\\KPITAL 360\\NewKipital\\api\\src\\database\\migrations\\1708531500000-CreateSysEmpleados.ts": {"path":"C:\\Users\\RobertoCarlosZuñigaA\\Documents\\ROCCA ARCHIVOS\\Desarrollo\\PROYECTOS DESAROLLOS\\KPITAL 360\\NewKipital\\api\\src\\database\\migrations\\1708531500000-CreateSysEmpleados.ts","statementMap":{"0":{"start":{"line":1,"column":0},"end":{"line":1,"column":94}},"1":{"start":{"line":15,"column":4},"end":{"line":54,"column":6}},"2":{"start":{"line":58,"column":4},"end":{"line":61,"column":8}},"3":{"start":{"line":63,"column":4},"end":{"line":66,"column":8}},"4":{"start":{"line":68,"column":4},"end":{"line":72,"column":8}},"5":{"start":{"line":74,"column":4},"end":{"line":77,"column":8}},"6":{"start":{"line":79,"column":4},"end":{"line":82,"column":8}},"7":{"start":{"line":86,"column":4},"end":{"line":93,"column":8}},"8":{"start":{"line":95,"column":4},"end":{"line":102,"column":8}},"9":{"start":{"line":106,"column":4},"end":{"line":106,"column":49}},"10":{"start":{"line":13,"column":0},"end":{"line":13,"column":13}}},"fnMap":{"0":{"name":"(anonymous_0)","decl":{"start":{"line":14,"column":9},"end":{"line":14,"column":14}},"loc":{"start":{"line":14,"column":42},"end":{"line":103,"column":3}}},"1":{"name":"(anonymous_1)","decl":{"start":{"line":105,"column":9},"end":{"line":105,"column":14}},"loc":{"start":{"line":105,"column":44},"end":{"line":107,"column":3}}}},"branchMap":{},"s":{"0":0,"1":0,"2":0,"3":0,"4":0,"5":0,"6":0,"7":0,"8":0,"9":0,"10":0},"f":{"0":0,"1":0},"b":{}}
,"C:\\Users\\RobertoCarlosZuñigaA\\Documents\\ROCCA ARCHIVOS\\Desarrollo\\PROYECTOS DESAROLLOS\\KPITAL 360\\NewKipital\\api\\src\\database\\migrations\\1708531600000-SeedIdentityCore.ts": {"path":"C:\\Users\\RobertoCarlosZuñigaA\\Documents\\ROCCA ARCHIVOS\\Desarrollo\\PROYECTOS DESAROLLOS\\KPITAL 360\\NewKipital\\api\\src\\database\\migrations\\1708531600000-SeedIdentityCore.ts","statementMap":{"0":{"start":{"line":2,"column":0},"end":{"line":2,"column":33}},"1":{"start":{"line":16,"column":26},"end":{"line":16,"column":38}},"2":{"start":{"line":17,"column":17},"end":{"line":17,"column":41}},"3":{"start":{"line":18,"column":17},"end":{"line":18,"column":55}},"4":{"start":{"line":19,"column":16},"end":{"line":19,"column":71}},"5":{"start":{"line":22,"column":4},"end":{"line":25,"column":7}},"6":{"start":{"line":26,"column":40},"end":{"line":26,"column":140}},"7":{"start":{"line":29,"column":4},"end":{"line":34,"column":7}},"8":{"start":{"line":35,"column":38},"end":{"line":35,"column":120}},"9":{"start":{"line":36,"column":40},"end":{"line":36,"column":124}},"10":{"start":{"line":39,"column":24},"end":{"line":57,"column":6}},"11":{"start":{"line":59,"column":4},"end":{"line":64,"column":5}},"12":{"start":{"line":60,"column":6},"end":{"line":63,"column":9}},"13":{"start":{"line":67,"column":4},"end":{"line":70,"column":7}},"14":{"start":{"line":71,"column":38},"end":{"line":71,"column":128}},"15":{"start":{"line":74,"column":21},"end":{"line":74,"column":108}},"16":{"start":{"line":75,"column":4},"end":{"line":80,"column":5}},"17":{"start":{"line":76,"column":6},"end":{"line":79,"column":9}},"18":{"start":{"line":83,"column":4},"end":{"line":95,"column":7}},"19":{"start":{"line":96,"column":42},"end":{"line":96,"column":150}},"20":{"start":{"line":99,"column":4},"end":{"line":104,"column":7}},"21":{"start":{"line":107,"column":4},"end":{"line":110,"column":7}},"22":{"start":{"line":113,"column":4},"end":{"line":123,"column":7}},"23":{"start":{"line":126,"column":4},"end":{"line":136,"column":7}},"24":{"start":{"line":140,"column":4},"end":{"line":140,"column":59}},"25":{"start":{"line":141,"column":4},"end":{"line":141,"column":63}},"26":{"start":{"line":142,"column":4},"end":{"line":142,"column":59}},"27":{"start":{"line":143,"column":4},"end":{"line":143,"column":102}},"28":{"start":{"line":144,"column":4},"end":{"line":144,"column":59}},"29":{"start":{"line":145,"column":4},"end":{"line":145,"column":88}},"30":{"start":{"line":146,"column":4},"end":{"line":146,"column":56}},"31":{"start":{"line":147,"column":4},"end":{"line":147,"column":52}},"32":{"start":{"line":148,"column":4},"end":{"line":148,"column":94}},"33":{"start":{"line":14,"column":0},"end":{"line":14,"column":13}}},"fnMap":{"0":{"name":"(anonymous_9)","decl":{"start":{"line":15,"column":9},"end":{"line":15,"column":14}},"loc":{"start":{"line":15,"column":42},"end":{"line":137,"column":3}}},"1":{"name":"(anonymous_10)","decl":{"start":{"line":139,"column":9},"end":{"line":139,"column":14}},"loc":{"start":{"line":139,"column":44},"end":{"line":149,"column":3}}}},"branchMap":{},"s":{"0":0,"1":0,"2":0,"3":0,"4":0,"5":0,"6":0,"7":0,"8":0,"9":0,"10":0,"11":0,"12":0,"13":0,"14":0,"15":0,"16":0,"17":0,"18":0,"19":0,"20":0,"21":0,"22":0,"23":0,"24":0,"25":0,"26":0,"27":0,"28":0,"29":0,"30":0,"31":0,"32":0,"33":0},"f":{"0":0,"1":0},"b":{}}
,"C:\\Users\\RobertoCarlosZuñigaA\\Documents\\ROCCA ARCHIVOS\\Desarrollo\\PROYECTOS DESAROLLOS\\KPITAL 360\\NewKipital\\api\\src\\database\\migrations\\1708531700000-RedefineEmpleadoEnterprise.ts": {"path":"C:\\Users\\RobertoCarlosZuñigaA\\Documents\\ROCCA ARCHIVOS\\Desarrollo\\PROYECTOS DESAROLLOS\\KPITAL 360\\NewKipital\\api\\src\\database\\migrations\\1708531700000-RedefineEmpleadoEnterprise.ts","statementMap":{"0":{"start":{"line":1,"column":0},"end":{"line":1,"column":94}},"1":{"start":{"line":12,"column":16},"end":{"line":12,"column":71}},"2":{"start":{"line":15,"column":4},"end":{"line":27,"column":14}},"3":{"start":{"line":29,"column":4},"end":{"line":29,"column":151}},"4":{"start":{"line":30,"column":4},"end":{"line":30,"column":146}},"5":{"start":{"line":33,"column":4},"end":{"line":43,"column":14}},"6":{"start":{"line":45,"column":4},"end":{"line":45,"column":128}},"7":{"start":{"line":48,"column":4},"end":{"line":58,"column":14}},"8":{"start":{"line":60,"column":4},"end":{"line":60,"column":138}},"9":{"start":{"line":63,"column":4},"end":{"line":63,"column":182}},"10":{"start":{"line":66,"column":4},"end":{"line":66,"column":55}},"11":{"start":{"line":68,"column":4},"end":{"line":114,"column":14}},"12":{"start":{"line":117,"column":4},"end":{"line":117,"column":130}},"13":{"start":{"line":118,"column":4},"end":{"line":118,"column":171}},"14":{"start":{"line":119,"column":4},"end":{"line":119,"column":150}},"15":{"start":{"line":120,"column":4},"end":{"line":120,"column":148}},"16":{"start":{"line":121,"column":4},"end":{"line":121,"column":130}},"17":{"start":{"line":122,"column":4},"end":{"line":122,"column":140}},"18":{"start":{"line":123,"column":4},"end":{"line":123,"column":128}},"19":{"start":{"line":124,"column":4},"end":{"line":124,"column":145}},"20":{"start":{"line":125,"column":4},"end":{"line":125,"column":141}},"21":{"start":{"line":126,"column":4},"end":{"line":126,"column":134}},"22":{"start":{"line":129,"column":4},"end":{"line":129,"column":258}},"23":{"start":{"line":130,"column":4},"end":{"line":130,"column":258}},"24":{"start":{"line":131,"column":4},"end":{"line":131,"column":278}},"25":{"start":{"line":132,"column":4},"end":{"line":132,"column":254}},"26":{"start":{"line":133,"column":4},"end":{"line":133,"column":275}},"27":{"start":{"line":134,"column":4},"end":{"line":134,"column":280}},"28":{"start":{"line":138,"column":4},"end":{"line":138,"column":55}},"29":{"start":{"line":139,"column":4},"end":{"line":139,"column":59}},"30":{"start":{"line":140,"column":4},"end":{"line":140,"column":53}},"31":{"start":{"line":141,"column":4},"end":{"line":141,"column":59}},"32":{"start":{"line":10,"column":0},"end":{"line":10,"column":13}}},"fnMap":{"0":{"name":"(anonymous_0)","decl":{"start":{"line":11,"column":9},"end":{"line":11,"column":14}},"loc":{"start":{"line":11,"column":42},"end":{"line":135,"column":3}}},"1":{"name":"(anonymous_1)","decl":{"start":{"line":137,"column":9},"end":{"line":137,"column":14}},"loc":{"start":{"line":137,"column":44},"end":{"line":142,"column":3}}}},"branchMap":{},"s":{"0":0,"1":0,"2":0,"3":0,"4":0,"5":0,"6":0,"7":0,"8":0,"9":0,"10":0,"11":0,"12":0,"13":0,"14":0,"15":0,"16":0,"17":0,"18":0,"19":0,"20":0,"21":0,"22":0,"23":0,"24":0,"25":0,"26":0,"27":0,"28":0,"29":0,"30":0,"31":0,"32":0},"f":{"0":0,"1":0},"b":{}}
,"C:\\Users\\RobertoCarlosZuñigaA\\Documents\\ROCCA ARCHIVOS\\Desarrollo\\PROYECTOS DESAROLLOS\\KPITAL 360\\NewKipital\\api\\src\\database\\migrations\\1708531800000-CreatePayrollAndPersonalActions.ts": {"path":"C:\\Users\\RobertoCarlosZuñigaA\\Documents\\ROCCA ARCHIVOS\\Desarrollo\\PROYECTOS DESAROLLOS\\KPITAL 360\\NewKipital\\api\\src\\database\\migrations\\1708531800000-CreatePayrollAndPersonalActions.ts","statementMap":{"0":{"start":{"line":1,"column":0},"end":{"line":1,"column":94}},"1":{"start":{"line":11,"column":4},"end":{"line":26,"column":14}},"2":{"start":{"line":28,"column":4},"end":{"line":28,"column":130}},"3":{"start":{"line":29,"column":4},"end":{"line":29,"column":141}},"4":{"start":{"line":30,"column":4},"end":{"line":30,"column":134}},"5":{"start":{"line":32,"column":4},"end":{"line":39,"column":8}},"6":{"start":{"line":40,"column":4},"end":{"line":47,"column":8}},"7":{"start":{"line":50,"column":4},"end":{"line":70,"column":14}},"8":{"start":{"line":72,"column":4},"end":{"line":72,"column":136}},"9":{"start":{"line":73,"column":4},"end":{"line":73,"column":138}},"10":{"start":{"line":74,"column":4},"end":{"line":74,"column":138}},"11":{"start":{"line":75,"column":4},"end":{"line":75,"column":138}},"12":{"start":{"line":77,"column":4},"end":{"line":84,"column":8}},"13":{"start":{"line":85,"column":4},"end":{"line":92,"column":8}},"14":{"start":{"line":93,"column":4},"end":{"line":100,"column":8}},"15":{"start":{"line":104,"column":4},"end":{"line":104,"column":63}},"16":{"start":{"line":105,"column":4},"end":{"line":105,"column":55}},"17":{"start":{"line":8,"column":0},"end":{"line":8,"column":13}}},"fnMap":{"0":{"name":"(anonymous_0)","decl":{"start":{"line":9,"column":9},"end":{"line":9,"column":14}},"loc":{"start":{"line":9,"column":42},"end":{"line":101,"column":3}}},"1":{"name":"(anonymous_1)","decl":{"start":{"line":103,"column":9},"end":{"line":103,"column":14}},"loc":{"start":{"line":103,"column":44},"end":{"line":106,"column":3}}}},"branchMap":{},"s":{"0":0,"1":0,"2":0,"3":0,"4":0,"5":0,"6":0,"7":0,"8":0,"9":0,"10":0,"11":0,"12":0,"13":0,"14":0,"15":0,"16":0,"17":0},"f":{"0":0,"1":0},"b":{}}
,"C:\\Users\\RobertoCarlosZuñigaA\\Documents\\ROCCA ARCHIVOS\\Desarrollo\\PROYECTOS DESAROLLOS\\KPITAL 360\\NewKipital\\api\\src\\database\\migrations\\1708531900000-CreateCalendarioNominaMaestro.ts": {"path":"C:\\Users\\RobertoCarlosZuñigaA\\Documents\\ROCCA ARCHIVOS\\Desarrollo\\PROYECTOS DESAROLLOS\\KPITAL 360\\NewKipital\\api\\src\\database\\migrations\\1708531900000-CreateCalendarioNominaMaestro.ts","statementMap":{"0":{"start":{"line":1,"column":0},"end":{"line":1,"column":107}},"1":{"start":{"line":15,"column":4},"end":{"line":15,"column":84}},"2":{"start":{"line":18,"column":4},"end":{"line":18,"column":55}},"3":{"start":{"line":21,"column":4},"end":{"line":44,"column":14}},"4":{"start":{"line":46,"column":4},"end":{"line":46,"column":141}},"5":{"start":{"line":47,"column":4},"end":{"line":47,"column":152}},"6":{"start":{"line":48,"column":4},"end":{"line":48,"column":154}},"7":{"start":{"line":49,"column":4},"end":{"line":49,"column":183}},"8":{"start":{"line":51,"column":4},"end":{"line":58,"column":8}},"9":{"start":{"line":59,"column":4},"end":{"line":66,"column":8}},"10":{"start":{"line":69,"column":4},"end":{"line":73,"column":8}},"11":{"start":{"line":76,"column":4},"end":{"line":76,"column":121}},"12":{"start":{"line":77,"column":4},"end":{"line":84,"column":8}},"13":{"start":{"line":87,"column":4},"end":{"line":103,"column":14}},"14":{"start":{"line":105,"column":4},"end":{"line":105,"column":129}},"15":{"start":{"line":106,"column":4},"end":{"line":106,"column":144}},"16":{"start":{"line":107,"column":4},"end":{"line":107,"column":132}},"17":{"start":{"line":109,"column":4},"end":{"line":116,"column":8}},"18":{"start":{"line":117,"column":4},"end":{"line":124,"column":8}},"19":{"start":{"line":125,"column":4},"end":{"line":132,"column":8}},"20":{"start":{"line":133,"column":4},"end":{"line":140,"column":8}},"21":{"start":{"line":144,"column":4},"end":{"line":144,"column":59}},"22":{"start":{"line":145,"column":4},"end":{"line":145,"column":93}},"23":{"start":{"line":146,"column":4},"end":{"line":146,"column":121}},"24":{"start":{"line":147,"column":4},"end":{"line":147,"column":64}},"25":{"start":{"line":149,"column":4},"end":{"line":164,"column":14}},"26":{"start":{"line":165,"column":4},"end":{"line":172,"column":8}},"27":{"start":{"line":12,"column":0},"end":{"line":12,"column":13}}},"fnMap":{"0":{"name":"(anonymous_0)","decl":{"start":{"line":13,"column":9},"end":{"line":13,"column":14}},"loc":{"start":{"line":13,"column":42},"end":{"line":141,"column":3}}},"1":{"name":"(anonymous_1)","decl":{"start":{"line":143,"column":9},"end":{"line":143,"column":14}},"loc":{"start":{"line":143,"column":44},"end":{"line":173,"column":3}}}},"branchMap":{},"s":{"0":0,"1":0,"2":0,"3":0,"4":0,"5":0,"6":0,"7":0,"8":0,"9":0,"10":0,"11":0,"12":0,"13":0,"14":0,"15":0,"16":0,"17":0,"18":0,"19":0,"20":0,"21":0,"22":0,"23":0,"24":0,"25":0,"26":0,"27":0},"f":{"0":0,"1":0},"b":{}}
[...]
column":67}},"type":"binary-expr","locations":[{"start":{"line":167,"column":16},"end":{"line":167,"column":61}},{"start":{"line":167,"column":65},"end":{"line":167,"column":67}}]},"21":{"loc":{"start":{"line":169,"column":16},"end":{"line":169,"column":67}},"type":"binary-expr","locations":[{"start":{"line":169,"column":16},"end":{"line":169,"column":61}},{"start":{"line":169,"column":65},"end":{"line":169,"column":67}}]},"22":{"loc":{"start":{"line":170,"column":19},"end":{"line":170,"column":73}},"type":"binary-expr","locations":[{"start":{"line":170,"column":19},"end":{"line":170,"column":67}},{"start":{"line":170,"column":71},"end":{"line":170,"column":73}}]},"23":{"loc":{"start":{"line":171,"column":53},"end":{"line":171,"column":74}},"type":"binary-expr","locations":[{"start":{"line":171,"column":53},"end":{"line":171,"column":66}},{"start":{"line":171,"column":70},"end":{"line":171,"column":74}}]},"24":{"loc":{"start":{"line":172,"column":16},"end":{"line":172,"column":34}},"type":"binary-expr","locations":[{"start":{"line":172,"column":16},"end":{"line":172,"column":26}},{"start":{"line":172,"column":30},"end":{"line":172,"column":34}}]},"25":{"loc":{"start":{"line":173,"column":21},"end":{"line":173,"column":44}},"type":"binary-expr","locations":[{"start":{"line":173,"column":21},"end":{"line":173,"column":36}},{"start":{"line":173,"column":40},"end":{"line":173,"column":44}}]},"26":{"loc":{"start":{"line":174,"column":23},"end":{"line":174,"column":45}},"type":"binary-expr","locations":[{"start":{"line":174,"column":23},"end":{"line":174,"column":40}},{"start":{"line":174,"column":44},"end":{"line":174,"column":45}}]},"27":{"loc":{"start":{"line":175,"column":52},"end":{"line":175,"column":72}},"type":"binary-expr","locations":[{"start":{"line":175,"column":52},"end":{"line":175,"column":64}},{"start":{"line":175,"column":68},"end":{"line":175,"column":72}}]},"28":{"loc":{"start":{"line":176,"column":53},"end":{"line":176,"column":74}},"type":"binary-expr","locations":[{"start":{"line":176,"column":53},"end":{"line":176,"column":66}},{"start":{"line":176,"column":70},"end":{"line":176,"column":74}}]},"29":{"loc":{"start":{"line":177,"column":15},"end":{"line":177,"column":71}},"type":"binary-expr","locations":[{"start":{"line":177,"column":15},"end":{"line":177,"column":65}},{"start":{"line":177,"column":69},"end":{"line":177,"column":71}}]},"30":{"loc":{"start":{"line":179,"column":24},"end":{"line":179,"column":50}},"type":"binary-expr","locations":[{"start":{"line":179,"column":24},"end":{"line":179,"column":42}},{"start":{"line":179,"column":46},"end":{"line":179,"column":50}}]},"31":{"loc":{"start":{"line":180,"column":18},"end":{"line":180,"column":38}},"type":"binary-expr","locations":[{"start":{"line":180,"column":18},"end":{"line":180,"column":30}},{"start":{"line":180,"column":34},"end":{"line":180,"column":38}}]},"32":{"loc":{"start":{"line":181,"column":22},"end":{"line":181,"column":46}},"type":"binary-expr","locations":[{"start":{"line":181,"column":22},"end":{"line":181,"column":38}},{"start":{"line":181,"column":42},"end":{"line":181,"column":46}}]},"33":{"loc":{"start":{"line":183,"column":22},"end":{"line":183,"column":46}},"type":"binary-expr","locations":[{"start":{"line":183,"column":22},"end":{"line":183,"column":38}},{"start":{"line":183,"column":42},"end":{"line":183,"column":46}}]},"34":{"loc":{"start":{"line":184,"column":17},"end":{"line":184,"column":36}},"type":"binary-expr","locations":[{"start":{"line":184,"column":17},"end":{"line":184,"column":28}},{"start":{"line":184,"column":32},"end":{"line":184,"column":36}}]},"35":{"loc":{"start":{"line":185,"column":23},"end":{"line":185,"column":48}},"type":"binary-expr","locations":[{"start":{"line":185,"column":23},"end":{"line":185,"column":40}},{"start":{"line":185,"column":44},"end":{"line":185,"column":48}}]},"36":{"loc":{"start":{"line":187,"column":10},"end":{"line":187,"column":101}},"type":"cond-expr","locations":[{"start":{"line":187,"column":36},"end":{"line":187,"column":40}},{"start":{"line":187,"column":43},"end":{"line":187,"column":101}}]},"37":{"loc":{"start":{"line":188,"column":23},"end":{"line":188,"column":69}},"type":"binary-expr","locations":[{"start":{"line":188,"column":23},"end":{"line":188,"column":40}},{"start":{"line":188,"column":44},"end":{"line":188,"column":69}}]},"38":{"loc":{"start":{"line":189,"column":54},"end":{"line":189,"column":76}},"type":"binary-expr","locations":[{"start":{"line":189,"column":54},"end":{"line":189,"column":68}},{"start":{"line":189,"column":72},"end":{"line":189,"column":76}}]},"39":{"loc":{"start":{"line":190,"column":55},"end":{"line":190,"column":78}},"type":"binary-expr","locations":[{"start":{"line":190,"column":55},"end":{"line":190,"column":70}},{"start":{"line":190,"column":74},"end":{"line":190,"column":78}}]},"40":{"loc":{"start":{"line":191,"column":64},"end":{"line":191,"column":96}},"type":"binary-expr","locations":[{"start":{"line":191,"column":64},"end":{"line":191,"column":88}},{"start":{"line":191,"column":92},"end":{"line":191,"column":96}}]},"41":{"loc":{"start":{"line":192,"column":61},"end":{"line":192,"column":90}},"type":"binary-expr","locations":[{"start":{"line":192,"column":61},"end":{"line":192,"column":82}},{"start":{"line":192,"column":86},"end":{"line":192,"column":90}}]},"42":{"loc":{"start":{"line":194,"column":19},"end":{"line":194,"column":36}},"type":"binary-expr","locations":[{"start":{"line":194,"column":19},"end":{"line":194,"column":28}},{"start":{"line":194,"column":32},"end":{"line":194,"column":36}}]},"43":{"loc":{"start":{"line":195,"column":23},"end":{"line":195,"column":40}},"type":"binary-expr","locations":[{"start":{"line":195,"column":23},"end":{"line":195,"column":32}},{"start":{"line":195,"column":36},"end":{"line":195,"column":40}}]},"44":{"loc":{"start":{"line":206,"column":6},"end":{"line":225,"column":7}},"type":"if","locations":[{"start":{"line":206,"column":6},"end":{"line":225,"column":7}},{"start":{},"end":{}}]},"45":{"loc":{"start":{"line":212,"column":14},"end":{"line":212,"column":86}},"type":"binary-expr","locations":[{"start":{"line":212,"column":14},"end":{"line":212,"column":79}},{"start":{"line":212,"column":83},"end":{"line":212,"column":86}}]},"46":{"loc":{"start":{"line":214,"column":29},"end":{"line":214,"column":89}},"type":"cond-expr","locations":[{"start":{"line":214,"column":52},"end":{"line":214,"column":82}},{"start":{"line":214,"column":85},"end":{"line":214,"column":89}}]},"47":{"loc":{"start":{"line":215,"column":63},"end":{"line":215,"column":99}},"type":"binary-expr","locations":[{"start":{"line":215,"column":63},"end":{"line":215,"column":91}},{"start":{"line":215,"column":95},"end":{"line":215,"column":99}}]},"48":{"loc":{"start":{"line":216,"column":20},"end":{"line":216,"column":77}},"type":"binary-expr","locations":[{"start":{"line":216,"column":20},"end":{"line":216,"column":31}},{"start":{"line":216,"column":35},"end":{"line":216,"column":77}}]},"49":{"loc":{"start":{"line":217,"column":23},"end":{"line":217,"column":40}},"type":"binary-expr","locations":[{"start":{"line":217,"column":23},"end":{"line":217,"column":32}},{"start":{"line":217,"column":36},"end":{"line":217,"column":40}}]},"50":{"loc":{"start":{"line":218,"column":27},"end":{"line":218,"column":44}},"type":"binary-expr","locations":[{"start":{"line":218,"column":27},"end":{"line":218,"column":36}},{"start":{"line":218,"column":40},"end":{"line":218,"column":44}}]},"51":{"loc":{"start":{"line":236,"column":18},"end":{"line":236,"column":62}},"type":"cond-expr","locations":[{"start":{"line":236,"column":30},"end":{"line":236,"column":50}},{"start":{"line":236,"column":53},"end":{"line":236,"column":62}}]},"52":{"loc":{"start":{"line":242,"column":11},"end":{"line":244,"column":35}},"type":"cond-expr","locations":[{"start":{"line":243,"column":14},"end":{"line":243,"column":80}},{"start":{"line":244,"column":14},"end":{"line":244,"column":35}}]},"53":{"loc":{"start":{"line":32,"column":33},"end":{"line":32,"column":null}},"type":"cond-expr","locations":[{"start":{"line":32,"column":43},"end":{"line":32,"column":null}},{"start":{"line":32,"column":43},"end":{"line":32,"column":null}}]},"54":{"loc":{"start":{"line":32,"column":33},"end":{"line":32,"column":43}},"type":"binary-expr","locations":[{"start":{"line":32,"column":33},"end":{"line":32,"column":null}},{"start":{"line":32,"column":33},"end":{"line":32,"column":43}}]},"55":{"loc":{"start":{"line":32,"column":43},"end":{"line":33,"column":null}},"type":"cond-expr","locations":[{"start":{"line":33,"column":48},"end":{"line":33,"column":null}},{"start":{"line":33,"column":48},"end":{"line":33,"column":null}}]},"56":{"loc":{"start":{"line":32,"column":43},"end":{"line":33,"column":48}},"type":"binary-expr","locations":[{"start":{"line":32,"column":43},"end":{"line":33,"column":null}},{"start":{"line":33,"column":35},"end":{"line":33,"column":48}}]},"57":{"loc":{"start":{"line":33,"column":48},"end":{"line":34,"column":null}},"type":"cond-expr","locations":[{"start":{"line":34,"column":71},"end":{"line":34,"column":null}},{"start":{"line":34,"column":71},"end":{"line":34,"column":null}}]},"58":{"loc":{"start":{"line":33,"column":48},"end":{"line":34,"column":71}},"type":"binary-expr","locations":[{"start":{"line":33,"column":48},"end":{"line":34,"column":null}},{"start":{"line":34,"column":43},"end":{"line":34,"column":71}}]}},"s":{"0":2,"1":2,"2":2,"3":2,"4":2,"5":2,"6":2,"7":2,"8":2,"9":2,"10":2,"11":2,"12":2,"13":2,"14":2,"15":12,"16":12,"17":12,"18":12,"19":12,"20":12,"21":12,"22":12,"23":12,"24":12,"25":12,"26":12,"27":12,"28":12,"29":12,"30":6,"31":6,"32":1,"33":5,"34":5,"35":4,"36":4,"37":5,"38":5,"39":5,"40":3,"41":3,"42":2,"43":2,"44":1,"45":5,"46":3,"47":3,"48":3,"49":3,"50":0,"51":5,"52":5,"53":5,"54":3,"55":3,"56":2,"57":5,"58":3,"59":3,"60":3,"61":11,"62":11,"63":11,"64":11,"65":11,"66":11,"67":11,"68":1,"69":1,"70":1,"71":11,"72":11,"73":11,"74":11,"75":1,"76":1,"77":1,"78":12,"79":2,"80":2},"f":{"0":12,"1":12,"2":1},"b":{"0":[12,9],"1":[6,6],"2":[1,5],"3":[4,1],"4":[4,1],"5":[4,1],"6":[5,0],"7":[5,0],"8":[3,2],"9":[2,1],"10":[3,2],"11":[3,0],"12":[5,0],"13":[3,2],"14":[5,3],"15":[2,1],"16":[3,2],"17":[5,3],"18":[3,0],"19":[11,6],"20":[11,2],"21":[11,2],"22":[11,2],"23":[11,11],"24":[11,11],"25":[11,11],"26":[11,11],"27":[11,11],"28":[11,11],"29":[11,2],"30":[11,11],"31":[11,11],"32":[11,11],"33":[11,11],"34":[11,11],"35":[11,11],"36":[11,0],"37":[11,11],"38":[11,11],"39":[11,11],"40":[11,11],"41":[11,11],"42":[11,0],"43":[11,0],"44":[1,10],"45":[1,0],"46":[0,1],"47":[1,0],"48":[1,1],"49":[1,0],"50":[1,0],"51":[5,6],"52":[5,6],"53":[2,0],"54":[2,2],"55":[2,0],"56":[2,2],"57":[2,0],"58":[2,2]}}
,"C:\\Users\\RobertoCarlosZuñigaA\\Documents\\ROCCA ARCHIVOS\\Desarrollo\\PROYECTOS DESAROLLOS\\KPITAL 360\\NewKipital\\api\\src\\workflows\\employees\\employee-moved.workflow.ts": {"path":"C:\\Users\\RobertoCarlosZuñigaA\\Documents\\ROCCA ARCHIVOS\\Desarrollo\\PROYECTOS DESAROLLOS\\KPITAL 360\\NewKipital\\api\\src\\workflows\\employees\\employee-moved.workflow.ts","statementMap":{"0":{"start":{"line":1,"column":0},"end":{"line":1,"column":73}},"1":{"start":{"line":16,"column":34},"end":{"line":31,"column":null}},"2":{"start":{"line":17,"column":28},"end":{"line":17,"column":66}},"3":{"start":{"line":26,"column":4},"end":{"line":26,"column":128}},"4":{"start":{"line":16,"column":13},"end":{"line":16,"column":34}},"5":{"start":{"line":16,"column":13},"end":{"line":31,"column":null}}},"fnMap":{"0":{"name":"(anonymous_1)","decl":{"start":{"line":20,"column":2},"end":{"line":20,"column":7}},"loc":{"start":{"line":25,"column":3},"end":{"line":30,"column":3}}}},"branchMap":{},"s":{"0":0,"1":0,"2":0,"3":0,"4":0,"5":0},"f":{"0":0},"b":{}}
,"C:\\Users\\RobertoCarlosZuñigaA\\Documents\\ROCCA ARCHIVOS\\Desarrollo\\PROYECTOS DESAROLLOS\\KPITAL 360\\NewKipital\\api\\src\\workflows\\employees\\index.ts": {"path":"C:\\Users\\RobertoCarlosZuñigaA\\Documents\\ROCCA ARCHIVOS\\Desarrollo\\PROYECTOS DESAROLLOS\\KPITAL 360\\NewKipital\\api\\src\\workflows\\employees\\index.ts","statementMap":{"0":{"start":{"line":1,"column":0},"end":{"line":1,"column":9}},"1":{"start":{"line":1,"column":9},"end":{"line":1,"column":72}}},"fnMap":{"0":{"name":"(anonymous_0)","decl":{"start":{"line":1,"column":9},"end":{"line":1,"column":33}},"loc":{"start":{"line":1,"column":9},"end":{"line":1,"column":72}}}},"branchMap":{},"s":{"0":0,"1":0},"f":{"0":0},"b":{}}
,"C:\\Users\\RobertoCarlosZuñigaA\\Documents\\ROCCA ARCHIVOS\\Desarrollo\\PROYECTOS DESAROLLOS\\KPITAL 360\\NewKipital\\api\\src\\workflows\\identity\\identity-sync.workflow.ts": {"path":"C:\\Users\\RobertoCarlosZuñigaA\\Documents\\ROCCA ARCHIVOS\\Desarrollo\\PROYECTOS DESAROLLOS\\KPITAL 360\\NewKipital\\api\\src\\workflows\\identity\\identity-sync.workflow.ts","statementMap":{"0":{"start":{"line":1,"column":0},"end":{"line":1,"column":52}},"1":{"start":{"line":2,"column":0},"end":{"line":2,"column":48}},"2":{"start":{"line":3,"column":0},"end":{"line":3,"column":54}},"3":{"start":{"line":4,"column":0},"end":{"line":4,"column":51}},"4":{"start":{"line":5,"column":0},"end":{"line":5,"column":37}},"5":{"start":{"line":6,"column":0},"end":{"line":6,"column":63}},"6":{"start":{"line":7,"column":0},"end":{"line":7,"column":64}},"7":{"start":{"line":28,"column":33},"end":{"line":88,"column":null}},"8":{"start":{"line":29,"column":28},"end":{"line":29,"column":65}},"9":{"start":{"line":33,"column":21},"end":{"line":33,"column":31}},"10":{"start":{"line":34,"column":21},"end":{"line":34,"column":35}},"11":{"start":{"line":39,"column":66},"end":{"line":39,"column":79}},"12":{"start":{"line":41,"column":4},"end":{"line":44,"column":5}},"13":{"start":{"line":42,"column":6},"end":{"line":42,"column":92}},"14":{"start":{"line":43,"column":6},"end":{"line":43,"column":13}},"15":{"start":{"line":46,"column":26},"end":{"line":46,"column":55}},"16":{"start":{"line":48,"column":17},"end":{"line":48,"column":79}},"17":{"start":{"line":49,"column":4},"end":{"line":52,"column":5}},"18":{"start":{"line":50,"column":6},"end":{"line":50,"column":83}},"19":{"start":{"line":51,"column":6},"end":{"line":51,"column":13}},"20":{"start":{"line":54,"column":4},"end":{"line":57,"column":5}},"21":{"start":{"line":55,"column":6},"end":{"line":55,"column":73}},"22":{"start":{"line":56,"column":6},"end":{"line":56,"column":13}},"23":{"start":{"line":59,"column":21},"end":{"line":59,"column":85}},"24":{"start":{"line":60,"column":4},"end":{"line":65,"column":5}},"25":{"start":{"line":61,"column":6},"end":{"line":63,"column":8}},"26":{"start":{"line":64,"column":6},"end":{"line":64,"column":13}},"27":{"start":{"line":67,"column":26},"end":{"line":67,"column":36}},"28":{"start":{"line":68,"column":4},"end":{"line":68,"column":31}},"29":{"start":{"line":69,"column":4},"end":{"line":69,"column":35}},"30":{"start":{"line":70,"column":4},"end":{"line":70,"column":35}},"31":{"start":{"line":72,"column":4},"end":{"line":82,"column":7}},"32":{"start":{"line":84,"column":4},"end":{"line":86,"column":6}},"33":{"start":{"line":28,"column":13},"end":{"line":28,"column":33}},"34":{"start":{"line":38,"column":8},"end":{"line":87,"column":null}},"35":{"start":{"line":28,"column":13},"end":{"line":88,"column":null}}},"fnMap":{"0":{"name":"(anonymous_4)","decl":{"start":{"line":31,"column":2},"end":{"line":31,"column":null}},"loc":{"start":{"line":34,"column":48},"end":{"line":35,"column":6}}},"1":{"name":"(anonymous_5)","decl":{"start":{"line":38,"column":8},"end":{"line":38,"column":25}},"loc":{"start":{"line":38,"column":73},"end":{"line":87,"column":3}}}},"branchMap":{"0":{"loc":{"start":{"line":41,"column":4},"end":{"line":44,"column":5}},"type":"if","locations":[{"start":{"line":41,"column":4},"end":{"line":44,"column":5}},{"start":{},"end":{}}]},"1":{"loc":{"start":{"line":49,"column":4},"end":{"line":52,"column":5}},"type":"if","locations":[{"start":{"line":49,"column":4},"end":{"line":52,"column":5}},{"start":{},"end":{}}]},"2":{"loc":{"start":{"line":54,"column":4},"end":{"line":57,"column":5}},"type":"if","locations":[{"start":{"line":54,"column":4},"end":{"line":57,"column":5}},{"start":{},"end":{}}]},"3":{"loc":{"start":{"line":60,"column":4},"end":{"line":65,"column":5}},"type":"if","locations":[{"start":{"line":60,"column":4},"end":{"line":65,"column":5}},{"start":{},"end":{}}]},"4":{"loc":{"start":{"line":38,"column":76},"end":{"line":38,"column":null}},"type":"cond-expr","locations":[{"start":{"line":38,"column":83},"end":{"line":38,"column":null}},{"start":{"line":38,"column":83},"end":{"line":38,"column":null}}]},"5":{"loc":{"start":{"line":38,"column":76},"end":{"line":38,"column":83}},"type":"binary-expr","locations":[{"start":{"line":38,"column":76},"end":{"line":38,"column":null}},{"start":{"line":38,"column":76},"end":{"line":38,"column":83}}]},"6":{"loc":{"start":{"line":33,"column":31},"end":{"line":33,"column":47}},"type":"cond-expr","locations":[{"start":{"line":33,"column":41},"end":{"line":33,"column":47}},{"start":{"line":33,"column":41},"end":{"line":33,"column":47}}]},"7":{"loc":{"start":{"line":33,"column":31},"end":{"line":33,"column":41}},"type":"binary-expr","locations":[{"start":{"line":33,"column":31},"end":{"line":33,"column":47}},{"start":{"line":33,"column":31},"end":{"line":33,"column":41}}]},"8":{"loc":{"start":{"line":33,"column":41},"end":{"line":34,"column":null}},"type":"cond-expr","locations":[{"start":{"line":34,"column":48},"end":{"line":34,"column":null}},{"start":{"line":34,"column":48},"end":{"line":34,"column":null}}]},"9":{"loc":{"start":{"line":33,"column":41},"end":{"line":34,"column":48}},"type":"binary-expr","locations":[{"start":{"line":33,"column":41},"end":{"line":34,"column":null}},{"start":{"line":34,"column":35},"end":{"line":34,"column":48}}]}},"s":{"0":1,"1":1,"2":1,"3":1,"4":1,"5":1,"6":1,"7":1,"8":12,"9":12,"10":12,"11":13,"12":13,"13":1,"14":1,"15":12,"16":12,"17":11,"18":1,"19":1,"20":10,"21":4,"22":4,"23":6,"24":6,"25":1,"26":1,"27":5,"28":5,"29":5,"30":5,"31":5,"32":5,"33":1,"34":1,"35":1},"f":{"0":12,"1":13},"b":{"0":[1,12],"1":[1,10],"2":[4,6],"3":[1,5],"4":[1,0],"5":[1,1],"6":[1,0],"7":[1,1],"8":[1,0],"9":[1,1]}}
,"C:\\Users\\RobertoCarlosZuñigaA\\Documents\\ROCCA ARCHIVOS\\Desarrollo\\PROYECTOS DESAROLLOS\\KPITAL 360\\NewKipital\\api\\src\\workflows\\identity\\index.ts": {"path":"C:\\Users\\RobertoCarlosZuñigaA\\Documents\\ROCCA ARCHIVOS\\Desarrollo\\PROYECTOS DESAROLLOS\\KPITAL 360\\NewKipital\\api\\src\\workflows\\identity\\index.ts","statementMap":{"0":{"start":{"line":1,"column":0},"end":{"line":1,"column":9}},"1":{"start":{"line":1,"column":9},"end":{"line":1,"column":64}}},"fnMap":{"0":{"name":"(anonymous_0)","decl":{"start":{"line":1,"column":9},"end":{"line":1,"column":29}},"loc":{"start":{"line":1,"column":9},"end":{"line":1,"column":64}}}},"branchMap":{},"s":{"0":0,"1":0},"f":{"0":0},"b":{}}
,"C:\\Users\\RobertoCarlosZuñigaA\\Documents\\ROCCA ARCHIVOS\\Desarrollo\\PROYECTOS DESAROLLOS\\KPITAL 360\\NewKipital\\api\\src\\workflows\\payroll\\payroll-applied.workflow.ts": {"path":"C:\\Users\\RobertoCarlosZuñigaA\\Documents\\ROCCA ARCHIVOS\\Desarrollo\\PROYECTOS DESAROLLOS\\KPITAL 360\\NewKipital\\api\\src\\workflows\\payroll\\payroll-applied.workflow.ts","statementMap":{"0":{"start":{"line":1,"column":0},"end":{"line":1,"column":52}},"1":{"start":{"line":14,"column":35},"end":{"line":22,"column":null}},"2":{"start":{"line":15,"column":28},"end":{"line":15,"column":67}},"3":{"start":{"line":19,"column":4},"end":{"line":19,"column":91}},"4":{"start":{"line":14,"column":13},"end":{"line":14,"column":35}},"5":{"start":{"line":14,"column":13},"end":{"line":22,"column":null}}},"fnMap":{"0":{"name":"(anonymous_1)","decl":{"start":{"line":18,"column":2},"end":{"line":18,"column":7}},"loc":{"start":{"line":18,"column":78},"end":{"line":21,"column":3}}}},"branchMap":{},"s":{"0":0,"1":0,"2":0,"3":0,"4":0,"5":0},"f":{"0":0},"b":{}}
}
