TN:
SF:src\app.module.ts
FNF:0
FNH:0
DA:1,0
DA:2,0
DA:3,0
DA:4,0
DA:5,0
DA:6,0
DA:7,0
DA:8,0
DA:9,0
DA:10,0
DA:11,0
DA:12,0
DA:13,0
DA:14,0
DA:15,0
DA:16,0
DA:17,0
DA:18,0
DA:41,0
LF:19
LH:0
BRF:0
BRH:0
end_of_record
TN:
SF:src\main.ts
FN:7,flattenValidationErrors
FN:22,translateValidationMessage
FN:36,bootstrap
FN:61,(anonymous_4)
FNF:4
FNH:0
FNDA:0,flattenValidationErrors
FNDA:0,translateValidationMessage
FNDA:0,bootstrap
FNDA:0,(anonymous_4)
DA:1,0
DA:2,0
DA:3,0
DA:4,0
DA:5,0
DA:8,0
DA:10,0
DA:11,0
DA:12,0
DA:14,0
DA:15,0
DA:19,0
DA:23,0
DA:37,0
DA:39,0
DA:41,0
DA:42,0
DA:44,0
DA:48,0
DA:54,0
DA:56,0
DA:61,0
DA:70,0
DA:72,0
DA:74,0
LF:25
LH:0
BRDA:11,0,0,0
BRDA:11,0,1,0
BRDA:14,1,0,0
BRDA:14,1,1,0
BRDA:44,2,0,0
BRDA:44,2,1,0
BRF:6
BRH:0
end_of_record
TN:
SF:src\typeorm.config.ts
FNF:0
FNH:0
DA:1,0
DA:2,0
DA:8,0
LF:3
LH:0
BRDA:10,0,0,0
BRDA:10,0,1,0
BRDA:11,1,0,0
BRDA:11,1,1,0
BRDA:12,2,0,0
BRDA:12,2,1,0
BRDA:13,3,0,0
BRDA:13,3,1,0
BRDA:14,4,0,0
BRDA:14,4,1,0
BRDA:19,5,0,0
BRDA:19,5,1,0
BRDA:22,6,0,0
BRDA:22,6,1,0
BRDA:23,7,0,0
BRDA:23,7,1,0
BRDA:24,8,0,0
BRDA:24,8,1,0
BRDA:26,9,0,0
BRDA:26,9,1,0
BRF:20
BRH:0
end_of_record
TN:
SF:src\common\constants\apps.ts
FN:6,(anonymous_0)
FNF:1
FNH:0
FNDA:0,(anonymous_0)
DA:6,0
DA:7,0
DA:8,0
DA:11,0
LF:4
LH:0
BRDA:6,0,0,0
BRDA:6,0,1,0
BRF:2
BRH:0
end_of_record
TN:
SF:src\common\decorators\allow-without-company.decorator.ts
FN:5,(anonymous_0)
FNF:1
FNH:0
FNDA:0,(anonymous_0)
DA:1,1
DA:3,1
DA:5,1
LF:3
LH:3
BRF:0
BRH:0
end_of_record
TN:
SF:src\common\decorators\current-user.decorator.ts
FN:9,(anonymous_0)
FNF:1
FNH:0
FNDA:0,(anonymous_0)
DA:1,0
DA:8,0
DA:10,0
DA:11,0
LF:4
LH:0
BRF:0
BRH:0
end_of_record
TN:
SF:src\common\decorators\public.decorator.ts
FN:8,(anonymous_0)
FNF:1
FNH:0
FNDA:0,(anonymous_0)
DA:1,0
DA:3,0
DA:8,0
LF:3
LH:0
BRF:0
BRH:0
end_of_record
TN:
SF:src\common\decorators\require-app.decorator.ts
FN:10,(anonymous_0)
FNF:1
FNH:0
FNDA:0,(anonymous_0)
DA:1,0
DA:4,0
DA:10,0
LF:3
LH:0
BRF:0
BRH:0
end_of_record
TN:
SF:src\common\decorators\require-permissions.decorator.ts
FN:10,(anonymous_0)
FNF:1
FNH:0
FNDA:0,(anonymous_0)
DA:1,1
DA:3,1
DA:10,1
DA:11,0
LF:4
LH:3
BRF:0
BRH:0
end_of_record
TN:
SF:src\common\decorators\skip-csrf.decorator.ts
FN:8,(anonymous_0)
FNF:1
FNH:0
FNDA:0,(anonymous_0)
DA:1,0
DA:3,0
DA:8,0
LF:3
LH:0
BRF:0
BRH:0
end_of_record
TN:
SF:src\common\events\event-names.ts
FNF:0
FNH:0
DA:6,3
LF:1
LH:1
BRF:0
BRH:0
end_of_record
TN:
SF:src\common\guards\app-access.guard.ts
FN:16,(anonymous_2)
FN:18,(anonymous_3)
FNF:2
FNH:0
FNDA:0,(anonymous_2)
FNDA:0,(anonymous_3)
DA:1,0
DA:2,0
DA:3,0
DA:15,0
DA:16,0
DA:19,0
DA:24,0
DA:26,0
DA:27,0
DA:29,0
DA:30,0
DA:33,0
DA:34,0
DA:39,0
LF:14
LH:0
BRDA:24,0,0,0
BRDA:24,0,1,0
BRDA:29,1,0,0
BRDA:29,1,1,0
BRDA:29,2,0,0
BRDA:29,2,1,0
BRDA:33,3,0,0
BRDA:33,3,1,0
BRDA:16,4,0,0
BRDA:16,4,1,0
BRDA:16,5,0,0
BRDA:16,5,1,0
BRF:12
BRH:0
end_of_record
TN:
SF:src\common\guards\csrf.guard.ts
FN:11,(anonymous_2)
FN:13,(anonymous_3)
FNF:2
FNH:0
FNDA:0,(anonymous_2)
FNDA:0,(anonymous_3)
DA:1,0
DA:2,0
DA:4,0
DA:5,0
DA:7,0
DA:10,0
DA:11,0
DA:14,0
DA:15,0
DA:16,0
DA:19,0
DA:23,0
DA:24,0
DA:27,0
DA:28,0
DA:30,0
DA:31,0
DA:34,0
LF:18
LH:0
BRDA:15,0,0,0
BRDA:15,0,1,0
BRDA:23,1,0,0
BRDA:23,1,1,0
BRDA:30,2,0,0
BRDA:30,2,1,0
BRDA:30,3,0,0
BRDA:30,3,1,0
BRDA:30,3,2,0
BRDA:11,4,0,0
BRDA:11,4,1,0
BRDA:11,5,0,0
BRDA:11,5,1,0
BRF:13
BRH:0
end_of_record
TN:
SF:src\common\guards\jwt-auth.guard.ts
FN:8,(anonymous_2)
FN:12,(anonymous_3)
FNF:2
FNH:0
FNDA:0,(anonymous_2)
FNDA:0,(anonymous_3)
DA:1,0
DA:2,0
DA:3,0
DA:4,0
DA:7,0
DA:8,0
DA:9,0
DA:13,0
DA:18,0
DA:19,0
DA:22,0
LF:11
LH:0
BRDA:18,0,0,0
BRDA:18,0,1,0
BRDA:8,1,0,0
BRDA:8,1,1,0
BRDA:8,2,0,0
BRDA:8,2,1,0
BRF:6
BRH:0
end_of_record
TN:
SF:src\common\guards\permissions.guard.ts
FN:24,hasPermissionWithEnterpriseAliases
FN:44,(anonymous_3)
FN:49,(anonymous_4)
FN:81,(anonymous_5)
FN:99,(anonymous_6)
FN:107,(anonymous_7)
FN:118,(anonymous_8)
FNF:7
FNH:6
FNDA:13,hasPermissionWithEnterpriseAliases
FNDA:16,(anonymous_3)
FNDA:18,(anonymous_4)
FNDA:0,(anonymous_5)
FNDA:13,(anonymous_6)
FNDA:13,(anonymous_7)
FNDA:11,(anonymous_8)
DA:1,1
DA:8,1
DA:9,1
DA:10,1
DA:11,1
DA:28,13
DA:31,3
DA:32,2
DA:35,1
DA:43,1
DA:45,16
DA:46,16
DA:50,18
DA:55,18
DA:56,15
DA:61,15
DA:62,15
DA:63,15
DA:64,2
DA:67,13
DA:68,13
DA:69,2
DA:71,0
DA:72,0
DA:73,0
DA:75,0
DA:81,0
DA:82,0
DA:83,0
DA:86,0
DA:89,11
DA:90,11
DA:91,11
DA:93,11
DA:99,13
DA:100,11
DA:101,1
DA:104,10
DA:108,13
DA:109,13
DA:111,13
DA:112,13
DA:114,12
DA:115,12
DA:119,11
DA:120,11
DA:121,11
DA:123,11
DA:124,11
LF:49
LH:41
BRDA:28,0,0,10
BRDA:28,0,1,3
BRDA:31,1,0,2
BRDA:31,1,1,1
BRDA:31,2,0,3
BRDA:31,2,1,2
BRDA:55,3,0,3
BRDA:55,3,1,15
BRDA:55,4,0,18
BRDA:55,4,1,16
BRDA:63,5,0,2
BRDA:63,5,1,13
BRDA:68,6,0,2
BRDA:68,6,1,11
BRDA:69,7,0,2
BRDA:69,7,1,0
BRDA:82,8,0,0
BRDA:82,8,1,0
BRDA:100,9,0,1
BRDA:100,9,1,10
BRDA:108,10,0,13
BRDA:108,10,1,3
BRDA:109,11,0,13
BRDA:109,11,1,13
BRDA:111,12,0,13
BRDA:111,12,1,2
BRDA:112,13,0,1
BRDA:112,13,1,12
BRDA:112,14,0,13
BRDA:112,14,1,12
BRDA:115,15,0,11
BRDA:115,15,1,1
BRDA:115,16,0,12
BRDA:115,16,1,11
BRDA:123,17,0,11
BRDA:123,17,1,9
BRDA:123,17,2,8
BRDA:123,17,3,6
BRDA:124,18,0,11
BRDA:124,18,1,0
BRDA:45,19,0,1
BRDA:45,19,1,0
BRDA:45,20,0,1
BRDA:45,20,1,1
BRDA:45,21,0,1
BRDA:45,21,1,0
BRDA:45,22,0,1
BRDA:45,22,1,1
BRF:48
BRH:42
end_of_record
TN:
SF:src\common\services\employee-sensitive-data.service.ts
FN:15,(anonymous_2)
FN:29,(anonymous_3)
FN:49,(anonymous_4)
FN:74,(anonymous_5)
FN:79,(anonymous_6)
FN:84,(anonymous_7)
FN:89,(anonymous_8)
FN:93,(anonymous_9)
FN:110,(anonymous_10)
FN:114,(anonymous_11)
FNF:10
FNH:1
FNDA:0,(anonymous_2)
FNDA:0,(anonymous_3)
FNDA:0,(anonymous_4)
FNDA:0,(anonymous_5)
FNDA:0,(anonymous_6)
FNDA:0,(anonymous_7)
FNDA:0,(anonymous_8)
FNDA:0,(anonymous_9)
FNDA:13,(anonymous_10)
FNDA:0,(anonymous_11)
DA:1,2
DA:2,2
DA:3,2
DA:5,2
DA:6,2
DA:7,2
DA:8,2
DA:11,2
DA:15,0
DA:16,0
DA:17,0
DA:18,0
DA:21,0
DA:23,0
DA:25,0
DA:30,0
DA:31,0
DA:32,0
DA:33,0
DA:35,0
DA:36,0
DA:37,0
DA:38,0
DA:40,0
DA:50,0
DA:51,0
DA:53,0
DA:54,0
DA:56,0
DA:57,0
DA:58,0
DA:63,0
DA:64,0
DA:68,0
DA:70,0
DA:75,0
DA:76,0
DA:80,0
DA:81,0
DA:85,0
DA:86,0
DA:90,0
DA:94,0
DA:95,0
DA:96,0
DA:98,0
DA:99,0
DA:100,0
DA:101,0
DA:106,0
DA:107,0
DA:111,13
DA:115,0
LF:53
LH:9
BRDA:17,0,0,0
BRDA:17,0,1,0
BRDA:26,1,0,0
BRDA:26,1,1,0
BRDA:30,2,0,0
BRDA:30,2,1,0
BRDA:32,3,0,0
BRDA:32,3,1,0
BRDA:33,4,0,0
BRDA:33,4,1,0
BRDA:50,5,0,0
BRDA:50,5,1,0
BRDA:51,6,0,0
BRDA:51,6,1,0
BRDA:54,7,0,0
BRDA:54,7,1,0
BRDA:75,8,0,0
BRDA:75,8,1,0
BRDA:80,9,0,0
BRDA:80,9,1,0
BRDA:85,10,0,0
BRDA:85,10,1,0
BRDA:96,11,0,0
BRDA:96,11,1,0
BRDA:101,12,0,0
BRDA:101,12,1,0
BRDA:15,13,0,2
BRDA:15,13,1,0
BRDA:15,14,0,2
BRDA:15,14,1,2
BRF:30
BRH:3
end_of_record
TN:
SF:src\common\strategies\jwt.strategy.ts
FN:17,extractFromCookie
FN:23,(anonymous_3)
FN:31,(anonymous_4)
FNF:3
FNH:0
FNDA:0,extractFromCookie
FNDA:0,(anonymous_3)
FNDA:0,(anonymous_4)
DA:1,0
DA:2,0
DA:3,0
DA:4,0
DA:6,0
DA:18,0
DA:22,0
DA:24,0
DA:32,0
DA:33,0
DA:35,0
LF:11
LH:0
BRDA:18,0,0,0
BRDA:18,0,1,0
BRDA:32,1,0,0
BRDA:32,1,1,0
BRDA:23,2,0,0
BRDA:23,2,1,0
BRDA:23,3,0,0
BRDA:23,3,1,0
BRF:8
BRH:0
end_of_record
TN:
SF:src\config\cookie.config.ts
FN:14,getCookieOptions
FN:27,getRefreshCookieOptions
FN:40,getCsrfCookieOptions
FN:56,getClearCookieOptions
FN:68,getClearRefreshCookieOptions
FN:80,getClearCsrfCookieOptions
FNF:6
FNH:0
FNDA:0,getCookieOptions
FNDA:0,getRefreshCookieOptions
FNDA:0,getCsrfCookieOptions
FNDA:0,getClearCookieOptions
FNDA:0,getClearRefreshCookieOptions
FNDA:0,getClearCsrfCookieOptions
DA:4,0
DA:5,0
DA:6,0
DA:7,0
DA:14,0
DA:15,0
DA:17,0
DA:27,0
DA:28,0
DA:30,0
DA:40,0
DA:41,0
DA:43,0
DA:56,0
DA:57,0
DA:59,0
DA:68,0
DA:69,0
DA:71,0
DA:80,0
DA:81,0
DA:83,0
LF:22
LH:0
BRDA:20,0,0,0
BRDA:20,0,1,0
BRDA:21,1,0,0
BRDA:21,1,1,0
BRDA:33,2,0,0
BRDA:33,2,1,0
BRDA:34,3,0,0
BRDA:34,3,1,0
BRDA:46,4,0,0
BRDA:46,4,1,0
BRDA:47,5,0,0
BRDA:47,5,1,0
BRDA:62,6,0,0
BRDA:62,6,1,0
BRDA:63,7,0,0
BRDA:63,7,1,0
BRDA:74,8,0,0
BRDA:74,8,1,0
BRDA:75,9,0,0
BRDA:75,9,1,0
BRDA:86,10,0,0
BRDA:86,10,1,0
BRDA:87,11,0,0
BRDA:87,11,1,0
BRF:24
BRH:0
end_of_record
TN:
SF:src\config\database.config.ts
FN:5,(anonymous_0)
FNF:1
FNH:0
FNDA:0,(anonymous_0)
DA:1,0
DA:4,0
DA:5,0
LF:3
LH:0
BRF:0
BRH:0
end_of_record
TN:
SF:src\config\jwt.config.ts
FN:5,(anonymous_0)
FNF:1
FNH:0
FNDA:0,(anonymous_0)
DA:1,0
DA:4,0
DA:5,0
LF:3
LH:0
BRF:0
BRH:0
end_of_record
TN:
SF:src\database\migrations\1708531200000-CreateSysEmpresas.ts
FN:8,(anonymous_0)
FN:70,(anonymous_1)
FNF:2
FNH:0
FNDA:0,(anonymous_0)
FNDA:0,(anonymous_1)
DA:1,0
DA:7,0
DA:9,0
DA:46,0
DA:52,0
DA:58,0
DA:64,0
DA:71,0
DA:72,0
DA:73,0
DA:74,0
DA:75,0
LF:12
LH:0
BRF:0
BRH:0
end_of_record
TN:
SF:src\database\migrations\1708531300000-CreateIdentitySchema.ts
FN:13,(anonymous_0)
FN:386,(anonymous_1)
FNF:2
FNH:0
FNDA:0,(anonymous_0)
FNDA:0,(anonymous_1)
DA:1,0
DA:12,0
DA:15,0
DA:49,0
DA:54,0
DA:60,0
DA:89,0
DA:94,0
DA:100,0
DA:120,0
DA:126,0
DA:134,0
DA:144,0
DA:164,0
DA:170,0
DA:178,0
DA:188,0
DA:217,0
DA:222,0
DA:228,0
DA:250,0
DA:255,0
DA:259,0
DA:265,0
DA:284,0
DA:290,0
DA:298,0
DA:308,0
DA:338,0
DA:343,0
DA:347,0
DA:352,0
DA:360,0
DA:368,0
DA:376,0
DA:388,0
DA:389,0
DA:390,0
DA:391,0
DA:392,0
DA:393,0
DA:394,0
DA:395,0
LF:43
LH:0
BRF:0
BRH:0
end_of_record
TN:
SF:src\database\migrations\1708531400000-EnhanceSysUsuarios.ts
FN:20,(anonymous_0)
FN:107,(anonymous_1)
FNF:2
FNH:0
FNDA:0,(anonymous_0)
FNDA:0,(anonymous_1)
DA:1,0
DA:19,0
DA:23,0
DA:31,0
DA:37,0
DA:45,0
DA:52,0
DA:59,0
DA:65,0
DA:74,0
DA:81,0
DA:87,0
DA:95,0
DA:101,0
DA:108,0
DA:109,0
DA:112,0
DA:118,0
DA:124,0
DA:132,0
DA:133,0
DA:134,0
DA:135,0
DA:136,0
DA:137,0
DA:138,0
LF:26
LH:0
BRF:0
BRH:0
end_of_record
TN:
SF:src\database\migrations\1708531500000-CreateSysEmpleados.ts
FN:14,(anonymous_0)
FN:105,(anonymous_1)
FNF:2
FNH:0
FNDA:0,(anonymous_0)
FNDA:0,(anonymous_1)
DA:1,0
DA:13,0
DA:15,0
DA:58,0
DA:63,0
DA:68,0
DA:74,0
DA:79,0
DA:86,0
DA:95,0
DA:106,0
LF:11
LH:0
BRF:0
BRH:0
end_of_record
TN:
SF:src\database\migrations\1708531600000-SeedIdentityCore.ts
FN:15,(anonymous_9)
FN:139,(anonymous_10)
FNF:2
FNH:0
FNDA:0,(anonymous_9)
FNDA:0,(anonymous_10)
DA:2,0
DA:14,0
DA:16,0
DA:17,0
DA:18,0
DA:19,0
DA:22,0
DA:26,0
DA:29,0
DA:35,0
DA:36,0
DA:39,0
DA:59,0
DA:60,0
DA:67,0
DA:71,0
DA:74,0
DA:75,0
DA:76,0
DA:83,0
DA:96,0
DA:99,0
DA:107,0
DA:113,0
DA:126,0
DA:140,0
DA:141,0
DA:142,0
DA:143,0
DA:144,0
DA:145,0
DA:146,0
DA:147,0
DA:148,0
LF:34
LH:0
BRF:0
BRH:0
end_of_record
TN:
SF:src\database\migrations\1708531700000-RedefineEmpleadoEnterprise.ts
FN:11,(anonymous_0)
FN:137,(anonymous_1)
FNF:2
FNH:0
FNDA:0,(anonymous_0)
FNDA:0,(anonymous_1)
DA:1,0
DA:10,0
DA:12,0
DA:15,0
DA:29,0
DA:30,0
DA:33,0
DA:45,0
DA:48,0
DA:60,0
DA:63,0
DA:66,0
DA:68,0
DA:117,0
DA:118,0
DA:119,0
DA:120,0
DA:121,0
DA:122,0
DA:123,0
DA:124,0
DA:125,0
DA:126,0
DA:129,0
DA:130,0
DA:131,0
DA:132,0
DA:133,0
DA:134,0
DA:138,0
DA:139,0
DA:140,0
DA:141,0
LF:33
LH:0
BRF:0
BRH:0
end_of_record
TN:
SF:src\database\migrations\1708531800000-CreatePayrollAndPersonalActions.ts
FN:9,(anonymous_0)
FN:103,(anonymous_1)
FNF:2
FNH:0
FNDA:0,(anonymous_0)
FNDA:0,(anonymous_1)
DA:1,0
DA:8,0
DA:11,0
DA:28,0
DA:29,0
DA:30,0
DA:32,0
DA:40,0
DA:50,0
DA:72,0
DA:73,0
DA:74,0
DA:75,0
DA:77,0
DA:85,0
DA:93,0
DA:104,0
DA:105,0
LF:18
LH:0
BRF:0
BRH:0
end_of_record
TN:
SF:src\database\migrations\1708531900000-CreateCalendarioNominaMaestro.ts
FN:13,(anonymous_0)
FN:143,(anonymous_1)
FNF:2
FNH:0
FNDA:0,(anonymous_0)
FNDA:0,(anonymous_1)
DA:1,0
DA:12,0
DA:15,0
DA:18,0
DA:21,0
DA:46,0
DA:47,0
DA:48,0
DA:49,0
DA:51,0
DA:59,0
DA:69,0
DA:76,0
DA:77,0
DA:87,0
DA:105,0
DA:106,0
DA:107,0
DA:109,0
DA:117,0
DA:125,0
DA:133,0
DA:144,0
DA:145,0
DA:146,0
DA:147,0
DA:149,0
DA:165,0
LF:28
LH:0
BRF:0
BRH:0
end_of_record
TN:
SF:src\database\migrations\1708532000000-SeedUsuarioRobertoRocca.ts
FN:10,(anonymous_9)
FN:27,(anonymous_10)
FN:28,(anonymous_11)
FN:88,(anonymous_12)
FNF:4
FNH:0
FNDA:0,(anonymous_9)
FNDA:0,(anonymous_10)
FNDA:0,(anonymous_11)
FNDA:0,(anonymous_12)
DA:2,0
DA:9,0
DA:11,0
DA:12,0
DA:13,0
DA:14,0
DA:17,0
DA:18,0
DA:19,0
DA:21,0
DA:22,0
DA:25,0
DA:26,0
DA:27,0
DA:28,0
DA:30,0
DA:33,0
DA:34,0
DA:37,0
DA:40,0
DA:53,0
DA:54,0
DA:56,0
DA:57,0
DA:62,0
DA:63,0
DA:69,0
DA:74,0
DA:75,0
DA:80,0
DA:81,0
DA:89,0
DA:90,0
DA:91,0
DA:92,0
DA:93,0
DA:94,0
DA:95,0
LF:38
LH:0
BRDA:21,0,0,0
BRDA:21,0,1,0
BRDA:21,1,0,0
BRDA:21,1,1,0
BRDA:21,1,2,0
BRDA:33,2,0,0
BRDA:33,2,1,0
BRDA:56,3,0,0
BRDA:56,3,1,0
BRDA:62,4,0,0
BRDA:62,4,1,0
BRDA:74,5,0,0
BRDA:74,5,1,0
BRDA:80,6,0,0
BRDA:80,6,1,0
BRDA:90,7,0,0
BRDA:90,7,1,0
BRF:17
BRH:0
end_of_record
TN:
SF:src\database\migrations\1708532100000-AddMicrosoftIdentityToSysUsuarios.ts
FN:8,(anonymous_0)
FN:31,(anonymous_1)
FN:42,(anonymous_2)
FN:45,(anonymous_3)
FNF:4
FNH:0
FNDA:0,(anonymous_0)
FNDA:0,(anonymous_1)
FNDA:0,(anonymous_2)
FNDA:0,(anonymous_3)
DA:1,0
DA:7,0
DA:9,0
DA:10,0
DA:11,0
DA:19,0
DA:20,0
DA:21,0
DA:29,0
DA:30,0
DA:31,0
DA:33,0
DA:34,0
DA:43,0
DA:44,0
DA:45,0
DA:47,0
DA:48,0
DA:51,0
DA:52,0
DA:53,0
DA:56,0
DA:57,0
DA:58,0
LF:24
LH:0
BRDA:10,0,0,0
BRDA:10,0,1,0
BRDA:20,1,0,0
BRDA:20,1,1,0
BRDA:33,2,0,0
BRDA:33,2,1,0
BRDA:47,3,0,0
BRDA:47,3,1,0
BRDA:52,4,0,0
BRDA:52,4,1,0
BRDA:57,5,0,0
BRDA:57,5,1,0
BRF:12
BRH:0
end_of_record
TN:
SF:src\database\migrations\1708532200000-AddSecurityAndOutboxTables.ts
FN:10,(anonymous_0)
FN:50,(anonymous_1)
FN:60,(anonymous_2)
FN:108,(anonymous_3)
FNF:4
FNH:0
FNDA:0,(anonymous_0)
FNDA:0,(anonymous_1)
FNDA:0,(anonymous_2)
FNDA:0,(anonymous_3)
DA:1,0
DA:9,0
DA:11,0
DA:12,0
DA:13,0
DA:49,0
DA:50,0
DA:51,0
DA:60,0
DA:61,0
DA:70,0
DA:71,0
DA:72,0
DA:94,0
DA:95,0
DA:96,0
DA:109,0
DA:110,0
DA:111,0
DA:113,0
DA:114,0
DA:115,0
DA:116,0
LF:23
LH:0
BRDA:12,0,0,0
BRDA:12,0,1,0
BRDA:50,1,0,0
BRDA:50,1,1,0
BRDA:50,2,0,0
BRDA:50,2,1,0
BRDA:60,3,0,0
BRDA:60,3,1,0
BRDA:60,4,0,0
BRDA:60,4,1,0
BRDA:71,5,0,0
BRDA:71,5,1,0
BRDA:95,6,0,0
BRDA:95,6,1,0
BRDA:110,7,0,0
BRDA:110,7,1,0
BRDA:115,8,0,0
BRDA:115,8,1,0
BRF:18
BRH:0
end_of_record
TN:
SF:src\database\migrations\1708532300000-SeedEmpresasMultiempresaPrueba.ts
FN:8,(anonymous_0)
FN:40,(anonymous_1)
FNF:2
FNH:0
FNDA:0,(anonymous_0)
FNDA:0,(anonymous_1)
DA:7,0
DA:9,0
DA:11,0
DA:23,0
DA:26,0
DA:28,0
DA:32,0
DA:33,0
DA:41,0
DA:42,0
DA:47,0
LF:11
LH:0
BRDA:26,0,0,0
BRDA:26,0,1,0
BRF:2
BRH:0
end_of_record
TN:
SF:src\database\migrations\1708532400000-AddUserPermissionOverrides.ts
FN:4,(anonymous_0)
FN:47,(anonymous_1)
FN:57,(anonymous_2)
FN:67,(anonymous_3)
FN:77,(anonymous_4)
FN:91,(anonymous_5)
FN:105,(anonymous_6)
FN:119,(anonymous_7)
FN:134,(anonymous_8)
FNF:9
FNH:0
FNDA:0,(anonymous_0)
FNDA:0,(anonymous_1)
FNDA:0,(anonymous_2)
FNDA:0,(anonymous_3)
FNDA:0,(anonymous_4)
FNDA:0,(anonymous_5)
FNDA:0,(anonymous_6)
FNDA:0,(anonymous_7)
FNDA:0,(anonymous_8)
DA:1,0
DA:3,0
DA:5,0
DA:6,0
DA:7,0
DA:44,0
DA:45,0
DA:47,0
DA:48,0
DA:57,0
DA:58,0
DA:67,0
DA:68,0
DA:77,0
DA:78,0
DA:91,0
DA:92,0
DA:105,0
DA:106,0
DA:119,0
DA:120,0
DA:135,0
DA:136,0
DA:137,0
LF:24
LH:0
BRDA:6,0,0,0
BRDA:6,0,1,0
BRDA:45,1,0,0
BRDA:45,1,1,0
BRDA:47,2,0,0
BRDA:47,2,1,0
BRDA:57,3,0,0
BRDA:57,3,1,0
BRDA:67,4,0,0
BRDA:67,4,1,0
BRDA:77,5,0,0
BRDA:77,5,1,0
BRDA:91,6,0,0
BRDA:91,6,1,0
BRDA:105,7,0,0
BRDA:105,7,1,0
BRDA:119,8,0,0
BRDA:119,8,1,0
BRDA:136,9,0,0
BRDA:136,9,1,0
BRF:20
BRH:0
end_of_record
TN:
SF:src\database\migrations\1708532500000-AddPermissionAuditColumns.ts
FN:4,(anonymous_0)
FN:44,(anonymous_1)
FNF:2
FNH:0
FNDA:0,(anonymous_0)
FNDA:0,(anonymous_1)
DA:1,0
DA:3,0
DA:5,0
DA:6,0
DA:7,0
DA:19,0
DA:20,0
DA:21,0
DA:31,0
DA:32,0
DA:33,0
DA:45,0
DA:46,0
DA:47,0
DA:50,0
DA:51,0
DA:52,0
DA:55,0
DA:56,0
DA:57,0
LF:20
LH:0
BRDA:6,0,0,0
BRDA:6,0,1,0
BRDA:20,1,0,0
BRDA:20,1,1,0
BRDA:32,2,0,0
BRDA:32,2,1,0
BRDA:46,3,0,0
BRDA:46,3,1,0
BRDA:51,4,0,0
BRDA:51,4,1,0
BRDA:56,5,0,0
BRDA:56,5,1,0
BRF:12
BRH:0
end_of_record
TN:
SF:src\database\migrations\1708532600000-AddNetSuiteGlobalRolesExclusions.ts
FN:9,(anonymous_0)
FN:161,(anonymous_1)
FNF:2
FNH:0
FNDA:0,(anonymous_0)
FNDA:0,(anonymous_1)
DA:1,0
DA:8,0
DA:10,0
DA:11,0
DA:40,0
DA:51,0
DA:62,0
DA:75,0
DA:76,0
DA:109,0
DA:120,0
DA:131,0
DA:142,0
DA:154,0
DA:162,0
DA:163,0
DA:165,0
DA:166,0
LF:18
LH:0
BRDA:10,0,0,0
BRDA:10,0,1,0
BRDA:75,1,0,0
BRDA:75,1,1,0
BRDA:162,2,0,0
BRDA:162,2,1,0
BRDA:165,3,0,0
BRDA:165,3,1,0
BRF:8
BRH:0
end_of_record
TN:
SF:src\database\migrations\1708532600000-CreateSysNotificaciones.ts
FN:8,(anonymous_0)
FN:112,(anonymous_1)
FNF:2
FNH:0
FNDA:0,(anonymous_0)
FNDA:0,(anonymous_1)
DA:1,0
DA:7,0
DA:9,0
DA:30,0
DA:34,0
DA:39,0
DA:47,0
DA:55,0
DA:64,0
DA:80,0
DA:85,0
DA:89,0
DA:94,0
DA:102,0
DA:113,0
DA:114,0
LF:16
LH:0
BRF:0
BRH:0
end_of_record
TN:
SF:src\database\migrations\1708532700000-SeedPermisoTimeWiseDistribucionCosto.ts
FN:8,(anonymous_0)
FN:24,(anonymous_1)
FNF:2
FNH:0
FNDA:0,(anonymous_0)
FNDA:0,(anonymous_1)
DA:7,0
DA:9,0
DA:11,0
DA:25,0
LF:4
LH:0
BRF:0
BRH:0
end_of_record
TN:
SF:src\database\migrations\1708532800000-ResetToEssentialPermissionsOnly.ts
FN:9,(anonymous_0)
FN:97,(anonymous_1)
FNF:2
FNH:0
FNDA:0,(anonymous_0)
FNDA:0,(anonymous_1)
DA:8,0
DA:10,0
DA:13,0
DA:14,0
DA:16,0
DA:17,0
DA:19,0
DA:20,0
DA:22,0
DA:23,0
DA:24,0
DA:25,0
DA:28,0
DA:34,0
DA:35,0
DA:42,0
DA:47,0
DA:52,0
DA:55,0
DA:56,0
DA:63,0
DA:66,0
DA:67,0
DA:69,0
DA:71,0
DA:74,0
DA:77,0
DA:78,0
DA:80,0
DA:82,0
DA:83,0
LF:31
LH:0
BRDA:13,0,0,0
BRDA:13,0,1,0
BRDA:16,1,0,0
BRDA:16,1,1,0
BRDA:19,2,0,0
BRDA:19,2,1,0
BRDA:66,3,0,0
BRDA:66,3,1,0
BRDA:77,4,0,0
BRDA:77,4,1,0
BRDA:77,5,0,0
BRDA:77,5,1,0
BRF:12
BRH:0
end_of_record
TN:
SF:src\database\migrations\1708532900000-SeedEmpresaSigmaYUsuarioDemo.ts
FN:14,(anonymous_9)
FN:107,(anonymous_10)
FNF:2
FNH:0
FNDA:0,(anonymous_9)
FNDA:0,(anonymous_10)
DA:2,0
DA:13,0
DA:15,0
DA:16,0
DA:17,0
DA:18,0
DA:21,0
DA:30,0
DA:33,0
DA:34,0
DA:37,0
DA:38,0
DA:39,0
DA:40,0
DA:41,0
DA:44,0
DA:50,0
DA:53,0
DA:55,0
DA:66,0
DA:69,0
DA:72,0
DA:78,0
DA:81,0
DA:83,0
DA:84,0
DA:89,0
DA:95,0
DA:96,0
DA:101,0
DA:108,0
DA:111,0
DA:112,0
DA:113,0
DA:114,0
DA:115,0
DA:116,0
DA:118,0
DA:121,0
DA:122,0
DA:123,0
LF:41
LH:0
BRDA:33,0,0,0
BRDA:33,0,1,0
BRDA:39,1,0,0
BRDA:39,1,1,0
BRDA:39,2,0,0
BRDA:39,2,1,0
BRDA:53,3,0,0
BRDA:53,3,1,0
BRDA:83,4,0,0
BRDA:83,4,1,0
BRDA:95,5,0,0
BRDA:95,5,1,0
BRDA:111,6,0,0
BRDA:111,6,1,0
BRDA:121,7,0,0
BRDA:121,7,1,0
BRF:16
BRH:0
end_of_record
TN:
SF:src\database\migrations\1708533000000-AddUserPermissionGlobalDeny.ts
FN:9,(anonymous_0)
FN:87,(anonymous_1)
FNF:2
FNH:0
FNDA:0,(anonymous_0)
FNDA:0,(anonymous_1)
DA:1,0
DA:8,0
DA:10,0
DA:11,0
DA:13,0
DA:47,0
DA:52,0
DA:63,0
DA:74,0
DA:88,0
DA:89,0
LF:11
LH:0
BRDA:11,0,0,0
BRDA:11,0,1,0
BRDA:88,1,0,0
BRDA:88,1,1,0
BRF:4
BRH:0
end_of_record
TN:
SF:src\database\migrations\1708533100000-FixUsersWithCompaniesWithoutApp.ts
FN:9,(anonymous_0)
FN:27,(anonymous_1)
FNF:2
FNH:0
FNDA:0,(anonymous_0)
FNDA:0,(anonymous_1)
DA:8,0
DA:10,0
DA:13,0
DA:14,0
DA:16,0
DA:18,0
LF:6
LH:0
BRDA:13,0,0,0
BRDA:13,0,1,0
BRDA:13,1,0,0
BRDA:13,1,1,0
BRF:4
BRH:0
end_of_record
TN:
SF:src\database\migrations\1708533200000-SeedRolesTimeWiseKpitalYPermisosEmployee.ts
FN:17,(anonymous_0)
FN:126,(anonymous_1)
FNF:2
FNH:0
FNDA:0,(anonymous_0)
FNDA:0,(anonymous_1)
DA:16,0
DA:18,0
DA:21,0
DA:31,0
DA:32,0
DA:39,0
DA:44,0
DA:45,0
DA:52,0
DA:58,0
DA:59,0
DA:66,0
DA:67,0
DA:68,0
DA:69,0
DA:72,0
DA:73,0
DA:76,0
DA:77,0
DA:85,0
DA:86,0
DA:87,0
DA:88,0
DA:89,0
DA:90,0
DA:91,0
DA:92,0
DA:93,0
DA:94,0
DA:95,0
DA:104,0
DA:105,0
DA:106,0
DA:107,0
DA:108,0
DA:109,0
DA:110,0
DA:111,0
DA:112,0
DA:113,0
DA:114,0
DA:127,0
DA:128,0
DA:129,0
DA:130,0
DA:131,0
DA:132,0
DA:134,0
DA:135,0
DA:137,0
DA:138,0
DA:141,0
DA:142,0
DA:143,0
DA:144,0
LF:55
LH:0
BRDA:67,0,0,0
BRDA:67,0,1,0
BRDA:76,1,0,0
BRDA:76,1,1,0
BRDA:87,2,0,0
BRDA:87,2,1,0
BRDA:91,3,0,0
BRDA:91,3,1,0
BRDA:94,4,0,0
BRDA:94,4,1,0
BRDA:106,5,0,0
BRDA:106,5,1,0
BRDA:110,6,0,0
BRDA:110,6,1,0
BRDA:113,7,0,0
BRDA:113,7,1,0
BRDA:131,8,0,0
BRDA:131,8,1,0
BRDA:134,9,0,0
BRDA:134,9,1,0
BRF:20
BRH:0
end_of_record
TN:
SF:src\database\migrations\1708533300000-AddConfigUserGranularPermissions.ts
FN:8,(anonymous_0)
FN:31,(anonymous_1)
FNF:2
FNH:0
FNDA:0,(anonymous_0)
FNDA:0,(anonymous_1)
DA:7,0
DA:9,0
DA:10,0
DA:20,0
DA:32,0
DA:37,0
LF:6
LH:0
BRF:0
BRH:0
end_of_record
TN:
SF:src\database\migrations\1708533300000-AddIdAppToSysRoles.ts
FN:9,(anonymous_0)
FN:57,(anonymous_1)
FN:59,(anonymous_2)
FNF:3
FNH:0
FNDA:0,(anonymous_0)
FNDA:0,(anonymous_1)
FNDA:0,(anonymous_2)
DA:1,0
DA:8,0
DA:10,0
DA:19,0
DA:22,0
DA:25,0
DA:26,0
DA:28,0
DA:29,0
DA:33,0
DA:34,0
DA:40,0
DA:51,0
DA:58,0
DA:59,0
DA:60,0
DA:61,0
DA:63,0
DA:64,0
LF:19
LH:0
BRDA:28,0,0,0
BRDA:28,0,1,0
BRDA:33,1,0,0
BRDA:33,1,1,0
BRDA:60,2,0,0
BRDA:60,2,1,0
BRF:6
BRH:0
end_of_record
TN:
SF:src\database\migrations\1708533400000-SyncPermissionCatalogAndCompanyGranular.ts
FN:14,(anonymous_0)
FN:88,(anonymous_1)
FNF:2
FNH:0
FNDA:0,(anonymous_0)
FNDA:0,(anonymous_1)
DA:13,0
DA:15,0
DA:17,0
DA:61,0
DA:73,0
DA:89,0
DA:96,0
LF:7
LH:0
BRF:0
BRH:0
end_of_record
TN:
SF:src\database\migrations\1708533500000-CreateSysAuditoriaAcciones.ts
FN:6,(anonymous_0)
FN:85,(anonymous_1)
FNF:2
FNH:0
FNDA:0,(anonymous_0)
FNDA:0,(anonymous_1)
DA:1,0
DA:3,0
DA:4,0
DA:7,0
DA:8,0
DA:10,0
DA:40,0
DA:60,0
DA:86,0
DA:87,0
DA:88,0
LF:11
LH:0
BRDA:8,0,0,0
BRDA:8,0,1,0
BRDA:87,1,0,0
BRDA:87,1,1,0
BRF:4
BRH:0
end_of_record
TN:
SF:src\database\migrations\1708533600000-AddCompanyAuditPermission.ts
FN:4,(anonymous_0)
FN:49,(anonymous_1)
FNF:2
FNH:0
FNDA:0,(anonymous_0)
FNDA:0,(anonymous_1)
DA:3,0
DA:5,0
DA:7,0
DA:34,0
DA:50,0
DA:59,0
LF:6
LH:0
BRF:0
BRH:0
end_of_record
TN:
SF:src\database\migrations\1708533700000-CreateEmployeeAguinaldoProvisionHistory.ts
FN:4,(anonymous_0)
FN:75,(anonymous_1)
FNF:2
FNH:0
FNDA:0,(anonymous_0)
FNDA:0,(anonymous_1)
DA:1,0
DA:3,0
DA:5,0
DA:37,0
DA:41,0
DA:45,0
DA:50,0
DA:62,0
DA:76,0
LF:9
LH:0
BRF:0
BRH:0
end_of_record
TN:
SF:src\database\migrations\1708533800000-EncryptEmployeeDataAndAutomationQueue.ts
FN:4,(anonymous_0)
FN:11,(anonymous_1)
FN:32,(anonymous_2)
FN:89,(anonymous_3)
FN:166,(anonymous_4)
FN:236,(anonymous_5)
FN:271,(anonymous_6)
FN:274,(anonymous_7)
FN:280,(anonymous_8)
FN:287,(anonymous_9)
FNF:10
FNH:0
FNDA:0,(anonymous_0)
FNDA:0,(anonymous_1)
FNDA:0,(anonymous_2)
FNDA:0,(anonymous_3)
FNDA:0,(anonymous_4)
FNDA:0,(anonymous_5)
FNDA:0,(anonymous_6)
FNDA:0,(anonymous_7)
FNDA:0,(anonymous_8)
FNDA:0,(anonymous_9)
DA:1,0
DA:3,0
DA:5,0
DA:6,0
DA:7,0
DA:8,0
DA:12,0
DA:13,0
DA:15,0
DA:16,0
DA:19,0
DA:26,0
DA:33,0
DA:35,0
DA:36,0
DA:40,0
DA:41,0
DA:45,0
DA:46,0
DA:50,0
DA:51,0
DA:55,0
DA:56,0
DA:61,0
DA:65,0
DA:66,0
DA:67,0
DA:69,0
DA:78,0
DA:90,0
DA:91,0
DA:92,0
DA:130,0
DA:136,0
DA:142,0
DA:145,0
DA:149,0
DA:150,0
DA:154,0
DA:155,0
DA:159,0
DA:160,0
DA:167,0
DA:168,0
DA:201,0
DA:202,0
DA:237,0
DA:238,0
DA:261,0
DA:272,0
DA:273,0
DA:274,0
DA:275,0
DA:276,0
DA:285,0
DA:286,0
DA:287,0
DA:288,0
DA:289,0
LF:59
LH:0
BRDA:12,0,0,0
BRDA:12,0,1,0
BRDA:15,1,0,0
BRDA:15,1,1,0
BRDA:35,2,0,0
BRDA:35,2,1,0
BRDA:40,3,0,0
BRDA:40,3,1,0
BRDA:45,4,0,0
BRDA:45,4,1,0
BRDA:50,5,0,0
BRDA:50,5,1,0
BRDA:55,6,0,0
BRDA:55,6,1,0
BRDA:91,7,0,0
BRDA:91,7,1,0
BRDA:149,8,0,0
BRDA:149,8,1,0
BRDA:154,9,0,0
BRDA:154,9,1,0
BRDA:159,10,0,0
BRDA:159,10,1,0
BRDA:167,11,0,0
BRDA:167,11,1,0
BRDA:201,12,0,0
BRDA:201,12,1,0
BRDA:273,13,0,0
BRDA:273,13,1,0
BRDA:275,14,0,0
BRDA:275,14,1,0
BRDA:286,15,0,0
BRDA:286,15,1,0
BRDA:288,16,0,0
BRDA:288,16,1,0
BRF:34
BRH:0
end_of_record
TN:
SF:src\database\migrations\1708533900000-AddAutomationMonitoringPermissions.ts
FN:6,(anonymous_0)
FN:36,(anonymous_1)
FNF:2
FNH:0
FNDA:0,(anonymous_0)
FNDA:0,(anonymous_1)
DA:3,0
DA:4,0
DA:7,0
DA:9,0
DA:25,0
DA:37,0
DA:46,0
LF:7
LH:0
BRF:0
BRH:0
end_of_record
TN:
SF:src\database\migrations\1708534000000-AddQueueMonitoringIndexes.ts
FN:6,(anonymous_0)
FN:46,(anonymous_1)
FN:55,(anonymous_2)
FN:76,(anonymous_3)
FNF:4
FNH:0
FNDA:0,(anonymous_0)
FNDA:0,(anonymous_1)
FNDA:0,(anonymous_2)
FNDA:0,(anonymous_3)
DA:3,0
DA:4,0
DA:7,0
DA:13,0
DA:19,0
DA:26,0
DA:32,0
DA:38,0
DA:47,0
DA:48,0
DA:49,0
DA:50,0
DA:51,0
DA:52,0
DA:61,0
DA:72,0
DA:73,0
DA:81,0
DA:92,0
DA:93,0
LF:20
LH:0
BRDA:72,0,0,0
BRDA:72,0,1,0
BRDA:72,1,0,0
BRDA:72,1,1,0
BRDA:92,2,0,0
BRDA:92,2,1,0
BRDA:92,3,0,0
BRDA:92,3,1,0
BRF:8
BRH:0
end_of_record
TN:
SF:src\modules\access-control\access-control.module.ts
FNF:0
FNH:0
DA:1,0
DA:2,0
DA:3,0
DA:4,0
DA:5,0
DA:6,0
DA:7,0
DA:8,0
DA:9,0
DA:10,0
DA:11,0
DA:12,0
DA:13,0
DA:14,0
DA:15,0
DA:16,0
DA:17,0
DA:18,0
DA:19,0
DA:20,0
DA:21,0
DA:22,0
DA:23,0
DA:24,0
DA:25,0
DA:26,0
DA:68,0
LF:27
LH:0
BRF:0
BRH:0
end_of_record
TN:
SF:src\modules\access-control\apps.controller.ts
FN:8,(anonymous_4)
FN:12,(anonymous_5)
FN:18,(anonymous_6)
FN:24,(anonymous_7)
FN:30,(anonymous_8)
FN:36,(anonymous_9)
FNF:6
FNH:0
FNDA:0,(anonymous_4)
FNDA:0,(anonymous_5)
FNDA:0,(anonymous_6)
FNDA:0,(anonymous_7)
FNDA:0,(anonymous_8)
FNDA:0,(anonymous_9)
DA:1,0
DA:2,0
DA:3,0
DA:4,0
DA:7,0
DA:8,0
DA:12,0
DA:13,0
DA:18,0
DA:19,0
DA:24,0
DA:25,0
DA:30,0
DA:31,0
DA:36,0
DA:37,0
LF:16
LH:0
BRDA:12,0,0,0
BRDA:12,0,1,0
BRDA:12,1,0,0
BRDA:12,1,1,0
BRDA:8,2,0,0
BRDA:8,2,1,0
BRDA:8,3,0,0
BRDA:8,3,1,0
BRF:8
BRH:0
end_of_record
TN:
SF:src\modules\access-control\apps.service.ts
FN:9,(anonymous_4)
FN:14,(anonymous_5)
FN:23,(anonymous_6)
FN:27,(anonymous_7)
FN:35,(anonymous_8)
FN:43,(anonymous_9)
FN:49,(anonymous_10)
FNF:7
FNH:0
FNDA:0,(anonymous_4)
FNDA:0,(anonymous_5)
FNDA:0,(anonymous_6)
FNDA:0,(anonymous_7)
FNDA:0,(anonymous_8)
FNDA:0,(anonymous_9)
FNDA:0,(anonymous_10)
DA:1,0
DA:2,0
DA:3,0
DA:4,0
DA:8,0
DA:11,0
DA:15,0
DA:16,0
DA:17,0
DA:19,0
DA:20,0
DA:24,0
DA:28,0
DA:29,0
DA:30,0
DA:32,0
DA:36,0
DA:37,0
DA:38,0
DA:40,0
DA:44,0
DA:45,0
DA:46,0
DA:50,0
DA:51,0
DA:52,0
LF:26
LH:0
BRDA:16,0,0,0
BRDA:16,0,1,0
BRDA:29,1,0,0
BRDA:29,1,1,0
BRDA:37,2,0,0
BRDA:37,2,1,0
BRDA:11,3,0,0
BRDA:11,3,1,0
BRDA:11,4,0,0
BRDA:11,4,1,0
BRF:10
BRH:0
end_of_record
TN:
SF:src\modules\access-control\config-access.controller.ts
FN:43,(anonymous_4)
FN:58,(anonymous_5)
FN:64,(anonymous_6)
FN:73,(anonymous_7)
FN:82,(anonymous_8)
FN:92,(anonymous_9)
FN:101,(anonymous_10)
FN:110,(anonymous_11)
FN:119,(anonymous_12)
FN:128,(anonymous_13)
FN:137,(anonymous_14)
FN:143,(anonymous_15)
FN:153,(anonymous_16)
FN:163,(anonymous_17)
FN:164,(anonymous_18)
FN:200,(anonymous_19)
FN:206,(anonymous_20)
FN:215,(anonymous_21)
FN:252,(anonymous_22)
FN:261,(anonymous_23)
FN:306,(anonymous_24)
FN:323,(anonymous_25)
FN:329,(anonymous_26)
FN:339,(anonymous_27)
FN:371,(anonymous_28)
FN:418,(anonymous_29)
FN:465,(anonymous_30)
FN:474,(anonymous_31)
FN:483,(anonymous_32)
FN:533,(anonymous_33)
FN:543,(anonymous_34)
FN:606,(anonymous_35)
FN:614,(anonymous_36)
FN:618,(anonymous_37)
FN:618,(anonymous_38)
FN:619,(anonymous_39)
FN:619,(anonymous_40)
FN:624,(anonymous_41)
FN:625,(anonymous_42)
FN:626,(anonymous_43)
FN:628,(anonymous_44)
FN:629,(anonymous_45)
FN:634,(anonymous_46)
FN:635,(anonymous_47)
FN:639,(anonymous_48)
FN:642,(anonymous_49)
FN:643,(anonymous_50)
FN:647,(anonymous_51)
FN:650,(anonymous_52)
FN:651,(anonymous_53)
FN:655,(anonymous_54)
FN:658,(anonymous_55)
FN:659,(anonymous_56)
FN:663,(anonymous_57)
FN:664,(anonymous_58)
FN:671,(anonymous_59)
FN:672,(anonymous_60)
FN:675,(anonymous_61)
FNF:58
FNH:0
FNDA:0,(anonymous_4)
FNDA:0,(anonymous_5)
FNDA:0,(anonymous_6)
FNDA:0,(anonymous_7)
FNDA:0,(anonymous_8)
FNDA:0,(anonymous_9)
FNDA:0,(anonymous_10)
FNDA:0,(anonymous_11)
FNDA:0,(anonymous_12)
FNDA:0,(anonymous_13)
FNDA:0,(anonymous_14)
FNDA:0,(anonymous_15)
FNDA:0,(anonymous_16)
FNDA:0,(anonymous_17)
FNDA:0,(anonymous_18)
FNDA:0,(anonymous_19)
FNDA:0,(anonymous_20)
FNDA:0,(anonymous_21)
FNDA:0,(anonymous_22)
FNDA:0,(anonymous_23)
FNDA:0,(anonymous_24)
FNDA:0,(anonymous_25)
FNDA:0,(anonymous_26)
FNDA:0,(anonymous_27)
FNDA:0,(anonymous_28)
FNDA:0,(anonymous_29)
FNDA:0,(anonymous_30)
FNDA:0,(anonymous_31)
FNDA:0,(anonymous_32)
FNDA:0,(anonymous_33)
FNDA:0,(anonymous_34)
FNDA:0,(anonymous_35)
FNDA:0,(anonymous_36)
FNDA:0,(anonymous_37)
FNDA:0,(anonymous_38)
FNDA:0,(anonymous_39)
FNDA:0,(anonymous_40)
FNDA:0,(anonymous_41)
FNDA:0,(anonymous_42)
FNDA:0,(anonymous_43)
FNDA:0,(anonymous_44)
FNDA:0,(anonymous_45)
FNDA:0,(anonymous_46)
FNDA:0,(anonymous_47)
FNDA:0,(anonymous_48)
FNDA:0,(anonymous_49)
FNDA:0,(anonymous_50)
FNDA:0,(anonymous_51)
FNDA:0,(anonymous_52)
FNDA:0,(anonymous_53)
FNDA:0,(anonymous_54)
FNDA:0,(anonymous_55)
FNDA:0,(anonymous_56)
FNDA:0,(anonymous_57)
FNDA:0,(anonymous_58)
FNDA:0,(anonymous_59)
FNDA:0,(anonymous_60)
FNDA:0,(anonymous_61)
DA:1,0
DA:14,0
DA:15,0
DA:16,0
DA:17,0
DA:18,0
DA:19,0
DA:20,0
DA:21,0
DA:22,0
DA:23,0
DA:24,0
DA:25,0
DA:26,0
DA:27,0
DA:28,0
DA:29,0
DA:30,0
DA:31,0
DA:32,0
DA:33,0
DA:34,0
DA:35,0
DA:42,0
DA:44,0
DA:45,0
DA:46,0
DA:47,0
DA:49,0
DA:51,0
DA:53,0
DA:58,0
DA:59,0
DA:64,0
DA:68,0
DA:73,0
DA:77,0
DA:82,0
DA:87,0
DA:92,0
DA:96,0
DA:101,0
DA:105,0
DA:110,0
DA:114,0
DA:119,0
DA:123,0
DA:128,0
DA:129,0
DA:137,0
DA:138,0
DA:143,0
DA:148,0
DA:153,0
DA:158,0
DA:159,0
DA:160,0
DA:162,0
DA:163,0
DA:164,0
DA:166,0
DA:168,0
DA:169,0
DA:170,0
DA:172,0
DA:173,0
DA:174,0
DA:178,0
DA:180,0
DA:181,0
DA:195,0
DA:200,0
DA:201,0
DA:206,0
DA:211,0
DA:212,0
DA:214,0
DA:215,0
DA:217,0
DA:222,0
DA:224,0
DA:225,0
DA:226,0
DA:228,0
DA:229,0
DA:231,0
DA:232,0
DA:235,0
DA:247,0
DA:252,0
DA:256,0
DA:261,0
DA:265,0
DA:266,0
DA:267,0
DA:306,0
DA:323,0
DA:328,0
DA:329,0
DA:331,0
DA:339,0
DA:340,0
DA:341,0
DA:342,0
DA:344,0
DA:345,0
DA:346,0
DA:348,0
DA:349,0
DA:351,0
DA:352,0
DA:355,0
DA:366,0
DA:371,0
DA:376,0
DA:377,0
DA:379,0
DA:380,0
DA:387,0
DA:388,0
DA:389,0
DA:391,0
DA:392,0
DA:393,0
DA:395,0
DA:396,0
DA:398,0
DA:399,0
DA:402,0
DA:413,0
DA:418,0
DA:423,0
DA:424,0
DA:426,0
DA:427,0
DA:434,0
DA:435,0
DA:436,0
DA:438,0
DA:439,0
DA:440,0
DA:442,0
DA:443,0
DA:445,0
DA:446,0
DA:449,0
DA:460,0
DA:465,0
DA:469,0
DA:474,0
DA:478,0
DA:483,0
DA:488,0
DA:494,0
DA:502,0
DA:503,0
DA:504,0
DA:506,0
DA:507,0
DA:508,0
DA:510,0
DA:511,0
DA:513,0
DA:514,0
DA:517,0
DA:528,0
DA:533,0
DA:538,0
DA:543,0
DA:548,0
DA:554,0
DA:563,0
DA:564,0
DA:565,0
DA:571,0
DA:573,0
DA:574,0
DA:575,0
DA:577,0
DA:578,0
DA:580,0
DA:581,0
DA:583,0
DA:584,0
DA:586,0
DA:587,0
DA:590,0
DA:601,0
DA:606,0
DA:611,0
DA:615,0
DA:616,0
DA:618,0
DA:619,0
DA:621,0
DA:625,0
DA:626,0
DA:628,0
DA:629,0
DA:631,0
DA:635,0
DA:636,0
DA:638,0
DA:639,0
DA:643,0
DA:644,0
DA:646,0
DA:647,0
DA:651,0
DA:652,0
DA:654,0
DA:655,0
DA:659,0
DA:660,0
DA:664,0
DA:665,0
DA:666,0
DA:668,0
DA:672,0
DA:673,0
DA:675,0
DA:676,0
DA:677,0
DA:679,0
DA:680,0
LF:225
LH:0
BRDA:68,0,0,0
BRDA:68,0,1,0
BRDA:114,1,0,0
BRDA:114,1,1,0
BRDA:123,2,0,0
BRDA:123,2,1,0
BRDA:169,3,0,0
BRDA:169,3,1,0
BRDA:172,4,0,0
BRDA:172,4,1,0
BRDA:178,5,0,0
BRDA:178,5,1,0
BRDA:180,6,0,0
BRDA:180,6,1,0
BRDA:188,7,0,0
BRDA:188,7,1,0
BRDA:211,8,0,0
BRDA:211,8,1,0
BRDA:224,9,0,0
BRDA:224,9,1,0
BRDA:224,10,0,0
BRDA:224,10,1,0
BRDA:228,11,0,0
BRDA:228,11,1,0
BRDA:231,12,0,0
BRDA:231,12,1,0
BRDA:265,13,0,0
BRDA:265,13,1,0
BRDA:306,14,0,0
BRDA:306,14,1,0
BRDA:307,15,0,0
BRDA:307,15,1,0
BRDA:308,16,0,0
BRDA:308,16,1,0
BRDA:309,17,0,0
BRDA:309,17,1,0
BRDA:310,18,0,0
BRDA:310,18,1,0
BRDA:311,19,0,0
BRDA:311,19,1,0
BRDA:312,20,0,0
BRDA:312,20,1,0
BRDA:313,21,0,0
BRDA:313,21,1,0
BRDA:314,22,0,0
BRDA:314,22,1,0
BRDA:315,23,0,0
BRDA:315,23,1,0
BRDA:316,24,0,0
BRDA:316,24,1,0
BRDA:317,25,0,0
BRDA:317,25,1,0
BRDA:329,26,0,0
BRDA:329,26,1,0
BRDA:345,27,0,0
BRDA:345,27,1,0
BRDA:348,28,0,0
BRDA:348,28,1,0
BRDA:351,29,0,0
BRDA:351,29,1,0
BRDA:358,30,0,0
BRDA:358,30,1,0
BRDA:376,31,0,0
BRDA:376,31,1,0
BRDA:392,32,0,0
BRDA:392,32,1,0
BRDA:395,33,0,0
BRDA:395,33,1,0
BRDA:398,34,0,0
BRDA:398,34,1,0
BRDA:423,35,0,0
BRDA:423,35,1,0
BRDA:430,36,0,0
BRDA:430,36,1,0
BRDA:439,37,0,0
BRDA:439,37,1,0
BRDA:442,38,0,0
BRDA:442,38,1,0
BRDA:445,39,0,0
BRDA:445,39,1,0
BRDA:507,40,0,0
BRDA:507,40,1,0
BRDA:510,41,0,0
BRDA:510,41,1,0
BRDA:513,42,0,0
BRDA:513,42,1,0
BRDA:520,43,0,0
BRDA:520,43,1,0
BRDA:558,44,0,0
BRDA:558,44,1,0
BRDA:559,45,0,0
BRDA:559,45,1,0
BRDA:574,46,0,0
BRDA:574,46,1,0
BRDA:577,47,0,0
BRDA:577,47,1,0
BRDA:580,48,0,0
BRDA:580,48,1,0
BRDA:583,49,0,0
BRDA:583,49,1,0
BRDA:586,50,0,0
BRDA:586,50,1,0
BRDA:593,51,0,0
BRDA:593,51,1,0
BRDA:635,52,0,0
BRDA:635,52,1,0
BRDA:636,53,0,0
BRDA:636,53,1,0
BRDA:643,54,0,0
BRDA:643,54,1,0
BRDA:644,55,0,0
BRDA:644,55,1,0
BRDA:652,56,0,0
BRDA:652,56,1,0
BRDA:659,57,0,0
BRDA:659,57,1,0
BRDA:666,58,0,0
BRDA:666,58,1,0
BRDA:673,59,0,0
BRDA:673,59,1,0
BRDA:676,60,0,0
BRDA:676,60,1,0
BRDA:677,61,0,0
BRDA:677,61,1,0
BRDA:74,62,0,0
BRDA:74,62,1,0
BRDA:74,63,0,0
BRDA:74,63,1,0
BRDA:84,64,0,0
BRDA:84,64,1,0
BRDA:84,65,0,0
BRDA:84,65,1,0
BRDA:137,66,0,0
BRDA:137,66,1,0
BRDA:137,67,0,0
BRDA:137,67,1,0
BRDA:145,68,0,0
BRDA:145,68,1,0
BRDA:145,69,0,0
BRDA:145,69,1,0
BRDA:155,70,0,0
BRDA:155,70,1,0
BRDA:155,71,0,0
BRDA:155,71,1,0
BRDA:208,72,0,0
BRDA:208,72,1,0
BRDA:208,73,0,0
BRDA:208,73,1,0
BRDA:325,74,0,0
BRDA:325,74,1,0
BRDA:325,75,0,0
BRDA:325,75,1,0
BRDA:373,76,0,0
BRDA:373,76,1,0
BRDA:373,77,0,0
BRDA:373,77,1,0
BRDA:420,78,0,0
BRDA:420,78,1,0
BRDA:420,79,0,0
BRDA:420,79,1,0
BRDA:485,80,0,0
BRDA:485,80,1,0
BRDA:485,81,0,0
BRDA:485,81,1,0
BRDA:545,82,0,0
BRDA:545,82,1,0
BRDA:545,83,0,0
BRDA:545,83,1,0
BRDA:44,84,0,0
BRDA:44,84,1,0
BRDA:44,85,0,0
BRDA:44,85,1,0
BRDA:44,86,0,0
BRDA:44,86,1,0
BRDA:44,87,0,0
BRDA:44,87,1,0
BRDA:45,88,0,0
BRDA:45,88,1,0
BRDA:45,89,0,0
BRDA:45,89,1,0
BRDA:46,90,0,0
BRDA:46,90,1,0
BRDA:46,91,0,0
BRDA:46,91,1,0
BRDA:47,92,0,0
BRDA:47,92,1,0
BRDA:47,93,0,0
BRDA:47,93,1,0
BRDA:49,94,0,0
BRDA:49,94,1,0
BRDA:49,95,0,0
BRDA:49,95,1,0
BRDA:51,96,0,0
BRDA:51,96,1,0
BRDA:51,97,0,0
BRDA:51,97,1,0
BRF:196
BRH:0
end_of_record
TN:
SF:src\modules\access-control\permissions.controller.ts
FN:21,(anonymous_4)
FN:25,(anonymous_5)
FN:31,(anonymous_6)
FN:37,(anonymous_7)
FN:46,(anonymous_8)
FN:52,(anonymous_9)
FN:62,(anonymous_10)
FN:68,(anonymous_11)
FNF:8
FNH:0
FNDA:0,(anonymous_4)
FNDA:0,(anonymous_5)
FNDA:0,(anonymous_6)
FNDA:0,(anonymous_7)
FNDA:0,(anonymous_8)
FNDA:0,(anonymous_9)
FNDA:0,(anonymous_10)
FNDA:0,(anonymous_11)
DA:1,0
DA:13,0
DA:14,0
DA:15,0
DA:16,0
DA:17,0
DA:20,0
DA:21,0
DA:25,0
DA:26,0
DA:31,0
DA:32,0
DA:37,0
DA:41,0
DA:46,0
DA:47,0
DA:52,0
DA:57,0
DA:62,0
DA:63,0
DA:68,0
DA:69,0
LF:22
LH:0
BRDA:41,0,0,0
BRDA:41,0,1,0
BRDA:31,1,0,0
BRDA:31,1,1,0
BRDA:31,2,0,0
BRDA:31,2,1,0
BRDA:54,3,0,0
BRDA:54,3,1,0
BRDA:54,4,0,0
BRDA:54,4,1,0
BRDA:21,5,0,0
BRDA:21,5,1,0
BRDA:21,6,0,0
BRDA:21,6,1,0
BRF:14
BRH:0
end_of_record
TN:
SF:src\modules\access-control\permissions.service.ts
FN:19,(anonymous_4)
FN:26,(anonymous_5)
FN:31,(anonymous_6)
FN:75,(anonymous_7)
FN:97,(anonymous_8)
FN:105,(anonymous_9)
FN:154,(anonymous_10)
FN:173,(anonymous_11)
FN:192,(anonymous_12)
FN:200,(anonymous_13)
FNF:10
FNH:0
FNDA:0,(anonymous_4)
FNDA:0,(anonymous_5)
FNDA:0,(anonymous_6)
FNDA:0,(anonymous_7)
FNDA:0,(anonymous_8)
FNDA:0,(anonymous_9)
FNDA:0,(anonymous_10)
FNDA:0,(anonymous_11)
FNDA:0,(anonymous_12)
FNDA:0,(anonymous_13)
DA:1,0
DA:7,0
DA:8,0
DA:9,0
DA:12,0
DA:13,0
DA:18,0
DA:20,0
DA:22,0
DA:23,0
DA:27,0
DA:28,0
DA:32,0
DA:34,0
DA:35,0
DA:36,0
DA:38,0
DA:39,0
DA:42,0
DA:43,0
DA:44,0
DA:47,0
DA:56,0
DA:57,0
DA:72,0
DA:76,0
DA:78,0
DA:79,0
DA:82,0
DA:83,0
DA:84,0
DA:85,0
DA:87,0
DA:91,0
DA:98,0
DA:99,0
DA:100,0
DA:102,0
DA:106,0
DA:108,0
DA:109,0
DA:110,0
DA:112,0
DA:113,0
DA:116,0
DA:117,0
DA:118,0
DA:119,0
DA:121,0
DA:124,0
DA:125,0
DA:128,0
DA:129,0
DA:132,0
DA:134,0
DA:135,0
DA:136,0
DA:151,0
DA:155,0
DA:157,0
DA:158,0
DA:159,0
DA:160,0
DA:161,0
DA:170,0
DA:174,0
DA:176,0
DA:177,0
DA:178,0
DA:179,0
DA:180,0
DA:189,0
DA:193,0
DA:194,0
DA:201,0
LF:75
LH:0
BRDA:28,0,0,0
BRDA:28,0,1,0
BRDA:38,1,0,0
BRDA:38,1,1,0
BRDA:43,2,0,0
BRDA:43,2,1,0
BRDA:52,3,0,0
BRDA:52,3,1,0
BRDA:53,4,0,0
BRDA:53,4,1,0
BRDA:62,5,0,0
BRDA:62,5,1,0
BRDA:75,6,0,0
BRDA:78,7,0,0
BRDA:78,7,1,0
BRDA:83,8,0,0
BRDA:83,8,1,0
BRDA:84,9,0,0
BRDA:84,9,1,0
BRDA:99,10,0,0
BRDA:99,10,1,0
BRDA:109,11,0,0
BRDA:109,11,1,0
BRDA:110,12,0,0
BRDA:110,12,1,0
BRDA:112,13,0,0
BRDA:112,13,1,0
BRDA:116,14,0,0
BRDA:116,14,1,0
BRDA:118,15,0,0
BRDA:118,15,1,0
BRDA:118,16,0,0
BRDA:118,16,1,0
BRDA:124,17,0,0
BRDA:124,17,1,0
BRDA:128,18,0,0
BRDA:128,18,1,0
BRDA:129,19,0,0
BRDA:129,19,1,0
BRDA:134,20,0,0
BRDA:134,20,1,0
BRDA:141,21,0,0
BRDA:141,21,1,0
BRDA:159,22,0,0
BRDA:159,22,1,0
BRDA:166,23,0,0
BRDA:166,23,1,0
BRDA:178,24,0,0
BRDA:178,24,1,0
BRDA:185,25,0,0
BRDA:185,25,1,0
BRDA:193,26,0,0
BRDA:193,26,1,0
BRDA:201,27,0,0
BRDA:201,27,1,0
BRDA:20,28,0,0
BRDA:20,28,1,0
BRDA:20,29,0,0
BRDA:20,29,1,0
BRDA:20,30,0,0
BRDA:20,30,1,0
BRDA:20,31,0,0
BRDA:20,31,1,0
BRDA:22,32,0,0
BRDA:22,32,1,0
BRDA:22,33,0,0
BRDA:22,33,1,0
BRF:67
BRH:0
end_of_record
TN:
SF:src\modules\access-control\roles.controller.ts
FN:16,(anonymous_4)
FN:20,(anonymous_5)
FN:26,(anonymous_6)
FN:32,(anonymous_7)
FN:38,(anonymous_8)
FN:44,(anonymous_9)
FN:50,(anonymous_10)
FN:56,(anonymous_11)
FN:66,(anonymous_12)
FN:72,(anonymous_13)
FN:81,(anonymous_14)
FN:87,(anonymous_15)
FNF:12
FNH:0
FNDA:0,(anonymous_4)
FNDA:0,(anonymous_5)
FNDA:0,(anonymous_6)
FNDA:0,(anonymous_7)
FNDA:0,(anonymous_8)
FNDA:0,(anonymous_9)
FNDA:0,(anonymous_10)
FNDA:0,(anonymous_11)
FNDA:0,(anonymous_12)
FNDA:0,(anonymous_13)
FNDA:0,(anonymous_14)
FNDA:0,(anonymous_15)
DA:1,0
DA:5,0
DA:6,0
DA:7,0
DA:8,0
DA:9,0
DA:10,0
DA:11,0
DA:12,0
DA:15,0
DA:16,0
DA:20,0
DA:21,0
DA:26,0
DA:27,0
DA:32,0
DA:33,0
DA:38,0
DA:39,0
DA:44,0
DA:45,0
DA:50,0
DA:51,0
DA:56,0
DA:61,0
DA:66,0
DA:67,0
DA:72,0
DA:76,0
DA:81,0
DA:82,0
DA:87,0
DA:92,0
LF:33
LH:0
BRDA:33,0,0,0
BRDA:33,0,1,0
BRDA:26,1,0,0
BRDA:26,1,1,0
BRDA:26,2,0,0
BRDA:26,2,1,0
BRDA:58,3,0,0
BRDA:58,3,1,0
BRDA:58,4,0,0
BRDA:58,4,1,0
BRDA:66,5,0,0
BRDA:66,5,1,0
BRDA:66,6,0,0
BRDA:66,6,1,0
BRDA:89,7,0,0
BRDA:89,7,1,0
BRDA:89,8,0,0
BRDA:89,8,1,0
BRDA:16,9,0,0
BRDA:16,9,1,0
BRDA:16,10,0,0
BRDA:16,10,1,0
BRF:22
BRH:0
end_of_record
TN:
SF:src\modules\access-control\roles.service.ts
FN:15,(anonymous_4)
FN:27,(anonymous_5)
FN:69,(anonymous_6)
FN:85,(anonymous_7)
FN:93,(anonymous_8)
FN:126,(anonymous_9)
FN:143,(anonymous_10)
FN:160,(anonymous_11)
FN:178,(anonymous_12)
FN:186,(anonymous_13)
FN:191,(anonymous_14)
FN:201,(anonymous_15)
FN:204,(anonymous_16)
FN:210,(anonymous_17)
FN:211,(anonymous_18)
FN:215,(anonymous_19)
FN:218,(anonymous_20)
FN:223,(anonymous_21)
FN:225,(anonymous_22)
FN:226,(anonymous_23)
FN:241,(anonymous_24)
FNF:21
FNH:0
FNDA:0,(anonymous_4)
FNDA:0,(anonymous_5)
FNDA:0,(anonymous_6)
FNDA:0,(anonymous_7)
FNDA:0,(anonymous_8)
FNDA:0,(anonymous_9)
FNDA:0,(anonymous_10)
FNDA:0,(anonymous_11)
FNDA:0,(anonymous_12)
FNDA:0,(anonymous_13)
FNDA:0,(anonymous_14)
FNDA:0,(anonymous_15)
FNDA:0,(anonymous_16)
FNDA:0,(anonymous_17)
FNDA:0,(anonymous_18)
FNDA:0,(anonymous_19)
FNDA:0,(anonymous_20)
FNDA:0,(anonymous_21)
FNDA:0,(anonymous_22)
FNDA:0,(anonymous_23)
FNDA:0,(anonymous_24)
DA:1,0
DA:2,0
DA:3,0
DA:4,0
DA:5,0
DA:6,0
DA:7,0
DA:11,0
DA:14,0
DA:17,0
DA:19,0
DA:21,0
DA:23,0
DA:24,0
DA:28,0
DA:29,0
DA:30,0
DA:33,0
DA:36,0
DA:37,0
DA:40,0
DA:49,0
DA:50,0
DA:66,0
DA:70,0
DA:71,0
DA:72,0
DA:74,0
DA:75,0
DA:78,0
DA:79,0
DA:82,0
DA:86,0
DA:87,0
DA:88,0
DA:90,0
DA:94,0
DA:95,0
DA:96,0
DA:98,0
DA:99,0
DA:102,0
DA:103,0
DA:104,0
DA:106,0
DA:107,0
DA:123,0
DA:127,0
DA:128,0
DA:129,0
DA:130,0
DA:131,0
DA:140,0
DA:144,0
DA:145,0
DA:146,0
DA:147,0
DA:148,0
DA:157,0
DA:161,0
DA:162,0
DA:163,0
DA:164,0
DA:167,0
DA:170,0
DA:171,0
DA:174,0
DA:175,0
DA:179,0
DA:180,0
DA:181,0
DA:183,0
DA:187,0
DA:188,0
DA:189,0
DA:191,0
DA:192,0
DA:202,0
DA:204,0
DA:205,0
DA:209,0
DA:210,0
DA:211,0
DA:212,0
DA:215,0
DA:216,0
DA:218,0
DA:219,0
DA:220,0
DA:223,0
DA:224,0
DA:225,0
DA:226,0
DA:227,0
DA:228,0
DA:231,0
DA:232,0
DA:241,0
DA:244,0
LF:99
LH:0
BRDA:29,0,0,0
BRDA:29,0,1,0
BRDA:36,1,0,0
BRDA:36,1,1,0
BRDA:43,2,0,0
BRDA:43,2,1,0
BRDA:69,3,0,0
BRDA:71,4,0,0
BRDA:71,4,1,0
BRDA:74,5,0,0
BRDA:74,5,1,0
BRDA:78,6,0,0
BRDA:78,6,1,0
BRDA:87,7,0,0
BRDA:87,7,1,0
BRDA:98,8,0,0
BRDA:98,8,1,0
BRDA:98,9,0,0
BRDA:98,9,1,0
BRDA:102,10,0,0
BRDA:102,10,1,0
BRDA:103,11,0,0
BRDA:103,11,1,0
BRDA:103,12,0,0
BRDA:103,12,1,0
BRDA:163,13,0,0
BRDA:163,13,1,0
BRDA:170,14,0,0
BRDA:170,14,1,0
BRDA:180,15,0,0
BRDA:180,15,1,0
BRDA:189,16,0,0
BRDA:189,16,1,0
BRDA:205,17,0,0
BRDA:205,17,1,0
BRDA:209,18,0,0
BRDA:209,18,1,0
BRDA:219,19,0,0
BRDA:219,19,1,0
BRDA:227,20,0,0
BRDA:227,20,1,0
BRDA:237,21,0,0
BRDA:237,21,1,0
BRDA:17,22,0,0
BRDA:17,22,1,0
BRDA:17,23,0,0
BRDA:17,23,1,0
BRDA:17,24,0,0
BRDA:17,24,1,0
BRDA:17,25,0,0
BRDA:17,25,1,0
BRDA:19,26,0,0
BRDA:19,26,1,0
BRDA:19,27,0,0
BRDA:19,27,1,0
BRDA:21,28,0,0
BRDA:21,28,1,0
BRDA:21,29,0,0
BRDA:21,29,1,0
BRDA:23,30,0,0
BRDA:23,30,1,0
BRDA:23,31,0,0
BRDA:23,31,1,0
BRF:63
BRH:0
end_of_record
TN:
SF:src\modules\access-control\user-assignment.controller.ts
FN:16,(anonymous_4)
FN:22,(anonymous_5)
FN:28,(anonymous_6)
FN:38,(anonymous_7)
FN:46,(anonymous_8)
FN:52,(anonymous_9)
FN:62,(anonymous_10)
FN:70,(anonymous_11)
FN:76,(anonymous_12)
FN:88,(anonymous_13)
FN:98,(anonymous_14)
FN:114,(anonymous_15)
FN:131,(anonymous_16)
FNF:13
FNH:0
FNDA:0,(anonymous_4)
FNDA:0,(anonymous_5)
FNDA:0,(anonymous_6)
FNDA:0,(anonymous_7)
FNDA:0,(anonymous_8)
FNDA:0,(anonymous_9)
FNDA:0,(anonymous_10)
FNDA:0,(anonymous_11)
FNDA:0,(anonymous_12)
FNDA:0,(anonymous_13)
FNDA:0,(anonymous_14)
FNDA:0,(anonymous_15)
FNDA:0,(anonymous_16)
DA:1,0
DA:5,0
DA:6,0
DA:7,0
DA:8,0
DA:9,0
DA:10,0
DA:11,0
DA:12,0
DA:15,0
DA:16,0
DA:22,0
DA:23,0
DA:28,0
DA:33,0
DA:38,0
DA:39,0
DA:46,0
DA:47,0
DA:52,0
DA:57,0
DA:62,0
DA:63,0
DA:70,0
DA:71,0
DA:76,0
DA:83,0
DA:88,0
DA:93,0
DA:98,0
DA:103,0
DA:114,0
DA:119,0
DA:131,0
DA:136,0
LF:35
LH:0
BRDA:123,0,0,0
BRDA:123,0,1,0
BRDA:124,1,0,0
BRDA:124,1,1,0
BRDA:22,2,0,0
BRDA:22,2,1,0
BRDA:22,3,0,0
BRDA:22,3,1,0
BRDA:46,4,0,0
BRDA:46,4,1,0
BRDA:46,5,0,0
BRDA:46,5,1,0
BRDA:70,6,0,0
BRDA:70,6,1,0
BRDA:70,7,0,0
BRDA:70,7,1,0
BRDA:100,8,0,0
BRDA:100,8,1,0
BRDA:100,9,0,0
BRDA:100,9,1,0
BRDA:116,10,0,0
BRDA:116,10,1,0
BRDA:116,11,0,0
BRDA:116,11,1,0
BRDA:16,12,0,0
BRDA:16,12,1,0
BRDA:16,13,0,0
BRDA:16,13,1,0
BRF:28
BRH:0
end_of_record
TN:
SF:src\modules\access-control\user-assignment.service.ts
FN:22,(anonymous_4)
FN:48,(anonymous_5)
FN:71,(anonymous_6)
FN:75,(anonymous_7)
FN:83,(anonymous_8)
FN:89,(anonymous_9)
FN:103,(anonymous_10)
FN:106,(anonymous_11)
FN:107,(anonymous_12)
FN:112,(anonymous_13)
FN:137,(anonymous_14)
FN:163,(anonymous_15)
FN:169,(anonymous_16)
FN:195,(anonymous_17)
FN:218,(anonymous_18)
FN:222,(anonymous_19)
FN:228,(anonymous_20)
FN:230,(anonymous_21)
FN:233,(anonymous_22)
FN:233,(anonymous_23)
FN:233,(anonymous_24)
FN:266,(anonymous_25)
FN:266,(anonymous_26)
FN:283,(anonymous_27)
FN:285,(anonymous_28)
FN:289,(anonymous_29)
FN:312,(anonymous_30)
FN:337,(anonymous_31)
FN:356,(anonymous_32)
FN:375,(anonymous_33)
FN:392,(anonymous_34)
FN:393,(anonymous_35)
FN:401,(anonymous_36)
FN:402,(anonymous_37)
FN:402,(anonymous_38)
FN:441,(anonymous_39)
FN:458,(anonymous_40)
FN:464,(anonymous_41)
FN:479,(anonymous_42)
FN:480,(anonymous_43)
FN:488,(anonymous_44)
FN:489,(anonymous_45)
FN:541,(anonymous_46)
FN:548,(anonymous_47)
FN:552,(anonymous_48)
FN:569,(anonymous_49)
FN:570,(anonymous_50)
FN:578,(anonymous_51)
FN:579,(anonymous_52)
FN:626,(anonymous_53)
FN:638,(anonymous_54)
FN:643,(anonymous_55)
FN:656,(anonymous_56)
FN:697,(anonymous_57)
FN:699,(anonymous_58)
FN:719,(anonymous_59)
FN:721,(anonymous_60)
FN:726,(anonymous_61)
FN:728,(anonymous_62)
FN:732,(anonymous_63)
FN:736,(anonymous_64)
FN:743,(anonymous_65)
FN:753,(anonymous_66)
FN:755,(anonymous_67)
FN:762,(anonymous_68)
FN:770,(anonymous_69)
FN:773,(anonymous_70)
FN:775,(anonymous_71)
FN:776,(anonymous_72)
FN:783,(anonymous_73)
FN:789,(anonymous_74)
FN:790,(anonymous_75)
FN:792,(anonymous_76)
FN:792,(anonymous_77)
FN:833,(anonymous_78)
FN:851,(anonymous_79)
FN:852,(anonymous_80)
FN:854,(anonymous_81)
FN:865,(anonymous_82)
FN:866,(anonymous_83)
FN:870,(anonymous_84)
FN:882,(anonymous_85)
FN:884,(anonymous_86)
FN:884,(anonymous_87)
FN:885,(anonymous_88)
FN:885,(anonymous_89)
FN:888,(anonymous_90)
FN:889,(anonymous_91)
FN:890,(anonymous_92)
FN:950,(anonymous_93)
FN:976,(anonymous_94)
FN:976,(anonymous_95)
FN:977,(anonymous_96)
FN:977,(anonymous_97)
FN:988,(anonymous_98)
FN:997,(anonymous_99)
FN:1008,(anonymous_100)
FN:1033,(anonymous_101)
FN:1061,(anonymous_102)
FN:1102,(anonymous_103)
FNF:100
FNH:0
FNDA:0,(anonymous_4)
FNDA:0,(anonymous_5)
FNDA:0,(anonymous_6)
FNDA:0,(anonymous_7)
FNDA:0,(anonymous_8)
FNDA:0,(anonymous_9)
FNDA:0,(anonymous_10)
FNDA:0,(anonymous_11)
FNDA:0,(anonymous_12)
FNDA:0,(anonymous_13)
FNDA:0,(anonymous_14)
FNDA:0,(anonymous_15)
FNDA:0,(anonymous_16)
FNDA:0,(anonymous_17)
FNDA:0,(anonymous_18)
FNDA:0,(anonymous_19)
FNDA:0,(anonymous_20)
FNDA:0,(anonymous_21)
FNDA:0,(anonymous_22)
FNDA:0,(anonymous_23)
FNDA:0,(anonymous_24)
FNDA:0,(anonymous_25)
FNDA:0,(anonymous_26)
FNDA:0,(anonymous_27)
FNDA:0,(anonymous_28)
FNDA:0,(anonymous_29)
FNDA:0,(anonymous_30)
FNDA:0,(anonymous_31)
FNDA:0,(anonymous_32)
FNDA:0,(anonymous_33)
FNDA:0,(anonymous_34)
FNDA:0,(anonymous_35)
FNDA:0,(anonymous_36)
FNDA:0,(anonymous_37)
FNDA:0,(anonymous_38)
FNDA:0,(anonymous_39)
FNDA:0,(anonymous_40)
FNDA:0,(anonymous_41)
FNDA:0,(anonymous_42)
FNDA:0,(anonymous_43)
FNDA:0,(anonymous_44)
FNDA:0,(anonymous_45)
FNDA:0,(anonymous_46)
FNDA:0,(anonymous_47)
FNDA:0,(anonymous_48)
FNDA:0,(anonymous_49)
FNDA:0,(anonymous_50)
FNDA:0,(anonymous_51)
FNDA:0,(anonymous_52)
FNDA:0,(anonymous_53)
FNDA:0,(anonymous_54)
FNDA:0,(anonymous_55)
FNDA:0,(anonymous_56)
FNDA:0,(anonymous_57)
FNDA:0,(anonymous_58)
FNDA:0,(anonymous_59)
FNDA:0,(anonymous_60)
FNDA:0,(anonymous_61)
FNDA:0,(anonymous_62)
FNDA:0,(anonymous_63)
FNDA:0,(anonymous_64)
FNDA:0,(anonymous_65)
FNDA:0,(anonymous_66)
FNDA:0,(anonymous_67)
FNDA:0,(anonymous_68)
FNDA:0,(anonymous_69)
FNDA:0,(anonymous_70)
FNDA:0,(anonymous_71)
FNDA:0,(anonymous_72)
FNDA:0,(anonymous_73)
FNDA:0,(anonymous_74)
FNDA:0,(anonymous_75)
FNDA:0,(anonymous_76)
FNDA:0,(anonymous_77)
FNDA:0,(anonymous_78)
FNDA:0,(anonymous_79)
FNDA:0,(anonymous_80)
FNDA:0,(anonymous_81)
FNDA:0,(anonymous_82)
FNDA:0,(anonymous_83)
FNDA:0,(anonymous_84)
FNDA:0,(anonymous_85)
FNDA:0,(anonymous_86)
FNDA:0,(anonymous_87)
FNDA:0,(anonymous_88)
FNDA:0,(anonymous_89)
FNDA:0,(anonymous_90)
FNDA:0,(anonymous_91)
FNDA:0,(anonymous_92)
FNDA:0,(anonymous_93)
FNDA:0,(anonymous_94)
FNDA:0,(anonymous_95)
FNDA:0,(anonymous_96)
FNDA:0,(anonymous_97)
FNDA:0,(anonymous_98)
FNDA:0,(anonymous_99)
FNDA:0,(anonymous_100)
FNDA:0,(anonymous_101)
FNDA:0,(anonymous_102)
FNDA:0,(anonymous_103)
DA:1,0
DA:2,0
DA:3,0
DA:4,0
DA:5,0
DA:6,0
DA:7,0
DA:8,0
DA:9,0
DA:10,0
DA:11,0
DA:12,0
DA:13,0
DA:14,0
DA:18,0
DA:21,0
DA:24,0
DA:26,0
DA:28,0
DA:30,0
DA:32,0
DA:34,0
DA:36,0
DA:38,0
DA:40,0
DA:42,0
DA:44,0
DA:45,0
DA:58,0
DA:72,0
DA:76,0
DA:77,0
DA:78,0
DA:79,0
DA:80,0
DA:84,0
DA:85,0
DA:86,0
DA:90,0
DA:99,0
DA:100,0
DA:104,0
DA:105,0
DA:106,0
DA:107,0
DA:113,0
DA:114,0
DA:117,0
DA:118,0
DA:120,0
DA:121,0
DA:122,0
DA:126,0
DA:134,0
DA:138,0
DA:139,0
DA:140,0
DA:141,0
DA:143,0
DA:144,0
DA:145,0
DA:147,0
DA:148,0
DA:149,0
DA:153,0
DA:164,0
DA:170,0
DA:171,0
DA:174,0
DA:175,0
DA:177,0
DA:178,0
DA:179,0
DA:183,0
DA:192,0
DA:196,0
DA:197,0
DA:198,0
DA:199,0
DA:201,0
DA:202,0
DA:203,0
DA:207,0
DA:219,0
DA:227,0
DA:228,0
DA:229,0
DA:230,0
DA:231,0
DA:233,0
DA:234,0
DA:236,0
DA:237,0
DA:238,0
DA:239,0
DA:240,0
DA:243,0
DA:244,0
DA:248,0
DA:249,0
DA:250,0
DA:259,0
DA:260,0
DA:263,0
DA:266,0
DA:267,0
DA:268,0
DA:269,0
DA:270,0
DA:271,0
DA:280,0
DA:284,0
DA:285,0
DA:286,0
DA:290,0
DA:291,0
DA:293,0
DA:294,0
DA:296,0
DA:297,0
DA:298,0
DA:299,0
DA:300,0
DA:302,0
DA:305,0
DA:313,0
DA:314,0
DA:322,0
DA:323,0
DA:328,0
DA:334,0
DA:344,0
DA:345,0
DA:348,0
DA:349,0
DA:351,0
DA:352,0
DA:353,0
DA:361,0
DA:365,0
DA:366,0
DA:368,0
DA:369,0
DA:372,0
DA:382,0
DA:383,0
DA:384,0
DA:386,0
DA:387,0
DA:388,0
DA:391,0
DA:392,0
DA:393,0
DA:394,0
DA:398,0
DA:401,0
DA:402,0
DA:403,0
DA:405,0
DA:406,0
DA:407,0
DA:408,0
DA:409,0
DA:413,0
DA:414,0
DA:415,0
DA:416,0
DA:417,0
DA:419,0
DA:420,0
DA:421,0
DA:424,0
DA:437,0
DA:438,0
DA:441,0
DA:443,0
DA:444,0
DA:445,0
DA:446,0
DA:458,0
DA:461,0
DA:470,0
DA:471,0
DA:473,0
DA:474,0
DA:475,0
DA:478,0
DA:479,0
DA:480,0
DA:481,0
DA:485,0
DA:488,0
DA:489,0
DA:490,0
DA:492,0
DA:493,0
DA:494,0
DA:495,0
DA:496,0
DA:500,0
DA:501,0
DA:502,0
DA:503,0
DA:504,0
DA:505,0
DA:506,0
DA:508,0
DA:510,0
DA:522,0
DA:523,0
DA:527,0
DA:528,0
DA:529,0
DA:538,0
DA:542,0
DA:543,0
DA:546,0
DA:548,0
DA:559,0
DA:560,0
DA:561,0
DA:563,0
DA:564,0
DA:565,0
DA:568,0
DA:569,0
DA:570,0
DA:571,0
DA:575,0
DA:578,0
DA:579,0
DA:580,0
DA:582,0
DA:583,0
DA:584,0
DA:585,0
DA:586,0
DA:590,0
DA:591,0
DA:592,0
DA:605,0
DA:606,0
DA:611,0
DA:612,0
DA:613,0
DA:623,0
DA:631,0
DA:632,0
DA:635,0
DA:638,0
DA:654,0
DA:655,0
DA:656,0
DA:659,0
DA:664,0
DA:665,0
DA:666,0
DA:667,0
DA:668,0
DA:669,0
DA:679,0
DA:680,0
DA:681,0
DA:682,0
DA:683,0
DA:684,0
DA:687,0
DA:688,0
DA:689,0
DA:690,0
DA:691,0
DA:692,0
DA:695,0
DA:696,0
DA:697,0
DA:698,0
DA:699,0
DA:702,0
DA:706,0
DA:707,0
DA:708,0
DA:709,0
DA:710,0
DA:711,0
DA:712,0
DA:714,0
DA:717,0
DA:718,0
DA:719,0
DA:720,0
DA:721,0
DA:724,0
DA:726,0
DA:728,0
DA:732,0
DA:737,0
DA:738,0
DA:747,0
DA:748,0
DA:749,0
DA:752,0
DA:753,0
DA:754,0
DA:755,0
DA:756,0
DA:758,0
DA:768,0
DA:769,0
DA:770,0
DA:772,0
DA:773,0
DA:774,0
DA:775,0
DA:776,0
DA:777,0
DA:780,0
DA:783,0
DA:784,0
DA:786,0
DA:789,0
DA:790,0
DA:792,0
DA:794,0
DA:795,0
DA:796,0
DA:797,0
DA:798,0
DA:802,0
DA:803,0
DA:804,0
DA:816,0
DA:817,0
DA:818,0
DA:819,0
DA:820,0
DA:821,0
DA:830,0
DA:847,0
DA:848,0
DA:849,0
DA:851,0
DA:852,0
DA:854,0
DA:855,0
DA:856,0
DA:859,0
DA:860,0
DA:864,0
DA:865,0
DA:866,0
DA:867,0
DA:870,0
DA:871,0
DA:872,0
DA:873,0
DA:875,0
DA:876,0
DA:879,0
DA:882,0
DA:884,0
DA:885,0
DA:886,0
DA:887,0
DA:888,0
DA:889,0
DA:890,0
DA:892,0
DA:893,0
DA:894,0
DA:895,0
DA:896,0
DA:897,0
DA:898,0
DA:900,0
DA:903,0
DA:904,0
DA:905,0
DA:906,0
DA:907,0
DA:908,0
DA:912,0
DA:913,0
DA:914,0
DA:928,0
DA:929,0
DA:933,0
DA:934,0
DA:935,0
DA:936,0
DA:937,0
DA:947,0
DA:961,0
DA:963,0
DA:976,0
DA:977,0
DA:979,0
DA:989,0
DA:990,0
DA:991,0
DA:992,0
DA:994,0
DA:998,0
DA:1001,0
DA:1002,0
DA:1013,0
DA:1014,0
DA:1017,0
DA:1018,0
DA:1021,0
DA:1022,0
DA:1023,0
DA:1025,0
DA:1026,0
DA:1027,0
DA:1034,0
DA:1058,0
DA:1062,0
DA:1099,0
DA:1103,0
DA:1139,0
DA:1140,0
LF:421
LH:0
BRDA:62,0,0,0
BRDA:62,0,1,0
BRDA:63,1,0,0
BRDA:63,1,1,0
BRDA:65,2,0,0
BRDA:65,2,1,0
BRDA:66,3,0,0
BRDA:66,3,1,0
BRDA:67,4,0,0
BRDA:67,4,1,0
BRDA:72,5,0,0
BRDA:72,5,1,0
BRDA:77,6,0,0
BRDA:77,6,1,0
BRDA:78,7,0,0
BRDA:78,7,1,0
BRDA:78,8,0,0
BRDA:78,8,1,0
BRDA:79,9,0,0
BRDA:79,9,1,0
BRDA:79,9,2,0
BRDA:85,10,0,0
BRDA:85,10,1,0
BRDA:99,11,0,0
BRDA:99,11,1,0
BRDA:100,12,0,0
BRDA:100,12,1,0
BRDA:104,13,0,0
BRDA:104,13,1,0
BRDA:107,14,0,0
BRDA:107,14,1,0
BRDA:117,15,0,0
BRDA:117,15,1,0
BRDA:130,16,0,0
BRDA:130,16,1,0
BRDA:140,17,0,0
BRDA:140,17,1,0
BRDA:144,18,0,0
BRDA:144,18,1,0
BRDA:144,19,0,0
BRDA:144,19,1,0
BRDA:157,20,0,0
BRDA:157,20,1,0
BRDA:174,21,0,0
BRDA:174,21,1,0
BRDA:187,22,0,0
BRDA:187,22,1,0
BRDA:198,23,0,0
BRDA:198,23,1,0
BRDA:211,24,0,0
BRDA:211,24,1,0
BRDA:228,25,0,0
BRDA:228,25,1,0
BRDA:237,26,0,0
BRDA:237,26,1,0
BRDA:238,27,0,0
BRDA:238,27,1,0
BRDA:249,28,0,0
BRDA:249,28,1,0
BRDA:259,29,0,0
BRDA:259,29,1,0
BRDA:269,30,0,0
BRDA:269,30,1,0
BRDA:270,31,0,0
BRDA:270,31,1,0
BRDA:275,32,0,0
BRDA:275,32,1,0
BRDA:284,33,0,0
BRDA:284,33,1,0
BRDA:291,34,0,0
BRDA:291,34,1,0
BRDA:294,35,0,0
BRDA:294,35,1,0
BRDA:297,36,0,0
BRDA:297,36,1,0
BRDA:298,37,0,0
BRDA:298,37,1,0
BRDA:322,38,0,0
BRDA:322,38,1,0
BRDA:348,39,0,0
BRDA:348,39,1,0
BRDA:365,40,0,0
BRDA:365,40,1,0
BRDA:368,41,0,0
BRDA:368,41,1,0
BRDA:387,42,0,0
BRDA:387,42,1,0
BRDA:391,43,0,0
BRDA:391,43,1,0
BRDA:406,44,0,0
BRDA:406,44,1,0
BRDA:406,45,0,0
BRDA:406,45,1,0
BRDA:415,46,0,0
BRDA:415,46,1,0
BRDA:416,47,0,0
BRDA:416,47,1,0
BRDA:444,48,0,0
BRDA:444,48,1,0
BRDA:445,49,0,0
BRDA:445,49,1,0
BRDA:474,50,0,0
BRDA:474,50,1,0
BRDA:478,51,0,0
BRDA:478,51,1,0
BRDA:493,52,0,0
BRDA:493,52,1,0
BRDA:502,53,0,0
BRDA:502,53,1,0
BRDA:503,54,0,0
BRDA:503,54,1,0
BRDA:527,55,0,0
BRDA:527,55,1,0
BRDA:528,56,0,0
BRDA:528,56,1,0
BRDA:564,57,0,0
BRDA:564,57,1,0
BRDA:568,58,0,0
BRDA:568,58,1,0
BRDA:583,59,0,0
BRDA:583,59,1,0
BRDA:591,60,0,0
BRDA:591,60,1,0
BRDA:611,61,0,0
BRDA:611,61,1,0
BRDA:612,62,0,0
BRDA:612,62,1,0
BRDA:681,63,0,0
BRDA:681,63,1,0
BRDA:682,64,0,0
BRDA:682,64,1,0
BRDA:683,65,0,0
BRDA:683,65,1,0
BRDA:689,66,0,0
BRDA:689,66,1,0
BRDA:690,67,0,0
BRDA:690,67,1,0
BRDA:691,68,0,0
BRDA:691,68,1,0
BRDA:696,69,0,0
BRDA:696,69,1,0
BRDA:707,70,0,0
BRDA:707,70,1,0
BRDA:708,71,0,0
BRDA:708,71,1,0
BRDA:710,72,0,0
BRDA:710,72,1,0
BRDA:711,73,0,0
BRDA:711,73,1,0
BRDA:718,74,0,0
BRDA:718,74,1,0
BRDA:730,75,0,0
BRDA:730,75,1,0
BRDA:734,76,0,0
BRDA:734,76,1,0
BRDA:737,77,0,0
BRDA:737,77,1,0
BRDA:752,78,0,0
BRDA:752,78,1,0
BRDA:772,79,0,0
BRDA:772,79,1,0
BRDA:774,80,0,0
BRDA:774,80,1,0
BRDA:786,81,0,0
BRDA:786,81,1,0
BRDA:795,82,0,0
BRDA:795,82,1,0
BRDA:803,83,0,0
BRDA:803,83,1,0
BRDA:819,84,0,0
BRDA:819,84,1,0
BRDA:820,85,0,0
BRDA:820,85,1,0
BRDA:855,86,0,0
BRDA:855,86,1,0
BRDA:860,87,0,0
BRDA:860,87,1,0
BRDA:864,88,0,0
BRDA:864,88,1,0
BRDA:884,89,0,0
BRDA:884,89,1,0
BRDA:885,90,0,0
BRDA:885,90,1,0
BRDA:887,91,0,0
BRDA:887,91,1,0
BRDA:894,92,0,0
BRDA:894,92,1,0
BRDA:895,93,0,0
BRDA:895,93,1,0
BRDA:903,94,0,0
BRDA:903,94,1,0
BRDA:904,95,0,0
BRDA:904,95,1,0
BRDA:913,96,0,0
BRDA:913,96,1,0
BRDA:933,97,0,0
BRDA:933,97,1,0
BRDA:934,98,0,0
BRDA:934,98,1,0
BRDA:935,99,0,0
BRDA:935,99,1,0
BRDA:936,100,0,0
BRDA:936,100,1,0
BRDA:991,101,0,0
BRDA:991,101,1,0
BRDA:1001,102,0,0
BRDA:1001,102,1,0
BRDA:1013,103,0,0
BRDA:1013,103,1,0
BRDA:1013,104,0,0
BRDA:1013,104,1,0
BRDA:1017,105,0,0
BRDA:1017,105,1,0
BRDA:1021,106,0,0
BRDA:1021,106,1,0
BRDA:1023,107,0,0
BRDA:1023,107,1,0
BRDA:1026,108,0,0
BRDA:1026,108,1,0
BRDA:1139,109,0,0
BRDA:1139,109,1,0
BRDA:1140,110,0,0
BRDA:1140,110,1,0
BRDA:24,111,0,0
BRDA:24,111,1,0
BRDA:24,112,0,0
BRDA:24,112,1,0
BRDA:24,113,0,0
BRDA:24,113,1,0
BRDA:24,114,0,0
BRDA:24,114,1,0
BRDA:26,115,0,0
BRDA:26,115,1,0
BRDA:26,116,0,0
BRDA:26,116,1,0
BRDA:28,117,0,0
BRDA:28,117,1,0
BRDA:28,118,0,0
BRDA:28,118,1,0
BRDA:30,119,0,0
BRDA:30,119,1,0
BRDA:30,120,0,0
BRDA:30,120,1,0
BRDA:32,121,0,0
BRDA:32,121,1,0
BRDA:32,122,0,0
BRDA:32,122,1,0
BRDA:34,123,0,0
BRDA:34,123,1,0
BRDA:34,124,0,0
BRDA:34,124,1,0
BRDA:36,125,0,0
BRDA:36,125,1,0
BRDA:36,126,0,0
BRDA:36,126,1,0
BRDA:38,127,0,0
BRDA:38,127,1,0
BRDA:38,128,0,0
BRDA:38,128,1,0
BRDA:40,129,0,0
BRDA:40,129,1,0
BRDA:40,130,0,0
BRDA:40,130,1,0
BRDA:42,131,0,0
BRDA:42,131,1,0
BRDA:42,132,0,0
BRDA:42,132,1,0
BRDA:44,133,0,0
BRDA:44,133,1,0
BRDA:44,134,0,0
BRDA:44,134,1,0
BRF:271
BRH:0
end_of_record
TN:
SF:src\modules\access-control\dto\assign-role-permission.dto.ts
FNF:0
FNH:0
DA:1,0
DA:3,0
DA:5,0
DA:8,0
LF:4
LH:0
BRF:0
BRH:0
end_of_record
TN:
SF:src\modules\access-control\dto\assign-user-app.dto.ts
FNF:0
FNH:0
DA:1,0
DA:3,0
DA:5,0
DA:8,0
LF:4
LH:0
BRF:0
BRH:0
end_of_record
TN:
SF:src\modules\access-control\dto\assign-user-company.dto.ts
FNF:0
FNH:0
DA:1,0
DA:3,0
DA:5,0
DA:8,0
LF:4
LH:0
BRF:0
BRH:0
end_of_record
TN:
SF:src\modules\access-control\dto\assign-user-role.dto.ts
FNF:0
FNH:0
DA:1,0
DA:3,0
DA:5,0
DA:8,0
DA:11,0
DA:14,0
LF:6
LH:0
BRF:0
BRH:0
end_of_record
TN:
SF:src\modules\access-control\dto\create-app.dto.ts
FNF:0
FNH:0
DA:1,0
DA:3,0
DA:7,0
DA:11,0
DA:16,0
DA:21,0
DA:26,0
LF:7
LH:0
BRF:0
BRH:0
end_of_record
TN:
SF:src\modules\access-control\dto\create-permission.dto.ts
FN:5,(anonymous_2)
FN:14,(anonymous_3)
FN:20,(anonymous_4)
FN:25,(anonymous_5)
FNF:4
FNH:0
FNDA:0,(anonymous_2)
FNDA:0,(anonymous_3)
FNDA:0,(anonymous_4)
FNDA:0,(anonymous_5)
DA:1,0
DA:2,0
DA:4,0
DA:5,0
DA:12,0
DA:14,0
DA:17,0
DA:20,0
DA:23,0
DA:25,0
DA:28,0
LF:11
LH:0
BRDA:5,0,0,0
BRDA:5,0,1,0
BRDA:14,1,0,0
BRDA:14,1,1,0
BRDA:20,2,0,0
BRDA:20,2,1,0
BRDA:25,3,0,0
BRDA:25,3,1,0
BRF:8
BRH:0
end_of_record
TN:
SF:src\modules\access-control\dto\create-role.dto.ts
FNF:0
FNH:0
DA:1,0
DA:3,0
DA:7,0
DA:11,0
DA:16,0
DA:21,0
LF:6
LH:0
BRF:0
BRH:0
end_of_record
TN:
SF:src\modules\access-control\dto\index.ts
FN:1,(anonymous_0)
FN:2,(anonymous_1)
FN:3,(anonymous_2)
FN:4,(anonymous_3)
FN:5,(anonymous_4)
FN:6,(anonymous_5)
FN:7,(anonymous_6)
FN:8,(anonymous_7)
FN:9,(anonymous_8)
FN:10,(anonymous_9)
FN:11,(anonymous_10)
FN:12,(anonymous_11)
FN:13,(anonymous_12)
FN:14,(anonymous_13)
FNF:14
FNH:0
FNDA:0,(anonymous_0)
FNDA:0,(anonymous_1)
FNDA:0,(anonymous_2)
FNDA:0,(anonymous_3)
FNDA:0,(anonymous_4)
FNDA:0,(anonymous_5)
FNDA:0,(anonymous_6)
FNDA:0,(anonymous_7)
FNDA:0,(anonymous_8)
FNDA:0,(anonymous_9)
FNDA:0,(anonymous_10)
FNDA:0,(anonymous_11)
FNDA:0,(anonymous_12)
FNDA:0,(anonymous_13)
DA:1,0
DA:2,0
DA:3,0
DA:4,0
DA:5,0
DA:6,0
DA:7,0
DA:8,0
DA:9,0
DA:10,0
DA:11,0
DA:12,0
DA:13,0
DA:14,0
LF:14
LH:0
BRF:0
BRH:0
end_of_record
TN:
SF:src\modules\access-control\dto\replace-role-permissions.dto.ts
FNF:0
FNH:0
DA:1,0
DA:3,0
DA:9,0
LF:3
LH:0
BRF:0
BRH:0
end_of_record
TN:
SF:src\modules\access-control\dto\replace-user-companies.dto.ts
FNF:0
FNH:0
DA:1,0
DA:3,0
DA:7,0
LF:3
LH:0
BRF:0
BRH:0
end_of_record
TN:
SF:src\modules\access-control\dto\replace-user-context-roles.dto.ts
FNF:0
FNH:0
DA:1,0
DA:3,0
DA:6,0
DA:10,0
DA:16,0
LF:5
LH:0
BRF:0
BRH:0
end_of_record
TN:
SF:src\modules\access-control\dto\replace-user-global-permission-denials.dto.ts
FNF:0
FNH:0
DA:1,0
DA:3,0
DA:6,0
DA:12,0
LF:4
LH:0
BRF:0
BRH:0
end_of_record
TN:
SF:src\modules\access-control\dto\replace-user-global-roles.dto.ts
FNF:0
FNH:0
DA:1,0
DA:3,0
DA:6,0
DA:12,0
LF:4
LH:0
BRF:0
BRH:0
end_of_record
TN:
SF:src\modules\access-control\dto\replace-user-permission-overrides.dto.ts
FNF:0
FNH:0
DA:1,0
DA:3,0
DA:6,0
DA:10,0
DA:17,0
DA:24,0
LF:6
LH:0
BRF:0
BRH:0
end_of_record
TN:
SF:src\modules\access-control\dto\replace-user-role-exclusions.dto.ts
FNF:0
FNH:0
DA:1,0
DA:3,0
DA:6,0
DA:10,0
DA:16,0
LF:5
LH:0
BRF:0
BRH:0
end_of_record
TN:
SF:src\modules\access-control\dto\update-permission.dto.ts
FN:6,(anonymous_2)
FN:16,(anonymous_3)
FN:22,(anonymous_4)
FN:28,(anonymous_5)
FNF:4
FNH:0
FNDA:0,(anonymous_2)
FNDA:0,(anonymous_3)
FNDA:0,(anonymous_4)
FNDA:0,(anonymous_5)
DA:1,0
DA:2,0
DA:4,0
DA:6,0
DA:13,0
DA:16,0
DA:19,0
DA:22,0
DA:25,0
DA:28,0
DA:31,0
LF:11
LH:0
BRDA:6,0,0,0
BRDA:6,0,1,0
BRDA:16,1,0,0
BRDA:16,1,1,0
BRDA:22,2,0,0
BRDA:22,2,1,0
BRDA:28,3,0,0
BRDA:28,3,1,0
BRF:8
BRH:0
end_of_record
TN:
SF:src\modules\access-control\dto\update-role.dto.ts
FNF:0
FNH:0
DA:1,0
DA:3,0
DA:8,0
DA:13,0
LF:4
LH:0
BRF:0
BRH:0
end_of_record
TN:
SF:src\modules\access-control\entities\app.entity.ts
FNF:0
FNH:0
DA:1,4
DA:16,4
DA:18,4
DA:22,4
DA:25,4
DA:28,4
DA:31,4
DA:34,4
DA:38,4
DA:41,4
DA:44,4
LF:11
LH:11
BRDA:41,0,0,4
BRDA:41,0,1,0
BRDA:41,1,0,4
BRDA:41,1,1,4
BRDA:44,2,0,4
BRDA:44,2,1,0
BRDA:44,3,0,4
BRDA:44,3,1,4
BRF:8
BRH:6
end_of_record
TN:
SF:src\modules\access-control\entities\index.ts
FN:1,(anonymous_0)
FN:2,(anonymous_1)
FN:3,(anonymous_2)
FN:4,(anonymous_3)
FN:5,(anonymous_4)
FN:6,(anonymous_5)
FN:7,(anonymous_6)
FN:8,(anonymous_7)
FN:9,(anonymous_8)
FN:10,(anonymous_9)
FN:11,(anonymous_10)
FNF:11
FNH:0
FNDA:0,(anonymous_0)
FNDA:0,(anonymous_1)
FNDA:0,(anonymous_2)
FNDA:0,(anonymous_3)
FNDA:0,(anonymous_4)
FNDA:0,(anonymous_5)
FNDA:0,(anonymous_6)
FNDA:0,(anonymous_7)
FNDA:0,(anonymous_8)
FNDA:0,(anonymous_9)
FNDA:0,(anonymous_10)
DA:1,0
DA:2,0
DA:3,0
DA:4,0
DA:5,0
DA:6,0
DA:7,0
DA:8,0
DA:9,0
DA:10,0
DA:11,0
LF:11
LH:0
BRF:0
BRH:0
end_of_record
TN:
SF:src\modules\access-control\entities\permission.entity.ts
FN:44,(anonymous_2)
FNF:1
FNH:0
FNDA:0,(anonymous_2)
DA:1,3
DA:16,3
DA:18,3
DA:22,3
DA:25,3
DA:28,3
DA:32,3
DA:36,3
DA:39,3
DA:44,0
DA:47,3
DA:50,3
DA:53,3
LF:13
LH:12
BRDA:39,0,0,3
BRDA:39,0,1,0
BRDA:39,1,0,3
BRDA:39,1,1,3
BRF:4
BRH:3
end_of_record
TN:
SF:src\modules\access-control\entities\role-permission.entity.ts
FNF:0
FNH:0
DA:1,3
DA:16,3
DA:18,3
DA:21,3
DA:24,3
DA:27,3
LF:6
LH:6
BRDA:27,0,0,3
BRDA:27,0,1,0
BRDA:27,1,0,3
BRDA:27,1,1,3
BRF:4
BRH:3
end_of_record
TN:
SF:src\modules\access-control\entities\role.entity.ts
FNF:0
FNH:0
DA:1,3
DA:17,3
DA:19,3
DA:22,3
DA:26,3
DA:29,3
DA:32,3
DA:36,3
DA:39,3
DA:42,3
DA:45,3
DA:48,3
LF:12
LH:12
BRDA:39,0,0,3
BRDA:39,0,1,0
BRDA:39,1,0,3
BRDA:39,1,1,3
BRDA:42,2,0,3
BRDA:42,2,1,0
BRDA:42,3,0,3
BRDA:42,3,1,3
BRF:8
BRH:6
end_of_record
TN:
SF:src\modules\access-control\entities\user-app.entity.ts
FNF:0
FNH:0
DA:1,4
DA:16,4
DA:18,4
DA:21,4
DA:24,4
DA:27,4
DA:30,4
LF:7
LH:7
BRDA:30,0,0,4
BRDA:30,0,1,0
BRDA:30,1,0,4
BRDA:30,1,1,4
BRF:4
BRH:3
end_of_record
TN:
SF:src\modules\access-control\entities\user-company.entity.ts
FNF:0
FNH:0
DA:1,4
DA:16,4
DA:18,4
DA:21,4
DA:24,4
DA:27,4
DA:30,4
LF:7
LH:7
BRDA:30,0,0,4
BRDA:30,0,1,0
BRDA:30,1,0,4
BRDA:30,1,1,4
BRF:4
BRH:3
end_of_record
TN:
SF:src\modules\access-control\entities\user-permission-global-deny.entity.ts
FNF:0
FNH:0
DA:1,3
DA:17,3
DA:19,3
DA:23,3
DA:26,3
DA:29,3
DA:32,3
DA:35,3
DA:38,3
DA:41,3
DA:44,3
LF:11
LH:11
BRDA:35,0,0,3
BRDA:35,0,1,0
BRDA:35,1,0,3
BRDA:35,1,1,3
BRDA:38,2,0,3
BRDA:38,2,1,0
BRDA:38,3,0,3
BRDA:38,3,1,3
BRF:8
BRH:6
end_of_record
TN:
SF:src\modules\access-control\entities\user-permission-override.entity.ts
FNF:0
FNH:0
DA:1,3
DA:19,3
DA:21,3
DA:24,3
DA:28,3
DA:32,3
DA:35,3
DA:38,3
DA:42,3
DA:45,3
DA:48,3
DA:51,3
DA:54,3
LF:13
LH:13
BRDA:45,0,0,3
BRDA:45,0,1,0
BRDA:45,1,0,3
BRDA:45,1,1,3
BRDA:48,2,0,3
BRDA:48,2,1,0
BRDA:48,3,0,3
BRDA:48,3,1,3
BRF:8
BRH:6
end_of_record
TN:
SF:src\modules\access-control\entities\user-role-exclusion.entity.ts
FNF:0
FNH:0
DA:1,3
DA:17,3
DA:19,3
DA:22,3
DA:25,3
DA:28,3
DA:31,3
DA:34,3
DA:37,3
DA:40,3
DA:43,3
DA:46,3
LF:12
LH:12
BRDA:37,0,0,3
BRDA:37,0,1,0
BRDA:37,1,0,3
BRDA:37,1,1,3
BRDA:40,2,0,3
BRDA:40,2,1,0
BRDA:40,3,0,3
BRDA:40,3,1,3
BRF:8
BRH:6
end_of_record
TN:
SF:src\modules\access-control\entities\user-role-global.entity.ts
FNF:0
FNH:0
DA:1,3
DA:17,3
DA:19,3
DA:22,3
DA:25,3
DA:28,3
DA:31,3
DA:34,3
DA:37,3
DA:40,3
DA:43,3
LF:11
LH:11
BRDA:34,0,0,3
BRDA:34,0,1,0
BRDA:34,1,0,3
BRDA:34,1,1,3
BRDA:37,2,0,3
BRDA:37,2,1,0
BRDA:37,3,0,3
BRDA:37,3,1,3
BRF:8
BRH:6
end_of_record
TN:
SF:src\modules\access-control\entities\user-role.entity.ts
FNF:0
FNH:0
DA:1,4
DA:25,4
DA:27,4
DA:30,4
DA:33,4
DA:37,4
DA:41,4
DA:44,4
DA:47,4
DA:50,4
DA:53,4
DA:56,4
LF:12
LH:12
BRDA:47,0,0,4
BRDA:47,0,1,0
BRDA:47,1,0,4
BRDA:47,1,1,4
BRDA:50,2,0,4
BRDA:50,2,1,0
BRDA:50,3,0,4
BRDA:50,3,1,4
BRF:8
BRH:6
end_of_record
TN:
SF:src\modules\auth\auth-audit.service.ts
FN:18,(anonymous_2)
FN:20,(anonymous_3)
FNF:2
FNH:0
FNDA:0,(anonymous_2)
FNDA:0,(anonymous_3)
DA:1,0
DA:2,0
DA:15,0
DA:16,0
DA:18,0
DA:21,0
DA:33,0
LF:7
LH:0
BRDA:26,0,0,0
BRDA:26,0,1,0
BRDA:27,1,0,0
BRDA:27,1,1,0
BRDA:28,2,0,0
BRDA:28,2,1,0
BRDA:29,3,0,0
BRDA:29,3,1,0
BRDA:35,4,0,0
BRDA:35,4,1,0
BRDA:35,4,2,0
BRDA:39,5,0,0
BRDA:39,5,1,0
BRDA:40,6,0,0
BRDA:40,6,1,0
BRDA:41,7,0,0
BRDA:41,7,1,0
BRDA:44,8,0,0
BRDA:44,8,1,0
BRDA:18,9,0,0
BRDA:18,9,1,0
BRDA:18,10,0,0
BRDA:18,10,1,0
BRF:23
BRH:0
end_of_record
TN:
SF:src\modules\auth\auth-rate-limit.service.ts
FN:12,(anonymous_1)
FNF:1
FNH:0
FNDA:0,(anonymous_1)
DA:1,0
DA:9,0
DA:10,0
DA:13,0
DA:14,0
DA:16,0
DA:17,0
DA:18,0
DA:21,0
DA:22,0
DA:28,0
DA:29,0
LF:12
LH:0
BRDA:16,0,0,0
BRDA:16,0,1,0
BRDA:16,1,0,0
BRDA:16,1,1,0
BRDA:21,2,0,0
BRDA:21,2,1,0
BRF:6
BRH:0
end_of_record
TN:
SF:src\modules\auth\auth.controller.ts
FN:87,(anonymous_4)
FN:99,(anonymous_5)
FN:111,(anonymous_6)
FN:176,(anonymous_7)
FN:190,(anonymous_8)
FN:218,(anonymous_9)
FN:263,(anonymous_10)
FN:280,(anonymous_11)
FN:309,(anonymous_12)
FN:327,(anonymous_13)
FN:359,(anonymous_14)
FN:382,(anonymous_15)
FN:409,(anonymous_16)
FN:423,(anonymous_17)
FN:450,(anonymous_18)
FNF:15
FNH:0
FNDA:0,(anonymous_4)
FNDA:0,(anonymous_5)
FNDA:0,(anonymous_6)
FNDA:0,(anonymous_7)
FNDA:0,(anonymous_8)
FNDA:0,(anonymous_9)
FNDA:0,(anonymous_10)
FNDA:0,(anonymous_11)
FNDA:0,(anonymous_12)
FNDA:0,(anonymous_13)
FNDA:0,(anonymous_14)
FNDA:0,(anonymous_15)
FNDA:0,(anonymous_16)
FNDA:0,(anonymous_17)
FNDA:0,(anonymous_18)
DA:1,0
DA:15,0
DA:16,0
DA:18,0
DA:19,0
DA:20,0
DA:21,0
DA:22,0
DA:23,0
DA:24,0
DA:25,0
DA:36,0
DA:37,0
DA:38,0
DA:42,0
DA:46,0
DA:52,0
DA:56,0
DA:60,0
DA:65,0
DA:69,0
DA:73,0
DA:77,0
DA:80,0
DA:84,0
DA:85,0
DA:88,0
DA:89,0
DA:90,0
DA:91,0
DA:92,0
DA:93,0
DA:94,0
DA:99,0
DA:100,0
DA:111,0
DA:116,0
DA:117,0
DA:119,0
DA:126,0
DA:127,0
DA:134,0
DA:135,0
DA:139,0
DA:146,0
DA:149,0
DA:151,0
DA:160,0
DA:168,0
DA:176,0
DA:190,0
DA:195,0
DA:196,0
DA:198,0
DA:202,0
DA:203,0
DA:210,0
DA:215,0
DA:218,0
DA:219,0
DA:221,0
DA:222,0
DA:229,0
DA:234,0
DA:242,0
DA:244,0
DA:253,0
DA:263,0
DA:280,0
DA:285,0
DA:286,0
DA:288,0
DA:289,0
DA:291,0
DA:293,0
DA:301,0
DA:309,0
DA:314,0
DA:321,0
DA:327,0
DA:328,0
DA:329,0
DA:331,0
DA:332,0
DA:333,0
DA:336,0
DA:338,0
DA:340,0
DA:348,0
DA:359,0
DA:360,0
DA:362,0
DA:363,0
DA:364,0
DA:366,0
DA:373,0
DA:382,0
DA:387,0
DA:388,0
DA:389,0
DA:392,0
DA:394,0
DA:400,0
DA:409,0
DA:423,0
DA:428,0
DA:434,0
DA:442,0
DA:451,0
DA:452,0
DA:453,0
LF:111
LH:0
BRDA:116,0,0,0
BRDA:116,0,1,0
BRDA:134,1,0,0
BRDA:134,1,1,0
BRDA:195,2,0,0
BRDA:195,2,1,0
BRDA:198,3,0,0
BRDA:198,3,1,0
BRDA:198,3,2,0
BRDA:202,4,0,0
BRDA:202,4,1,0
BRDA:202,5,0,0
BRDA:202,5,1,0
BRDA:215,6,0,0
BRDA:215,6,1,0
BRDA:215,6,2,0
BRDA:221,7,0,0
BRDA:221,7,1,0
BRDA:221,8,0,0
BRDA:221,8,1,0
BRDA:221,8,2,0
BRDA:230,9,0,0
BRDA:230,9,1,0
BRDA:285,10,0,0
BRDA:285,10,1,0
BRDA:328,11,0,0
BRDA:328,11,1,0
BRDA:332,12,0,0
BRDA:332,12,1,0
BRDA:369,13,0,0
BRDA:369,13,1,0
BRDA:370,14,0,0
BRDA:370,14,1,0
BRDA:388,15,0,0
BRDA:388,15,1,0
BRDA:392,16,0,0
BRDA:392,16,1,0
BRDA:431,17,0,0
BRDA:431,17,1,0
BRDA:439,18,0,0
BRDA:439,18,1,0
BRDA:444,19,0,0
BRDA:444,19,1,0
BRDA:88,20,0,0
BRDA:88,20,1,0
BRDA:88,21,0,0
BRDA:88,21,1,0
BRDA:88,22,0,0
BRDA:88,22,1,0
BRDA:88,23,0,0
BRDA:88,23,1,0
BRDA:89,24,0,0
BRDA:89,24,1,0
BRDA:89,25,0,0
BRDA:89,25,1,0
BRDA:90,26,0,0
BRDA:90,26,1,0
BRDA:90,27,0,0
BRDA:90,27,1,0
BRDA:91,28,0,0
BRDA:91,28,1,0
BRDA:91,29,0,0
BRDA:91,29,1,0
BRDA:92,30,0,0
BRDA:92,30,1,0
BRDA:92,31,0,0
BRDA:92,31,1,0
BRDA:93,32,0,0
BRDA:93,32,1,0
BRDA:93,33,0,0
BRDA:93,33,1,0
BRF:71
BRH:0
end_of_record
TN:
SF:src\modules\auth\auth.module.ts
FNF:0
FNH:0
DA:1,0
DA:2,0
DA:3,0
DA:4,0
DA:5,0
DA:6,0
DA:7,0
DA:8,0
DA:9,0
DA:10,0
DA:11,0
DA:12,0
DA:13,0
DA:14,0
DA:15,0
DA:16,0
DA:17,0
DA:18,0
DA:19,0
DA:20,0
DA:21,0
DA:22,0
DA:23,0
DA:24,0
DA:25,0
DA:26,0
DA:27,0
DA:28,0
DA:51,0
LF:29
LH:0
BRF:0
BRH:0
end_of_record
TN:
SF:src\modules\auth\auth.service.ts
FN:50,(anonymous_13)
FN:80,(anonymous_14)
FN:103,(anonymous_15)
FN:118,(anonymous_16)
FN:151,(anonymous_17)
FN:213,(anonymous_18)
FN:233,(anonymous_19)
FN:265,(anonymous_20)
FN:283,(anonymous_21)
FN:294,(anonymous_22)
FN:296,(anonymous_23)
FN:297,(anonymous_24)
FN:310,(anonymous_25)
FN:315,(anonymous_26)
FN:337,(anonymous_27)
FN:337,(anonymous_28)
FN:340,(anonymous_29)
FN:340,(anonymous_30)
FN:374,(anonymous_31)
FN:382,(anonymous_32)
FN:412,(anonymous_33)
FN:418,(anonymous_34)
FN:422,(anonymous_35)
FN:425,(anonymous_36)
FN:431,(anonymous_37)
FN:435,(anonymous_38)
FN:442,(anonymous_39)
FN:459,(anonymous_40)
FN:469,(anonymous_41)
FN:486,(anonymous_42)
FN:498,(anonymous_43)
FN:520,(anonymous_44)
FN:540,(anonymous_45)
FNF:33
FNH:23
FNDA:18,(anonymous_13)
FNDA:4,(anonymous_14)
FNDA:3,(anonymous_15)
FNDA:0,(anonymous_16)
FNDA:3,(anonymous_17)
FNDA:3,(anonymous_18)
FNDA:4,(anonymous_19)
FNDA:3,(anonymous_20)
FNDA:1,(anonymous_21)
FNDA:0,(anonymous_22)
FNDA:0,(anonymous_23)
FNDA:0,(anonymous_24)
FNDA:1,(anonymous_25)
FNDA:1,(anonymous_26)
FNDA:0,(anonymous_27)
FNDA:0,(anonymous_28)
FNDA:0,(anonymous_29)
FNDA:0,(anonymous_30)
FNDA:0,(anonymous_31)
FNDA:0,(anonymous_32)
FNDA:4,(anonymous_33)
FNDA:2,(anonymous_34)
FNDA:2,(anonymous_35)
FNDA:4,(anonymous_36)
FNDA:2,(anonymous_37)
FNDA:2,(anonymous_38)
FNDA:1,(anonymous_39)
FNDA:1,(anonymous_40)
FNDA:1,(anonymous_41)
FNDA:5,(anonymous_42)
FNDA:1,(anonymous_43)
FNDA:1,(anonymous_44)
FNDA:1,(anonymous_45)
DA:1,3
DA:2,3
DA:3,3
DA:4,3
DA:5,3
DA:6,3
DA:7,3
DA:9,3
DA:10,3
DA:11,3
DA:12,3
DA:13,3
DA:14,3
DA:15,3
DA:16,3
DA:17,3
DA:18,3
DA:19,3
DA:20,3
DA:21,3
DA:23,3
DA:47,3
DA:48,18
DA:51,18
DA:52,18
DA:53,18
DA:55,18
DA:57,18
DA:59,18
DA:61,18
DA:63,18
DA:65,18
DA:67,18
DA:69,18
DA:71,18
DA:73,18
DA:75,18
DA:77,18
DA:83,4
DA:84,4
DA:86,2
DA:89,2
DA:90,2
DA:93,0
DA:94,0
DA:95,0
DA:96,0
DA:99,0
DA:100,0
DA:109,3
DA:110,3
DA:111,2
DA:114,1
DA:115,1
DA:125,0
DA:127,0
DA:128,0
DA:129,0
DA:130,0
DA:135,0
DA:136,0
DA:137,0
DA:141,0
DA:142,0
DA:147,0
DA:148,0
DA:152,3
DA:153,3
DA:155,2
DA:164,2
DA:165,2
DA:168,0
DA:169,0
DA:170,0
DA:171,0
DA:172,0
DA:175,0
DA:176,0
DA:177,0
DA:180,0
DA:181,0
DA:183,0
DA:184,0
DA:185,0
DA:186,0
DA:188,0
DA:190,0
DA:191,0
DA:193,0
DA:200,3
DA:201,2
DA:203,1
DA:204,0
DA:207,0
DA:209,1
DA:214,3
DA:216,2
DA:217,2
DA:218,1
DA:234,4
DA:235,4
DA:237,4
DA:238,4
DA:240,4
DA:241,0
DA:242,0
DA:243,0
DA:244,4
DA:245,0
DA:246,0
DA:247,0
DA:250,4
DA:270,3
DA:271,3
DA:272,3
DA:274,2
DA:277,2
DA:280,1
DA:283,1
DA:286,1
DA:287,1
DA:288,1
DA:291,1
DA:294,1
DA:295,0
DA:296,0
DA:297,0
DA:302,1
DA:304,1
DA:305,1
DA:306,1
DA:310,1
DA:311,1
DA:312,1
DA:315,1
DA:320,1
DA:321,1
DA:322,1
DA:336,1
DA:337,0
DA:339,0
DA:340,0
DA:343,0
DA:344,0
DA:345,0
DA:347,0
DA:348,0
DA:349,0
DA:354,0
DA:355,0
DA:364,0
DA:365,0
DA:373,0
DA:374,0
DA:376,0
DA:386,0
DA:389,0
DA:390,0
DA:393,0
DA:394,0
DA:396,0
DA:397,0
DA:398,0
DA:399,0
DA:401,0
DA:402,0
DA:406,0
DA:413,4
DA:416,4
DA:418,2
DA:419,1
DA:422,2
DA:426,4
DA:429,4
DA:431,2
DA:432,1
DA:435,2
DA:443,1
DA:444,1
DA:445,1
DA:447,1
DA:449,1
DA:451,1
DA:460,1
DA:466,1
DA:470,1
DA:477,1
DA:483,1
DA:487,5
DA:491,3
DA:492,0
DA:495,3
DA:505,1
DA:506,1
DA:508,1
DA:517,1
DA:521,1
DA:522,1
DA:524,1
DA:525,1
DA:527,1
DA:529,0
DA:531,0
DA:533,0
DA:536,1
DA:541,1
DA:549,1
DA:550,0
DA:551,0
DA:552,0
DA:554,0
DA:555,0
DA:559,1
DA:560,1
DA:563,0
LF:215
LH:130
BRDA:89,0,0,2
BRDA:89,0,1,0
BRDA:94,1,0,0
BRDA:94,1,1,0
BRDA:110,2,0,2
BRDA:110,2,1,1
BRDA:127,3,0,0
BRDA:127,3,1,0
BRDA:129,4,0,0
BRDA:129,4,1,0
BRDA:135,5,0,0
BRDA:135,5,1,0
BRDA:135,6,0,0
BRDA:135,6,1,0
BRDA:141,7,0,0
BRDA:141,7,1,0
BRDA:164,8,0,2
BRDA:164,8,1,0
BRDA:169,9,0,0
BRDA:169,9,1,0
BRDA:176,10,0,0
BRDA:176,10,1,0
BRDA:200,11,0,2
BRDA:200,11,1,1
BRDA:200,12,0,3
BRDA:200,12,1,1
BRDA:203,13,0,0
BRDA:203,13,1,1
BRDA:205,14,0,0
BRDA:205,14,1,0
BRDA:214,15,0,1
BRDA:214,15,1,2
BRDA:240,16,0,0
BRDA:240,16,1,4
BRDA:240,17,0,4
BRDA:240,17,1,0
BRDA:244,18,0,0
BRDA:244,18,1,4
BRDA:272,19,0,1
BRDA:272,19,1,2
BRDA:277,20,0,1
BRDA:277,20,1,1
BRDA:305,21,0,1
BRDA:305,21,1,0
BRDA:311,22,0,1
BRDA:311,22,1,0
BRDA:348,23,0,0
BRDA:348,23,1,0
BRDA:373,24,0,0
BRDA:373,24,1,0
BRDA:389,25,0,0
BRDA:389,25,1,0
BRDA:416,26,0,3
BRDA:416,26,1,1
BRDA:429,27,0,3
BRDA:429,27,1,1
BRDA:438,28,0,2
BRDA:438,28,1,0
BRDA:491,29,0,0
BRDA:491,29,1,3
BRDA:491,30,0,3
BRDA:491,30,1,3
BRDA:513,31,0,1
BRDA:513,31,1,0
BRDA:514,32,0,1
BRDA:514,32,1,0
BRDA:522,33,0,0
BRDA:522,33,1,1
BRDA:527,34,0,0
BRDA:527,34,1,0
BRDA:527,34,2,0
BRDA:527,34,3,1
BRDA:527,34,4,1
BRDA:549,35,0,0
BRDA:549,35,1,1
BRDA:551,36,0,0
BRDA:551,36,1,0
BRDA:551,37,0,0
BRDA:551,37,1,0
BRDA:554,38,0,0
BRDA:554,38,1,0
BRDA:559,39,0,1
BRDA:559,39,1,0
BRDA:51,40,0,3
BRDA:51,40,1,0
BRDA:51,41,0,3
BRDA:51,41,1,3
BRDA:51,42,0,3
BRDA:51,42,1,0
BRDA:51,43,0,3
BRDA:51,43,1,3
BRDA:52,44,0,3
BRDA:52,44,1,0
BRDA:52,45,0,3
BRDA:52,45,1,3
BRDA:53,46,0,3
BRDA:53,46,1,0
BRDA:53,47,0,3
BRDA:53,47,1,3
BRDA:55,48,0,3
BRDA:55,48,1,0
BRDA:55,49,0,3
BRDA:55,49,1,3
BRDA:57,50,0,3
BRDA:57,50,1,0
BRDA:57,51,0,3
BRDA:57,51,1,3
BRDA:59,52,0,3
BRDA:59,52,1,0
BRDA:59,53,0,3
BRDA:59,53,1,3
BRDA:61,54,0,3
BRDA:61,54,1,0
BRDA:61,55,0,3
BRDA:61,55,1,3
BRDA:63,56,0,3
BRDA:63,56,1,0
BRDA:63,57,0,3
BRDA:63,57,1,3
BRDA:65,58,0,3
BRDA:65,58,1,0
BRDA:65,59,0,3
BRDA:65,59,1,3
BRDA:67,60,0,3
BRDA:67,60,1,0
BRDA:67,61,0,3
BRDA:67,61,1,3
BRDA:69,62,0,3
BRDA:69,62,1,0
BRDA:69,63,0,3
BRDA:69,63,1,3
BRDA:71,64,0,3
BRDA:71,64,1,0
BRDA:71,65,0,3
BRDA:71,65,1,3
BRDA:73,66,0,3
BRDA:73,66,1,0
BRDA:73,67,0,3
BRDA:73,67,1,3
BRDA:75,68,0,3
BRDA:75,68,1,0
BRDA:75,69,0,3
BRDA:75,69,1,3
BRF:143
BRH:80
end_of_record
TN:
SF:src\modules\auth\microsoft-auth.service.ts
FN:63,(anonymous_2)
FN:65,(anonymous_3)
FN:129,(anonymous_4)
FN:176,(anonymous_5)
FN:196,(anonymous_6)
FN:224,(anonymous_7)
FN:230,(anonymous_8)
FN:240,(anonymous_9)
FN:248,(anonymous_10)
FN:257,(anonymous_11)
FN:264,(anonymous_12)
FN:270,(anonymous_13)
FNF:12
FNH:0
FNDA:0,(anonymous_2)
FNDA:0,(anonymous_3)
FNDA:0,(anonymous_4)
FNDA:0,(anonymous_5)
FNDA:0,(anonymous_6)
FNDA:0,(anonymous_7)
FNDA:0,(anonymous_8)
FNDA:0,(anonymous_9)
FNDA:0,(anonymous_10)
FNDA:0,(anonymous_11)
FNDA:0,(anonymous_12)
FNDA:0,(anonymous_13)
DA:1,0
DA:2,0
DA:3,0
DA:59,0
DA:60,0
DA:61,0
DA:63,0
DA:70,0
DA:72,0
DA:74,0
DA:77,0
DA:78,0
DA:80,0
DA:82,0
DA:83,0
DA:86,0
DA:87,0
DA:94,0
DA:95,0
DA:98,0
DA:104,0
DA:105,0
DA:106,0
DA:107,0
DA:110,0
DA:112,0
DA:113,0
DA:114,0
DA:117,0
DA:118,0
DA:120,0
DA:134,0
DA:135,0
DA:136,0
DA:139,0
DA:140,0
DA:142,0
DA:143,0
DA:146,0
DA:147,0
DA:150,0
DA:151,0
DA:152,0
DA:154,0
DA:155,0
DA:157,0
DA:158,0
DA:160,0
DA:161,0
DA:164,0
DA:168,0
DA:169,0
DA:171,0
DA:172,0
DA:175,0
DA:176,0
DA:177,0
DA:178,0
DA:181,0
DA:182,0
DA:183,0
DA:185,0
DA:186,0
DA:187,0
DA:189,0
DA:190,0
DA:193,0
DA:197,0
DA:198,0
DA:199,0
DA:201,0
DA:202,0
DA:205,0
DA:206,0
DA:207,0
DA:208,0
DA:211,0
DA:212,0
DA:213,0
DA:216,0
DA:221,0
DA:225,0
DA:228,0
DA:230,0
DA:233,0
DA:235,0
DA:236,0
DA:241,0
DA:242,0
DA:243,0
DA:245,0
DA:249,0
DA:250,0
DA:251,0
DA:253,0
DA:258,0
DA:259,0
DA:260,0
DA:261,0
DA:265,0
DA:266,0
DA:268,0
DA:269,0
DA:270,0
DA:271,0
DA:273,0
LF:106
LH:0
BRDA:70,0,0,0
BRDA:70,0,1,0
BRDA:72,1,0,0
BRDA:72,1,1,0
BRDA:74,2,0,0
BRDA:74,2,1,0
BRDA:77,3,0,0
BRDA:77,3,1,0
BRDA:77,4,0,0
BRDA:77,4,1,0
BRDA:80,5,0,0
BRDA:80,5,1,0
BRDA:82,6,0,0
BRDA:82,6,1,0
BRDA:82,7,0,0
BRDA:82,7,1,0
BRDA:94,8,0,0
BRDA:94,8,1,0
BRDA:105,9,0,0
BRDA:105,9,1,0
BRDA:105,10,0,0
BRDA:105,10,1,0
BRDA:106,11,0,0
BRDA:106,11,1,0
BRDA:112,12,0,0
BRDA:112,12,1,0
BRDA:112,12,2,0
BRDA:113,13,0,0
BRDA:113,13,1,0
BRDA:135,14,0,0
BRDA:135,14,1,0
BRDA:135,15,0,0
BRDA:135,15,1,0
BRDA:135,15,2,0
BRDA:142,16,0,0
BRDA:142,16,1,0
BRDA:146,17,0,0
BRDA:146,17,1,0
BRDA:151,18,0,0
BRDA:151,18,1,0
BRDA:151,19,0,0
BRDA:151,19,1,0
BRDA:154,20,0,0
BRDA:154,20,1,0
BRDA:154,21,0,0
BRDA:154,21,1,0
BRDA:157,22,0,0
BRDA:157,22,1,0
BRDA:160,23,0,0
BRDA:160,23,1,0
BRDA:168,24,0,0
BRDA:168,24,1,0
BRDA:168,25,0,0
BRDA:168,25,1,0
BRDA:171,26,0,0
BRDA:171,26,1,0
BRDA:176,27,0,0
BRDA:176,27,1,0
BRDA:177,28,0,0
BRDA:177,28,1,0
BRDA:189,29,0,0
BRDA:189,29,1,0
BRDA:201,30,0,0
BRDA:201,30,1,0
BRDA:201,31,0,0
BRDA:201,31,1,0
BRDA:207,32,0,0
BRDA:207,32,1,0
BRDA:212,33,0,0
BRDA:212,33,1,0
BRDA:212,34,0,0
BRDA:212,34,1,0
BRDA:225,35,0,0
BRDA:225,35,1,0
BRDA:225,35,2,0
BRDA:233,36,0,0
BRDA:233,36,1,0
BRDA:235,37,0,0
BRDA:235,37,1,0
BRDA:242,38,0,0
BRDA:242,38,1,0
BRDA:242,39,0,0
BRDA:242,39,1,0
BRDA:266,40,0,0
BRDA:266,40,1,0
BRDA:271,41,0,0
BRDA:271,41,1,0
BRDA:63,42,0,0
BRDA:63,42,1,0
BRDA:63,43,0,0
BRDA:63,43,1,0
BRF:91
BRH:0
end_of_record
TN:
SF:src\modules\auth\users.controller.ts
FN:14,(anonymous_4)
FN:18,(anonymous_5)
FN:24,(anonymous_6)
FN:30,(anonymous_7)
FN:39,(anonymous_8)
FN:45,(anonymous_9)
FN:51,(anonymous_10)
FN:61,(anonymous_11)
FN:67,(anonymous_12)
FNF:9
FNH:0
FNDA:0,(anonymous_4)
FNDA:0,(anonymous_5)
FNDA:0,(anonymous_6)
FNDA:0,(anonymous_7)
FNDA:0,(anonymous_8)
FNDA:0,(anonymous_9)
FNDA:0,(anonymous_10)
FNDA:0,(anonymous_11)
FNDA:0,(anonymous_12)
DA:1,0
DA:5,0
DA:6,0
DA:7,0
DA:8,0
DA:9,0
DA:10,0
DA:13,0
DA:14,0
DA:18,0
DA:19,0
DA:24,0
DA:25,0
DA:30,0
DA:34,0
DA:39,0
DA:40,0
DA:45,0
DA:46,0
DA:51,0
DA:56,0
DA:61,0
DA:62,0
DA:67,0
DA:72,0
LF:25
LH:0
BRDA:34,0,0,0
BRDA:34,0,1,0
BRDA:34,1,0,0
BRDA:34,1,1,0
BRDA:24,2,0,0
BRDA:24,2,1,0
BRDA:24,3,0,0
BRDA:24,3,1,0
BRDA:45,4,0,0
BRDA:45,4,1,0
BRDA:45,5,0,0
BRDA:45,5,1,0
BRDA:14,6,0,0
BRDA:14,6,1,0
BRDA:14,7,0,0
BRDA:14,7,1,0
BRF:16
BRH:0
end_of_record
TN:
SF:src\modules\auth\users.service.ts
FN:25,(anonymous_13)
FN:41,(anonymous_14)
FN:100,(anonymous_15)
FN:109,(anonymous_16)
FN:113,(anonymous_17)
FN:118,(anonymous_18)
FN:122,(anonymous_19)
FN:143,(anonymous_20)
FN:144,(anonymous_21)
FN:150,(anonymous_22)
FN:150,(anonymous_23)
FN:160,(anonymous_24)
FN:163,(anonymous_25)
FN:166,(anonymous_26)
FN:174,(anonymous_27)
FN:178,(anonymous_28)
FN:182,(anonymous_29)
FN:191,(anonymous_30)
FN:198,(anonymous_31)
FN:258,(anonymous_32)
FN:286,(anonymous_33)
FN:314,(anonymous_34)
FN:346,(anonymous_35)
FN:377,(anonymous_36)
FN:392,(anonymous_37)
FN:401,(anonymous_38)
FN:405,(anonymous_39)
FN:410,(anonymous_40)
FN:430,(anonymous_41)
FN:458,(anonymous_42)
FN:499,(anonymous_43)
FNF:31
FNH:0
FNDA:0,(anonymous_13)
FNDA:0,(anonymous_14)
FNDA:0,(anonymous_15)
FNDA:0,(anonymous_16)
FNDA:0,(anonymous_17)
FNDA:0,(anonymous_18)
FNDA:0,(anonymous_19)
FNDA:0,(anonymous_20)
FNDA:0,(anonymous_21)
FNDA:0,(anonymous_22)
FNDA:0,(anonymous_23)
FNDA:0,(anonymous_24)
FNDA:0,(anonymous_25)
FNDA:0,(anonymous_26)
FNDA:0,(anonymous_27)
FNDA:0,(anonymous_28)
FNDA:0,(anonymous_29)
FNDA:0,(anonymous_30)
FNDA:0,(anonymous_31)
FNDA:0,(anonymous_32)
FNDA:0,(anonymous_33)
FNDA:0,(anonymous_34)
FNDA:0,(anonymous_35)
FNDA:0,(anonymous_36)
FNDA:0,(anonymous_37)
FNDA:0,(anonymous_38)
FNDA:0,(anonymous_39)
FNDA:0,(anonymous_40)
FNDA:0,(anonymous_41)
FNDA:0,(anonymous_42)
FNDA:0,(anonymous_43)
DA:1,3
DA:7,3
DA:8,3
DA:9,3
DA:10,3
DA:11,3
DA:12,3
DA:13,3
DA:14,3
DA:15,3
DA:18,3
DA:19,3
DA:21,3
DA:24,3
DA:27,0
DA:29,0
DA:31,0
DA:33,0
DA:35,0
DA:37,0
DA:38,0
DA:42,0
DA:44,0
DA:45,0
DA:46,0
DA:49,0
DA:50,0
DA:53,0
DA:54,0
DA:58,0
DA:59,0
DA:60,0
DA:61,0
DA:64,0
DA:80,0
DA:81,0
DA:97,0
DA:101,0
DA:102,0
DA:103,0
DA:105,0
DA:106,0
DA:108,0
DA:109,0
DA:110,0
DA:111,0
DA:112,0
DA:113,0
DA:115,0
DA:118,0
DA:119,0
DA:122,0
DA:123,0
DA:132,0
DA:142,0
DA:143,0
DA:144,0
DA:146,0
DA:149,0
DA:150,0
DA:152,0
DA:153,0
DA:154,0
DA:155,0
DA:156,0
DA:157,0
DA:160,0
DA:163,0
DA:167,0
DA:168,0
DA:169,0
DA:171,0
DA:175,0
DA:179,0
DA:183,0
DA:192,0
DA:199,0
DA:200,0
DA:202,0
DA:203,0
DA:204,0
DA:207,0
DA:208,0
DA:209,0
DA:210,0
DA:211,0
DA:212,0
DA:217,0
DA:218,0
DA:219,0
DA:220,0
DA:221,0
DA:222,0
DA:224,0
DA:228,0
DA:236,0
DA:237,0
DA:238,0
DA:255,0
DA:259,0
DA:260,0
DA:261,0
DA:262,0
DA:264,0
DA:265,0
DA:266,0
DA:267,0
DA:268,0
DA:269,0
DA:283,0
DA:287,0
DA:288,0
DA:289,0
DA:291,0
DA:292,0
DA:293,0
DA:294,0
DA:295,0
DA:296,0
DA:297,0
DA:298,0
DA:311,0
DA:315,0
DA:316,0
DA:317,0
DA:318,0
DA:320,0
DA:321,0
DA:322,0
DA:323,0
DA:324,0
DA:338,0
DA:347,0
DA:350,0
DA:351,0
DA:354,0
DA:355,0
DA:358,0
DA:359,0
DA:362,0
DA:363,0
DA:368,0
DA:369,0
DA:370,0
DA:371,0
DA:374,0
DA:378,0
DA:379,0
DA:381,0
DA:383,0
DA:384,0
DA:385,0
DA:386,0
DA:389,0
DA:393,0
DA:402,0
DA:406,0
DA:407,0
DA:411,0
DA:412,0
DA:415,0
DA:416,0
DA:419,0
DA:420,0
DA:422,0
DA:423,0
DA:424,0
DA:431,0
DA:455,0
DA:459,0
DA:496,0
DA:500,0
DA:536,0
DA:537,0
LF:174
LH:14
BRDA:45,0,0,0
BRDA:45,0,1,0
BRDA:49,1,0,0
BRDA:49,1,1,0
BRDA:53,2,0,0
BRDA:53,2,1,0
BRDA:59,3,0,0
BRDA:59,3,1,0
BRDA:66,4,0,0
BRDA:66,4,1,0
BRDA:68,5,0,0
BRDA:68,5,1,0
BRDA:72,6,0,0
BRDA:72,6,1,0
BRDA:73,7,0,0
BRDA:73,7,1,0
BRDA:76,8,0,0
BRDA:76,8,1,0
BRDA:77,9,0,0
BRDA:77,9,1,0
BRDA:86,10,0,0
BRDA:86,10,1,0
BRDA:100,11,0,0
BRDA:100,12,0,0
BRDA:102,13,0,0
BRDA:102,13,1,0
BRDA:108,14,0,0
BRDA:108,14,1,0
BRDA:108,15,0,0
BRDA:108,15,1,0
BRDA:112,16,0,0
BRDA:112,16,1,0
BRDA:112,17,0,0
BRDA:112,17,1,0
BRDA:123,18,0,0
BRDA:123,18,1,0
BRDA:132,19,0,0
BRDA:132,19,1,0
BRDA:132,20,0,0
BRDA:132,20,1,0
BRDA:154,21,0,0
BRDA:154,21,1,0
BRDA:156,22,0,0
BRDA:156,22,1,0
BRDA:156,23,0,0
BRDA:156,23,1,0
BRDA:168,24,0,0
BRDA:168,24,1,0
BRDA:199,25,0,0
BRDA:199,25,1,0
BRDA:203,26,0,0
BRDA:203,26,1,0
BRDA:207,27,0,0
BRDA:207,27,1,0
BRDA:209,28,0,0
BRDA:209,28,1,0
BRDA:211,29,0,0
BRDA:211,29,1,0
BRDA:217,30,0,0
BRDA:217,30,1,0
BRDA:219,31,0,0
BRDA:219,31,1,0
BRDA:221,32,0,0
BRDA:221,32,1,0
BRDA:236,33,0,0
BRDA:236,33,1,0
BRDA:243,34,0,0
BRDA:243,34,1,0
BRDA:261,35,0,0
BRDA:261,35,1,0
BRDA:266,36,0,0
BRDA:266,36,1,0
BRDA:288,37,0,0
BRDA:288,37,1,0
BRDA:317,38,0,0
BRDA:317,38,1,0
BRDA:321,39,0,0
BRDA:321,39,1,0
BRDA:350,40,0,0
BRDA:350,40,1,0
BRDA:354,41,0,0
BRDA:354,41,1,0
BRDA:358,42,0,0
BRDA:358,42,1,0
BRDA:362,43,0,0
BRDA:362,43,1,0
BRDA:362,44,0,0
BRDA:362,44,1,0
BRDA:368,45,0,0
BRDA:368,45,1,0
BRDA:368,46,0,0
BRDA:368,46,1,0
BRDA:377,47,0,0
BRDA:377,48,0,0
BRDA:379,49,0,0
BRDA:379,49,1,0
BRDA:383,50,0,0
BRDA:383,50,1,0
BRDA:397,51,0,0
[...]
BRDA:161,31,0,0
BRDA:161,31,1,0
BRDA:27,32,0,0
BRDA:27,32,1,0
BRDA:27,33,0,0
BRDA:27,33,1,0
BRDA:27,34,0,0
BRDA:27,34,1,0
BRDA:27,35,0,0
BRDA:27,35,1,0
BRDA:29,36,0,0
BRDA:29,36,1,0
BRDA:29,37,0,0
BRDA:29,37,1,0
BRDA:31,38,0,0
BRDA:31,38,1,0
BRDA:31,39,0,0
BRDA:31,39,1,0
BRF:81
BRH:0
end_of_record
TN:
SF:src\modules\notifications\dto\dispatch-notification.dto.ts
FNF:0
FNH:0
DA:1,0
DA:3,0
DA:5,0
DA:8,0
DA:12,0
DA:16,0
DA:20,0
DA:24,0
DA:28,0
DA:33,0
DA:38,0
DA:43,0
LF:12
LH:0
BRDA:16,0,0,0
BRDA:16,0,1,0
BRDA:16,1,0,0
BRDA:16,1,1,0
BRF:4
BRH:0
end_of_record
TN:
SF:src\modules\notifications\entities\notification-user.entity.ts
FN:40,(anonymous_2)
FN:40,(anonymous_3)
FNF:2
FNH:0
FNDA:0,(anonymous_2)
FNDA:0,(anonymous_3)
DA:1,0
DA:10,0
DA:16,0
DA:18,0
DA:21,0
DA:25,0
DA:29,0
DA:32,0
DA:35,0
DA:38,0
DA:40,0
DA:42,0
LF:12
LH:0
BRDA:32,0,0,0
BRDA:32,0,1,0
BRDA:32,1,0,0
BRDA:32,1,1,0
BRDA:42,2,0,0
BRDA:42,2,1,0
BRDA:42,3,0,0
BRDA:42,3,1,0
BRF:8
BRH:0
end_of_record
TN:
SF:src\modules\notifications\entities\notification.entity.ts
FN:52,(anonymous_2)
FN:52,(anonymous_3)
FNF:2
FNH:0
FNDA:0,(anonymous_2)
FNDA:0,(anonymous_3)
DA:1,0
DA:11,0
DA:14,0
DA:16,0
DA:20,0
DA:23,0
DA:26,0
DA:29,0
DA:32,0
DA:35,0
DA:38,0
DA:41,0
DA:44,0
DA:47,0
DA:50,0
DA:52,0
DA:53,0
LF:17
LH:0
BRDA:44,0,0,0
BRDA:44,0,1,0
BRDA:44,1,0,0
BRDA:44,1,1,0
BRF:4
BRH:0
end_of_record
TN:
SF:src\modules\ops\ops.controller.ts
FN:8,(anonymous_4)
FN:12,(anonymous_5)
FN:19,(anonymous_6)
FN:26,(anonymous_7)
FN:33,(anonymous_8)
FN:40,(anonymous_9)
FN:47,(anonymous_10)
FN:54,(anonymous_11)
FNF:8
FNH:0
FNDA:0,(anonymous_4)
FNDA:0,(anonymous_5)
FNDA:0,(anonymous_6)
FNDA:0,(anonymous_7)
FNDA:0,(anonymous_8)
FNDA:0,(anonymous_9)
FNDA:0,(anonymous_10)
FNDA:0,(anonymous_11)
DA:1,0
DA:2,0
DA:3,0
DA:4,0
DA:7,0
DA:8,0
DA:12,0
DA:13,0
DA:14,0
DA:19,0
DA:20,0
DA:21,0
DA:26,0
DA:27,0
DA:28,0
DA:33,0
DA:34,0
DA:35,0
DA:40,0
DA:41,0
DA:42,0
DA:47,0
DA:48,0
DA:49,0
DA:54,0
DA:58,0
DA:59,0
LF:27
LH:0
BRDA:19,0,0,0
BRDA:19,0,1,0
BRDA:19,1,0,0
BRDA:19,1,1,0
BRDA:26,2,0,0
BRDA:26,2,1,0
BRDA:26,3,0,0
BRDA:26,3,1,0
BRDA:56,4,0,0
BRDA:56,4,1,0
BRDA:56,5,0,0
BRDA:56,5,1,0
BRDA:8,6,0,0
BRDA:8,6,1,0
BRDA:8,7,0,0
BRDA:8,7,1,0
BRF:16
BRH:0
end_of_record
TN:
SF:src\modules\ops\ops.module.ts
FNF:0
FNH:0
DA:1,0
DA:2,0
DA:3,0
DA:4,0
DA:5,0
DA:6,0
DA:7,0
DA:8,0
DA:18,0
LF:9
LH:0
BRF:0
BRH:0
end_of_record
TN:
SF:src\modules\ops\ops.service.ts
FN:25,(anonymous_4)
FN:35,(anonymous_5)
FN:118,(anonymous_6)
FN:199,(anonymous_7)
FN:218,(anonymous_8)
FN:241,(anonymous_9)
FN:245,(anonymous_10)
FN:249,(anonymous_11)
FN:270,(anonymous_12)
FN:276,(anonymous_13)
FN:284,(anonymous_14)
FN:297,(anonymous_15)
FN:302,(anonymous_16)
FNF:13
FNH:0
FNDA:0,(anonymous_4)
FNDA:0,(anonymous_5)
FNDA:0,(anonymous_6)
FNDA:0,(anonymous_7)
FNDA:0,(anonymous_8)
FNDA:0,(anonymous_9)
FNDA:0,(anonymous_10)
FNDA:0,(anonymous_11)
FNDA:0,(anonymous_12)
FNDA:0,(anonymous_13)
FNDA:0,(anonymous_14)
FNDA:0,(anonymous_15)
FNDA:0,(anonymous_16)
DA:1,0
DA:2,0
DA:3,0
DA:4,0
DA:5,0
DA:6,0
DA:7,0
DA:24,0
DA:27,0
DA:29,0
DA:31,0
DA:32,0
DA:36,0
DA:45,0
DA:48,0
DA:51,0
DA:63,0
DA:74,0
DA:77,0
DA:80,0
DA:83,0
DA:86,0
DA:89,0
DA:92,0
DA:95,0
DA:99,0
DA:103,0
DA:119,0
DA:120,0
DA:121,0
DA:122,0
DA:123,0
DA:124,0
DA:125,0
DA:126,0
DA:127,0
DA:129,0
DA:130,0
DA:131,0
DA:132,0
DA:133,0
DA:135,0
DA:137,0
DA:138,0
DA:139,0
DA:141,0
DA:142,0
DA:143,0
DA:145,0
DA:146,0
DA:147,0
DA:149,0
DA:150,0
DA:151,0
DA:152,0
DA:153,0
DA:155,0
DA:156,0
DA:158,0
DA:159,0
DA:162,0
DA:163,0
DA:192,0
DA:193,0
DA:198,0
DA:199,0
DA:219,0
DA:222,0
DA:225,0
DA:228,0
DA:232,0
DA:242,0
DA:246,0
DA:250,0
DA:251,0
DA:252,0
DA:267,0
DA:271,0
DA:272,0
DA:273,0
DA:277,0
DA:278,0
DA:285,0
DA:286,0
DA:288,0
DA:289,0
DA:290,0
DA:291,0
DA:293,0
DA:294,0
DA:298,0
DA:299,0
DA:303,0
DA:307,0
LF:94
LH:0
BRDA:99,0,0,0
BRDA:99,0,1,0
BRDA:106,1,0,0
BRDA:106,1,1,0
BRDA:107,2,0,0
BRDA:107,2,1,0
BRDA:108,3,0,0
BRDA:108,3,1,0
BRDA:110,4,0,0
BRDA:110,4,1,0
BRDA:110,5,0,0
BRDA:110,5,1,0
BRDA:111,6,0,0
BRDA:111,6,1,0
BRDA:111,7,0,0
BRDA:111,7,1,0
BRDA:112,8,0,0
BRDA:112,8,1,0
BRDA:112,9,0,0
BRDA:112,9,1,0
BRDA:113,10,0,0
BRDA:113,10,1,0
BRDA:113,11,0,0
BRDA:113,11,1,0
BRDA:119,12,0,0
BRDA:119,12,1,0
BRDA:120,13,0,0
BRDA:120,13,1,0
BRDA:122,14,0,0
BRDA:122,14,1,0
BRDA:123,15,0,0
BRDA:123,15,1,0
BRDA:124,16,0,0
BRDA:124,16,1,0
BRDA:129,17,0,0
BRDA:129,17,1,0
BRDA:132,18,0,0
BRDA:132,18,1,0
BRDA:137,19,0,0
BRDA:137,19,1,0
BRDA:141,20,0,0
BRDA:141,20,1,0
BRDA:145,21,0,0
BRDA:145,21,1,0
BRDA:149,22,0,0
BRDA:149,22,1,0
BRDA:152,23,0,0
BRDA:152,23,1,0
BRDA:152,24,0,0
BRDA:152,24,1,0
BRDA:155,25,0,0
BRDA:155,25,1,0
BRDA:158,26,0,0
BRDA:158,26,1,0
BRDA:162,27,0,0
BRDA:162,27,1,0
BRDA:212,28,0,0
BRDA:212,28,1,0
BRDA:233,29,0,0
BRDA:233,29,1,0
BRDA:234,30,0,0
BRDA:234,30,1,0
BRDA:235,31,0,0
BRDA:235,31,1,0
BRDA:236,32,0,0
BRDA:236,32,1,0
BRDA:237,33,0,0
BRDA:237,33,1,0
BRDA:237,34,0,0
BRDA:237,34,1,0
BRDA:237,35,0,0
BRDA:237,35,1,0
BRDA:250,36,0,0
BRDA:250,36,1,0
BRDA:251,37,0,0
BRDA:251,37,1,0
BRDA:277,38,0,0
BRDA:277,38,1,0
BRDA:285,39,0,0
BRDA:285,39,1,0
BRDA:285,40,0,0
BRDA:285,40,1,0
BRDA:285,40,2,0
BRDA:288,41,0,0
BRDA:288,41,1,0
BRDA:289,42,0,0
BRDA:289,42,1,0
BRDA:290,43,0,0
BRDA:290,43,1,0
BRDA:290,44,0,0
BRDA:290,44,1,0
BRDA:290,44,2,0
BRDA:293,45,0,0
BRDA:293,45,1,0
BRDA:299,46,0,0
BRDA:299,46,1,0
BRDA:307,47,0,0
BRDA:307,47,1,0
BRDA:27,48,0,0
BRDA:27,48,1,0
BRDA:27,49,0,0
BRDA:27,49,1,0
BRDA:27,50,0,0
BRDA:27,50,1,0
BRDA:27,51,0,0
BRDA:27,51,1,0
BRDA:29,52,0,0
BRDA:29,52,1,0
BRDA:29,53,0,0
BRDA:29,53,1,0
BRDA:31,54,0,0
BRDA:31,54,1,0
BRDA:31,55,0,0
BRDA:31,55,1,0
BRF:114
BRH:0
end_of_record
TN:
SF:src\modules\ops\dto\list-queue-jobs.dto.ts
FN:12,(anonymous_2)
FN:18,(anonymous_3)
FN:32,(anonymous_4)
FN:38,(anonymous_5)
FN:45,(anonymous_6)
FN:51,(anonymous_7)
FN:57,(anonymous_8)
FNF:7
FNH:0
FNDA:0,(anonymous_2)
FNDA:0,(anonymous_3)
FNDA:0,(anonymous_4)
FNDA:0,(anonymous_5)
FNDA:0,(anonymous_6)
FNDA:0,(anonymous_7)
FNDA:0,(anonymous_8)
DA:1,0
DA:2,0
DA:6,0
DA:9,0
DA:12,0
DA:15,0
DA:18,0
DA:21,0
DA:25,0
DA:29,0
DA:32,0
DA:35,0
DA:38,0
DA:42,0
DA:45,0
DA:48,0
DA:51,0
DA:54,0
DA:57,0
DA:61,0
DA:64,0
DA:66,0
DA:69,0
DA:71,0
LF:24
LH:0
BRF:0
BRH:0
end_of_record
TN:
SF:src\modules\payroll\payroll.controller.ts
FN:13,(anonymous_4)
FN:17,(anonymous_5)
FN:23,(anonymous_6)
FN:34,(anonymous_7)
FN:43,(anonymous_8)
FN:49,(anonymous_9)
FN:55,(anonymous_10)
FN:65,(anonymous_11)
FN:75,(anonymous_12)
FNF:9
FNH:0
FNDA:0,(anonymous_4)
FNDA:0,(anonymous_5)
FNDA:0,(anonymous_6)
FNDA:0,(anonymous_7)
FNDA:0,(anonymous_8)
FNDA:0,(anonymous_9)
FNDA:0,(anonymous_10)
FNDA:0,(anonymous_11)
FNDA:0,(anonymous_12)
DA:1,0
DA:5,0
DA:6,0
DA:7,0
DA:8,0
DA:9,0
DA:12,0
DA:13,0
DA:17,0
DA:18,0
DA:23,0
DA:28,0
DA:29,0
DA:34,0
DA:38,0
DA:43,0
DA:44,0
DA:49,0
DA:50,0
DA:55,0
DA:60,0
DA:65,0
DA:70,0
DA:75,0
DA:76,0
LF:25
LH:0
BRDA:28,0,0,0
BRDA:28,0,1,0
BRDA:29,1,0,0
BRDA:29,1,1,0
BRDA:29,2,0,0
BRDA:29,2,1,0
BRDA:70,3,0,0
BRDA:70,3,1,0
BRDA:43,4,0,0
BRDA:43,4,1,0
BRDA:43,5,0,0
BRDA:43,5,1,0
BRDA:13,6,0,0
BRDA:13,6,1,0
BRDA:13,7,0,0
BRDA:13,7,1,0
BRF:16
BRH:0
end_of_record
TN:
SF:src\modules\payroll\payroll.module.ts
FNF:0
FNH:0
DA:1,0
DA:2,0
DA:3,0
DA:4,0
DA:5,0
DA:6,0
DA:7,0
DA:8,0
DA:15,0
LF:9
LH:0
BRF:0
BRH:0
end_of_record
TN:
SF:src\modules\payroll\payroll.service.ts
FN:30,(anonymous_4)
FN:39,(anonymous_5)
FN:58,(anonymous_6)
FN:67,(anonymous_7)
FN:129,(anonymous_8)
FN:157,(anonymous_9)
FN:175,(anonymous_10)
FN:206,(anonymous_11)
FN:237,(anonymous_12)
FN:266,(anonymous_13)
FN:270,(anonymous_14)
FN:273,(anonymous_15)
FNF:12
FNH:0
FNDA:0,(anonymous_4)
FNDA:0,(anonymous_5)
FNDA:0,(anonymous_6)
FNDA:0,(anonymous_7)
FNDA:0,(anonymous_8)
FNDA:0,(anonymous_9)
FNDA:0,(anonymous_10)
FNDA:0,(anonymous_11)
FNDA:0,(anonymous_12)
FNDA:0,(anonymous_13)
FNDA:0,(anonymous_14)
FNDA:0,(anonymous_15)
DA:1,0
DA:8,0
DA:9,0
DA:10,0
DA:11,0
DA:18,0
DA:19,0
DA:20,0
DA:22,0
DA:29,0
DA:32,0
DA:34,0
DA:35,0
DA:36,0
DA:40,0
DA:42,0
DA:43,0
DA:44,0
DA:46,0
DA:47,0
DA:48,0
DA:51,0
DA:52,0
DA:53,0
DA:55,0
DA:59,0
DA:60,0
DA:61,0
DA:62,0
DA:64,0
DA:68,0
DA:69,0
DA:71,0
DA:72,0
DA:73,0
DA:74,0
DA:76,0
DA:88,0
DA:89,0
DA:92,0
DA:109,0
DA:111,0
DA:117,0
DA:126,0
DA:130,0
DA:131,0
DA:132,0
DA:134,0
DA:135,0
DA:136,0
DA:138,0
DA:139,0
DA:145,0
DA:154,0
DA:158,0
DA:159,0
DA:160,0
DA:163,0
DA:164,0
DA:167,0
DA:169,0
DA:175,0
DA:182,0
DA:183,0
DA:186,0
DA:188,0
DA:194,0
DA:203,0
DA:207,0
DA:208,0
DA:209,0
DA:211,0
DA:212,0
DA:215,0
DA:216,0
DA:218,0
DA:219,0
DA:225,0
DA:234,0
DA:238,0
DA:239,0
DA:240,0
DA:242,0
DA:243,0
DA:244,0
DA:245,0
DA:247,0
DA:248,0
DA:254,0
DA:263,0
DA:267,0
DA:270,0
DA:274,0
DA:277,0
DA:278,0
LF:95
LH:0
BRDA:39,0,0,0
BRDA:42,1,0,0
BRDA:42,1,1,0
BRDA:47,2,0,0
BRDA:47,2,1,0
BRDA:51,3,0,0
BRDA:51,3,1,0
BRDA:60,4,0,0
BRDA:60,4,1,0
BRDA:61,5,0,0
BRDA:61,5,1,0
BRDA:68,6,0,0
BRDA:68,6,1,0
BRDA:71,7,0,0
BRDA:71,7,1,0
BRDA:72,8,0,0
BRDA:72,8,1,0
BRDA:88,9,0,0
BRDA:88,9,1,0
BRDA:102,10,0,0
BRDA:102,10,1,0
BRDA:103,11,0,0
BRDA:103,11,1,0
BRDA:104,12,0,0
BRDA:104,12,1,0
BRDA:105,13,0,0
BRDA:105,13,1,0
BRDA:122,14,0,0
BRDA:122,14,1,0
BRDA:131,15,0,0
BRDA:131,15,1,0
BRDA:131,16,0,0
BRDA:131,16,1,0
BRDA:135,17,0,0
BRDA:135,17,1,0
BRDA:150,18,0,0
BRDA:150,18,1,0
BRDA:159,19,0,0
BRDA:159,19,1,0
BRDA:163,20,0,0
BRDA:163,20,1,0
BRDA:163,21,0,0
BRDA:163,21,1,0
BRDA:174,22,0,0
BRDA:174,22,1,0
BRDA:182,23,0,0
BRDA:182,23,1,0
BRDA:199,24,0,0
BRDA:199,24,1,0
BRDA:208,25,0,0
BRDA:208,25,1,0
BRDA:212,26,0,0
BRDA:212,26,1,0
BRDA:215,27,0,0
BRDA:215,27,1,0
BRDA:230,28,0,0
BRDA:230,28,1,0
BRDA:239,29,0,0
BRDA:239,29,1,0
BRDA:239,30,0,0
BRDA:239,30,1,0
BRDA:244,31,0,0
BRDA:244,31,1,0
BRDA:259,32,0,0
BRDA:259,32,1,0
BRDA:277,33,0,0
BRDA:277,33,1,0
BRDA:32,34,0,0
BRDA:32,34,1,0
BRDA:32,35,0,0
BRDA:32,35,1,0
BRDA:32,36,0,0
BRDA:32,36,1,0
BRDA:32,37,0,0
BRDA:32,37,1,0
BRDA:34,38,0,0
BRDA:34,38,1,0
BRDA:34,39,0,0
BRDA:34,39,1,0
BRDA:35,40,0,0
BRDA:35,40,1,0
BRDA:35,41,0,0
BRDA:35,41,1,0
BRF:83
BRH:0
end_of_record
TN:
SF:src\modules\payroll\dto\create-payroll.dto.ts
FNF:0
FNH:0
DA:1,0
DA:2,0
DA:4,0
DA:6,0
DA:9,0
DA:14,0
DA:17,0
DA:20,0
DA:23,0
DA:26,0
DA:30,0
DA:34,0
DA:39,0
LF:13
LH:0
BRDA:30,0,0,0
BRDA:30,0,1,0
BRDA:30,1,0,0
BRDA:30,1,1,0
BRF:4
BRH:0
end_of_record
TN:
SF:src\modules\payroll\entities\pay-period.entity.ts
FNF:0
FNH:0
DA:1,2
DA:12,2
DA:14,2
DA:17,2
DA:20,2
DA:24,2
DA:27,2
DA:30,2
LF:8
LH:8
BRDA:27,0,0,2
BRDA:27,0,1,0
BRDA:27,1,0,2
BRDA:27,1,1,2
BRDA:30,2,0,2
BRDA:30,2,1,0
BRDA:30,3,0,2
BRDA:30,3,1,2
BRF:8
BRH:6
end_of_record
TN:
SF:src\modules\payroll\entities\payroll-calendar.entity.ts
FN:6,(anonymous_2)
FN:16,(anonymous_3)
FN:23,(anonymous_4)
FNF:3
FNH:0
FNDA:0,(anonymous_2)
FNDA:0,(anonymous_3)
FNDA:0,(anonymous_4)
DA:1,0
DA:6,0
DA:7,0
DA:8,0
DA:9,0
DA:10,0
DA:11,0
DA:12,0
DA:13,0
DA:16,0
DA:17,0
DA:18,0
DA:19,0
DA:20,0
DA:23,0
DA:24,0
DA:25,0
DA:37,0
DA:39,0
DA:43,0
DA:47,0
DA:50,0
DA:53,0
DA:56,0
DA:59,0
DA:62,0
DA:65,0
DA:69,0
DA:72,0
DA:75,0
DA:78,0
DA:81,0
DA:84,0
DA:87,0
DA:90,0
DA:93,0
DA:96,0
DA:99,0
LF:38
LH:0
BRDA:6,0,0,0
BRDA:6,0,1,0
BRDA:16,1,0,0
BRDA:16,1,1,0
BRDA:23,2,0,0
BRDA:23,2,1,0
BRDA:53,3,0,0
BRDA:53,3,1,0
BRDA:53,4,0,0
BRDA:53,4,1,0
BRDA:56,5,0,0
BRDA:56,5,1,0
BRDA:56,6,0,0
BRDA:56,6,1,0
BRDA:59,7,0,0
BRDA:59,7,1,0
BRDA:59,8,0,0
BRDA:59,8,1,0
BRDA:62,9,0,0
BRDA:62,9,1,0
BRDA:62,10,0,0
BRDA:62,10,1,0
BRDA:87,11,0,0
BRDA:87,11,1,0
BRDA:87,12,0,0
BRDA:87,12,1,0
BRDA:90,13,0,0
BRDA:90,13,1,0
BRDA:90,14,0,0
BRDA:90,14,1,0
BRF:30
BRH:0
end_of_record
TN:
SF:src\modules\personal-actions\personal-actions.controller.ts
FN:14,(anonymous_4)
FN:18,(anonymous_5)
FN:24,(anonymous_6)
FN:36,(anonymous_7)
FN:45,(anonymous_8)
FN:51,(anonymous_9)
FN:57,(anonymous_10)
FN:69,(anonymous_11)
FNF:8
FNH:0
FNDA:0,(anonymous_4)
FNDA:0,(anonymous_5)
FNDA:0,(anonymous_6)
FNDA:0,(anonymous_7)
FNDA:0,(anonymous_8)
FNDA:0,(anonymous_9)
FNDA:0,(anonymous_10)
FNDA:0,(anonymous_11)
DA:1,0
DA:5,0
DA:6,0
DA:8,0
DA:9,0
DA:10,0
DA:13,0
DA:14,0
DA:18,0
DA:19,0
DA:24,0
DA:29,0
DA:30,0
DA:31,0
DA:36,0
DA:40,0
DA:45,0
DA:46,0
DA:51,0
DA:52,0
DA:57,0
DA:63,0
DA:64,0
DA:69,0
DA:74,0
LF:25
LH:0
BRDA:29,0,0,0
BRDA:29,0,1,0
BRDA:30,1,0,0
BRDA:30,1,1,0
BRDA:31,2,0,0
BRDA:31,2,1,0
BRDA:63,3,0,0
BRDA:63,3,1,0
BRDA:74,4,0,0
BRDA:74,4,1,0
BRDA:45,5,0,0
BRDA:45,5,1,0
BRDA:45,6,0,0
BRDA:45,6,1,0
BRDA:14,7,0,0
BRDA:14,7,1,0
BRDA:14,8,0,0
BRDA:14,8,1,0
BRF:18
BRH:0
end_of_record
TN:
SF:src\modules\personal-actions\personal-actions.module.ts
FNF:0
FNH:0
DA:1,0
DA:2,0
DA:3,0
DA:4,0
DA:5,0
DA:6,0
DA:7,0
DA:14,0
LF:8
LH:0
BRF:0
BRH:0
end_of_record
TN:
SF:src\modules\personal-actions\personal-actions.service.ts
FN:17,(anonymous_4)
FN:25,(anonymous_5)
FN:44,(anonymous_6)
FN:55,(anonymous_7)
FN:83,(anonymous_8)
FN:108,(anonymous_9)
FN:119,(anonymous_10)
FN:123,(anonymous_11)
FN:145,(anonymous_12)
FN:149,(anonymous_13)
FN:152,(anonymous_14)
FNF:11
FNH:0
FNDA:0,(anonymous_4)
FNDA:0,(anonymous_5)
FNDA:0,(anonymous_6)
FNDA:0,(anonymous_7)
FNDA:0,(anonymous_8)
FNDA:0,(anonymous_9)
FNDA:0,(anonymous_10)
FNDA:0,(anonymous_11)
FNDA:0,(anonymous_12)
FNDA:0,(anonymous_13)
FNDA:0,(anonymous_14)
DA:1,0
DA:7,0
DA:8,0
DA:9,0
DA:10,0
DA:12,0
DA:13,0
DA:16,0
DA:19,0
DA:21,0
DA:22,0
DA:26,0
DA:28,0
DA:29,0
DA:30,0
DA:32,0
DA:33,0
DA:34,0
DA:37,0
DA:38,0
DA:41,0
DA:45,0
DA:46,0
DA:48,0
DA:49,0
DA:52,0
DA:56,0
DA:57,0
DA:60,0
DA:73,0
DA:74,0
DA:80,0
DA:84,0
DA:85,0
DA:86,0
DA:89,0
DA:90,0
DA:91,0
DA:92,0
DA:94,0
DA:95,0
DA:105,0
DA:109,0
DA:110,0
DA:111,0
DA:114,0
DA:115,0
DA:116,0
DA:120,0
DA:124,0
DA:125,0
DA:126,0
DA:129,0
DA:130,0
DA:131,0
DA:132,0
DA:133,0
DA:135,0
DA:136,0
DA:142,0
DA:146,0
DA:149,0
DA:153,0
DA:157,0
DA:158,0
LF:65
LH:0
BRDA:28,0,0,0
BRDA:28,0,1,0
BRDA:33,1,0,0
BRDA:33,1,1,0
BRDA:37,2,0,0
BRDA:37,2,1,0
BRDA:46,3,0,0
BRDA:46,3,1,0
BRDA:48,4,0,0
BRDA:48,4,1,0
BRDA:56,5,0,0
BRDA:56,5,1,0
BRDA:65,6,0,0
BRDA:65,6,1,0
BRDA:67,7,0,0
BRDA:67,7,1,0
BRDA:68,8,0,0
BRDA:68,8,1,0
BRDA:69,9,0,0
BRDA:69,9,1,0
BRDA:70,10,0,0
BRDA:70,10,1,0
BRDA:85,11,0,0
BRDA:85,11,1,0
BRDA:90,12,0,0
BRDA:90,12,1,0
BRDA:92,13,0,0
BRDA:92,13,1,0
BRDA:110,14,0,0
BRDA:110,14,1,0
BRDA:115,15,0,0
BRDA:115,15,1,0
BRDA:125,16,0,0
BRDA:125,16,1,0
BRDA:130,17,0,0
BRDA:130,17,1,0
BRDA:131,18,0,0
BRDA:131,18,1,0
BRDA:133,19,0,0
BRDA:133,19,1,0
BRDA:157,20,0,0
BRDA:157,20,1,0
BRDA:19,21,0,0
BRDA:19,21,1,0
BRDA:19,22,0,0
BRDA:19,22,1,0
BRDA:19,23,0,0
BRDA:19,23,1,0
BRDA:19,24,0,0
BRDA:19,24,1,0
BRDA:21,25,0,0
BRDA:21,25,1,0
BRDA:21,26,0,0
BRDA:21,26,1,0
BRF:54
BRH:0
end_of_record
TN:
SF:src\modules\personal-actions\dto\create-personal-action.dto.ts
FNF:0
FNH:0
DA:1,0
DA:3,0
DA:5,0
DA:8,0
DA:12,0
DA:16,0
DA:20,0
DA:24,0
LF:8
LH:0
BRF:0
BRH:0
end_of_record
TN:
SF:src\modules\personal-actions\entities\action-quota.entity.ts
FN:6,(anonymous_2)
FNF:1
FNH:0
FNDA:0,(anonymous_2)
DA:1,0
DA:6,0
DA:7,0
DA:8,0
DA:9,0
DA:10,0
DA:11,0
DA:12,0
DA:13,0
DA:14,0
DA:24,0
DA:26,0
DA:30,0
DA:33,0
DA:36,0
DA:40,0
DA:43,0
DA:46,0
DA:50,0
DA:53,0
DA:56,0
DA:59,0
DA:62,0
LF:23
LH:0
BRDA:6,0,0,0
BRDA:6,0,1,0
BRDA:59,1,0,0
BRDA:59,1,1,0
BRDA:59,2,0,0
BRDA:59,2,1,0
BRDA:62,3,0,0
BRDA:62,3,1,0
BRDA:62,4,0,0
BRDA:62,4,1,0
BRF:10
BRH:0
end_of_record
TN:
SF:src\modules\personal-actions\entities\personal-action.entity.ts
FN:6,(anonymous_2)
FN:12,(anonymous_3)
FNF:2
FNH:0
FNDA:0,(anonymous_2)
FNDA:0,(anonymous_3)
DA:1,0
DA:6,0
DA:7,0
DA:8,0
DA:9,0
DA:12,0
DA:13,0
DA:14,0
DA:15,0
DA:16,0
DA:17,0
DA:18,0
DA:29,0
DA:31,0
DA:35,0
DA:39,0
DA:43,0
DA:46,0
DA:49,0
DA:53,0
DA:56,0
DA:59,0
DA:62,0
DA:65,0
DA:68,0
DA:71,0
DA:74,0
DA:77,0
DA:80,0
LF:29
LH:0
BRDA:6,0,0,0
BRDA:6,0,1,0
BRDA:12,1,0,0
BRDA:12,1,1,0
BRDA:71,2,0,0
BRDA:71,2,1,0
BRDA:71,3,0,0
BRDA:71,3,1,0
BRDA:74,4,0,0
BRDA:74,4,1,0
BRDA:74,5,0,0
BRDA:74,5,1,0
BRF:12
BRH:0
end_of_record
TN:
SF:src\workflows\workflows.module.ts
FNF:0
FNH:0
DA:1,0
DA:2,0
DA:3,0
DA:4,0
DA:5,0
DA:6,0
DA:7,0
DA:8,0
DA:26,0
LF:9
LH:0
BRF:0
BRH:0
end_of_record
TN:
SF:src\workflows\employees\employee-creation.workflow.ts
FN:31,(anonymous_11)
FN:37,(anonymous_12)
FN:207,(anonymous_13)
FNF:3
FNH:3
FNDA:12,(anonymous_11)
FNDA:12,(anonymous_12)
FNDA:1,(anonymous_13)
DA:1,2
DA:2,2
DA:3,2
DA:4,2
DA:5,2
DA:6,2
DA:10,2
DA:11,2
DA:12,2
DA:13,2
DA:14,2
DA:16,2
DA:18,2
DA:19,2
DA:28,2
DA:29,12
DA:32,12
DA:33,12
DA:34,12
DA:41,12
DA:42,12
DA:43,12
DA:45,12
DA:46,12
DA:47,12
DA:48,12
DA:49,12
DA:52,12
DA:53,12
DA:55,12
DA:56,6
DA:57,6
DA:58,1
DA:61,5
DA:62,5
DA:63,4
DA:64,4
DA:67,5
DA:80,5
DA:82,5
DA:83,3
DA:84,3
DA:85,2
DA:93,2
DA:95,1
DA:99,5
DA:100,3
DA:101,3
DA:102,3
DA:110,3
DA:112,0
DA:116,5
DA:125,5
DA:126,5
DA:127,3
DA:128,3
DA:129,2
DA:143,5
DA:144,3
DA:145,3
DA:146,3
DA:162,11
DA:163,11
DA:201,11
DA:202,11
DA:203,11
DA:204,11
DA:206,11
DA:207,1
DA:208,1
DA:224,1
DA:227,11
DA:229,11
DA:240,11
DA:247,11
DA:252,1
DA:253,1
DA:254,1
DA:256,12
LF:79
LH:78
BRDA:53,0,0,12
BRDA:53,0,1,9
BRDA:55,1,0,6
BRDA:55,1,1,6
BRDA:57,2,0,1
BRDA:57,2,1,5
BRDA:62,3,0,4
BRDA:62,3,1,1
BRDA:70,4,0,4
BRDA:70,4,1,1
BRDA:71,5,0,4
BRDA:71,5,1,1
BRDA:76,6,0,5
BRDA:76,6,1,0
BRDA:77,7,0,5
BRDA:77,7,1,0
BRDA:82,8,0,3
BRDA:82,8,1,2
BRDA:84,9,0,2
BRDA:84,9,1,1
BRDA:99,10,0,3
BRDA:99,10,1,2
BRDA:101,11,0,3
BRDA:101,11,1,0
BRDA:125,12,0,5
BRDA:125,12,1,0
BRDA:126,13,0,3
BRDA:126,13,1,2
BRDA:126,14,0,5
BRDA:126,14,1,3
BRDA:128,15,0,2
BRDA:128,15,1,1
BRDA:143,16,0,3
BRDA:143,16,1,2
BRDA:143,17,0,5
BRDA:143,17,1,3
BRDA:145,18,0,3
BRDA:145,18,1,0
BRDA:164,19,0,11
BRDA:164,19,1,6
BRDA:167,20,0,11
BRDA:167,20,1,2
BRDA:169,21,0,11
BRDA:169,21,1,2
BRDA:170,22,0,11
BRDA:170,22,1,2
BRDA:171,23,0,11
BRDA:171,23,1,11
BRDA:172,24,0,11
BRDA:172,24,1,11
BRDA:173,25,0,11
BRDA:173,25,1,11
BRDA:174,26,0,11
BRDA:174,26,1,11
BRDA:175,27,0,11
BRDA:175,27,1,11
BRDA:176,28,0,11
BRDA:176,28,1,11
BRDA:177,29,0,11
BRDA:177,29,1,2
BRDA:179,30,0,11
BRDA:179,30,1,11
BRDA:180,31,0,11
BRDA:180,31,1,11
BRDA:181,32,0,11
BRDA:181,32,1,11
BRDA:183,33,0,11
BRDA:183,33,1,11
BRDA:184,34,0,11
BRDA:184,34,1,11
BRDA:185,35,0,11
BRDA:185,35,1,11
BRDA:187,36,0,11
BRDA:187,36,1,0
BRDA:188,37,0,11
BRDA:188,37,1,11
BRDA:189,38,0,11
BRDA:189,38,1,11
BRDA:190,39,0,11
BRDA:190,39,1,11
BRDA:191,40,0,11
BRDA:191,40,1,11
BRDA:192,41,0,11
BRDA:192,41,1,11
BRDA:194,42,0,11
BRDA:194,42,1,0
BRDA:195,43,0,11
BRDA:195,43,1,0
BRDA:206,44,0,1
BRDA:206,44,1,10
BRDA:212,45,0,1
BRDA:212,45,1,0
BRDA:214,46,0,0
BRDA:214,46,1,1
BRDA:215,47,0,1
BRDA:215,47,1,0
BRDA:216,48,0,1
BRDA:216,48,1,1
BRDA:217,49,0,1
BRDA:217,49,1,0
BRDA:218,50,0,1
BRDA:218,50,1,0
BRDA:236,51,0,5
BRDA:236,51,1,6
BRDA:242,52,0,5
BRDA:242,52,1,6
BRDA:32,53,0,2
BRDA:32,53,1,0
BRDA:32,54,0,2
BRDA:32,54,1,2
BRDA:32,55,0,2
BRDA:32,55,1,0
BRDA:32,56,0,2
BRDA:32,56,1,2
BRDA:33,57,0,2
BRDA:33,57,1,0
BRDA:33,58,0,2
BRDA:33,58,1,2
BRF:118
BRH:102
end_of_record
TN:
SF:src\workflows\employees\employee-moved.workflow.ts
FN:20,(anonymous_1)
FNF:1
FNH:0
FNDA:0,(anonymous_1)
DA:1,0
DA:16,0
DA:17,0
DA:26,0
LF:4
LH:0
BRF:0
BRH:0
end_of_record
TN:
SF:src\workflows\employees\index.ts
FN:1,(anonymous_0)
FNF:1
FNH:0
FNDA:0,(anonymous_0)
DA:1,0
LF:1
LH:0
BRF:0
BRH:0
end_of_record
TN:
SF:src\workflows\identity\identity-sync.workflow.ts
FN:31,(anonymous_4)
FN:38,(anonymous_5)
FNF:2
FNH:2
FNDA:12,(anonymous_4)
FNDA:13,(anonymous_5)
DA:1,1
DA:2,1
DA:3,1
DA:4,1
DA:5,1
DA:6,1
DA:7,1
DA:28,1
DA:29,12
DA:33,12
DA:34,12
DA:38,1
DA:39,13
DA:41,13
DA:42,1
DA:43,1
DA:46,12
DA:48,12
DA:49,11
DA:50,1
DA:51,1
DA:54,10
DA:55,4
DA:56,4
DA:59,6
DA:60,6
DA:61,1
DA:64,1
DA:67,5
DA:68,5
DA:69,5
DA:70,5
DA:72,5
DA:84,5
LF:34
LH:34
BRDA:41,0,0,1
BRDA:41,0,1,12
BRDA:49,1,0,1
BRDA:49,1,1,10
BRDA:54,2,0,4
BRDA:54,2,1,6
BRDA:60,3,0,1
BRDA:60,3,1,5
BRDA:38,4,0,1
BRDA:38,4,1,0
BRDA:38,5,0,1
BRDA:38,5,1,1
BRDA:33,6,0,1
BRDA:33,6,1,0
BRDA:33,7,0,1
BRDA:33,7,1,1
BRDA:33,8,0,1
BRDA:33,8,1,0
BRDA:33,9,0,1
BRDA:33,9,1,1
BRF:20
BRH:17
end_of_record
TN:
SF:src\workflows\identity\index.ts
FN:1,(anonymous_0)
FNF:1
FNH:0
FNDA:0,(anonymous_0)
DA:1,0
LF:1
LH:0
BRF:0
BRH:0
end_of_record
TN:
SF:src\workflows\payroll\payroll-applied.workflow.ts
FN:18,(anonymous_1)
FNF:1
FNH:0
FNDA:0,(anonymous_1)
DA:1,0
DA:14,0
DA:15,0
DA:19,0
LF:4
LH:0
BRF:0
BRH:0
end_of_record
